ARM GAS  C:\Users\Patrick\AppData\Local\Temp\ccYw6TD5.s 			page 1


   1              		.cpu cortex-m3
   2              		.eabi_attribute 20, 1
   3              		.eabi_attribute 21, 1
   4              		.eabi_attribute 23, 3
   5              		.eabi_attribute 24, 1
   6              		.eabi_attribute 25, 1
   7              		.eabi_attribute 26, 1
   8              		.eabi_attribute 30, 1
   9              		.eabi_attribute 34, 1
  10              		.eabi_attribute 18, 4
  11              		.file	"crc.c"
  12              		.text
  13              	.Ltext0:
  14              		.cfi_sections	.debug_frame
  15              		.section	.text.MX_CRC_Init,"ax",%progbits
  16              		.align	1
  17              		.global	MX_CRC_Init
  18              		.syntax unified
  19              		.thumb
  20              		.thumb_func
  21              		.fpu softvfp
  23              	MX_CRC_Init:
  24              	.LFB66:
  25              		.file 1 "Src/crc.c"
   1:Src/crc.c     **** /**
   2:Src/crc.c     ****   ******************************************************************************
   3:Src/crc.c     ****   * File Name          : CRC.c
   4:Src/crc.c     ****   * Description        : This file provides code for the configuration
   5:Src/crc.c     ****   *                      of the CRC instances.
   6:Src/crc.c     ****   ******************************************************************************
   7:Src/crc.c     ****   * @attention
   8:Src/crc.c     ****   *
   9:Src/crc.c     ****   * <h2><center>&copy; Copyright (c) 2020 STMicroelectronics.
  10:Src/crc.c     ****   * All rights reserved.</center></h2>
  11:Src/crc.c     ****   *
  12:Src/crc.c     ****   * This software component is licensed by ST under Ultimate Liberty license
  13:Src/crc.c     ****   * SLA0044, the "License"; You may not use this file except in compliance with
  14:Src/crc.c     ****   * the License. You may obtain a copy of the License at:
  15:Src/crc.c     ****   *                             www.st.com/SLA0044
  16:Src/crc.c     ****   *
  17:Src/crc.c     ****   ******************************************************************************
  18:Src/crc.c     ****   */
  19:Src/crc.c     **** 
  20:Src/crc.c     **** /* Includes ------------------------------------------------------------------*/
  21:Src/crc.c     **** #include "crc.h"
  22:Src/crc.c     **** 
  23:Src/crc.c     **** /* USER CODE BEGIN 0 */
  24:Src/crc.c     **** 
  25:Src/crc.c     **** /* USER CODE END 0 */
  26:Src/crc.c     **** 
  27:Src/crc.c     **** CRC_HandleTypeDef hcrc;
  28:Src/crc.c     **** 
  29:Src/crc.c     **** /* CRC init function */
  30:Src/crc.c     **** void MX_CRC_Init(void)
  31:Src/crc.c     **** {
  26              		.loc 1 31 0
  27              		.cfi_startproc
ARM GAS  C:\Users\Patrick\AppData\Local\Temp\ccYw6TD5.s 			page 2


  28              		@ args = 0, pretend = 0, frame = 0
  29              		@ frame_needed = 0, uses_anonymous_args = 0
  30 0000 08B5     		push	{r3, lr}
  31              	.LCFI0:
  32              		.cfi_def_cfa_offset 8
  33              		.cfi_offset 3, -8
  34              		.cfi_offset 14, -4
  32:Src/crc.c     **** 
  33:Src/crc.c     ****   hcrc.Instance = CRC;
  35              		.loc 1 33 0
  36 0002 0548     		ldr	r0, .L5
  37 0004 054B     		ldr	r3, .L5+4
  38 0006 0360     		str	r3, [r0]
  34:Src/crc.c     ****   if (HAL_CRC_Init(&hcrc) != HAL_OK)
  39              		.loc 1 34 0
  40 0008 FFF7FEFF 		bl	HAL_CRC_Init
  41              	.LVL0:
  42 000c 00B9     		cbnz	r0, .L4
  43              	.L1:
  35:Src/crc.c     ****   {
  36:Src/crc.c     ****     Error_Handler();
  37:Src/crc.c     ****   }
  38:Src/crc.c     **** 
  39:Src/crc.c     **** }
  44              		.loc 1 39 0
  45 000e 08BD     		pop	{r3, pc}
  46              	.L4:
  36:Src/crc.c     ****   }
  47              		.loc 1 36 0
  48 0010 FFF7FEFF 		bl	Error_Handler
  49              	.LVL1:
  50              		.loc 1 39 0
  51 0014 FBE7     		b	.L1
  52              	.L6:
  53 0016 00BF     		.align	2
  54              	.L5:
  55 0018 00000000 		.word	hcrc
  56 001c 00300240 		.word	1073885184
  57              		.cfi_endproc
  58              	.LFE66:
  60              		.section	.text.HAL_CRC_MspInit,"ax",%progbits
  61              		.align	1
  62              		.global	HAL_CRC_MspInit
  63              		.syntax unified
  64              		.thumb
  65              		.thumb_func
  66              		.fpu softvfp
  68              	HAL_CRC_MspInit:
  69              	.LFB67:
  40:Src/crc.c     **** 
  41:Src/crc.c     **** void HAL_CRC_MspInit(CRC_HandleTypeDef* crcHandle)
  42:Src/crc.c     **** {
  70              		.loc 1 42 0
  71              		.cfi_startproc
  72              		@ args = 0, pretend = 0, frame = 8
  73              		@ frame_needed = 0, uses_anonymous_args = 0
  74              		@ link register save eliminated.
ARM GAS  C:\Users\Patrick\AppData\Local\Temp\ccYw6TD5.s 			page 3


  75              	.LVL2:
  43:Src/crc.c     **** 
  44:Src/crc.c     ****   if(crcHandle->Instance==CRC)
  76              		.loc 1 44 0
  77 0000 0268     		ldr	r2, [r0]
  78 0002 094B     		ldr	r3, .L14
  79 0004 9A42     		cmp	r2, r3
  80 0006 00D0     		beq	.L13
  81 0008 7047     		bx	lr
  82              	.L13:
  42:Src/crc.c     **** 
  83              		.loc 1 42 0
  84 000a 82B0     		sub	sp, sp, #8
  85              	.LCFI1:
  86              		.cfi_def_cfa_offset 8
  87              	.LBB2:
  45:Src/crc.c     ****   {
  46:Src/crc.c     ****   /* USER CODE BEGIN CRC_MspInit 0 */
  47:Src/crc.c     **** 
  48:Src/crc.c     ****   /* USER CODE END CRC_MspInit 0 */
  49:Src/crc.c     ****     /* CRC clock enable */
  50:Src/crc.c     ****     __HAL_RCC_CRC_CLK_ENABLE();
  88              		.loc 1 50 0
  89 000c A3F50053 		sub	r3, r3, #8192
  90 0010 5A69     		ldr	r2, [r3, #20]
  91 0012 42F04002 		orr	r2, r2, #64
  92 0016 5A61     		str	r2, [r3, #20]
  93 0018 5B69     		ldr	r3, [r3, #20]
  94 001a 03F04003 		and	r3, r3, #64
  95 001e 0193     		str	r3, [sp, #4]
  96 0020 019B     		ldr	r3, [sp, #4]
  97              	.LBE2:
  51:Src/crc.c     ****   /* USER CODE BEGIN CRC_MspInit 1 */
  52:Src/crc.c     **** 
  53:Src/crc.c     ****   /* USER CODE END CRC_MspInit 1 */
  54:Src/crc.c     ****   }
  55:Src/crc.c     **** }
  98              		.loc 1 55 0
  99 0022 02B0     		add	sp, sp, #8
 100              	.LCFI2:
 101              		.cfi_def_cfa_offset 0
 102              		@ sp needed
 103 0024 7047     		bx	lr
 104              	.L15:
 105 0026 00BF     		.align	2
 106              	.L14:
 107 0028 00300240 		.word	1073885184
 108              		.cfi_endproc
 109              	.LFE67:
 111              		.section	.text.HAL_CRC_MspDeInit,"ax",%progbits
 112              		.align	1
 113              		.global	HAL_CRC_MspDeInit
 114              		.syntax unified
 115              		.thumb
 116              		.thumb_func
 117              		.fpu softvfp
 119              	HAL_CRC_MspDeInit:
ARM GAS  C:\Users\Patrick\AppData\Local\Temp\ccYw6TD5.s 			page 4


 120              	.LFB68:
  56:Src/crc.c     **** 
  57:Src/crc.c     **** void HAL_CRC_MspDeInit(CRC_HandleTypeDef* crcHandle)
  58:Src/crc.c     **** {
 121              		.loc 1 58 0
 122              		.cfi_startproc
 123              		@ args = 0, pretend = 0, frame = 0
 124              		@ frame_needed = 0, uses_anonymous_args = 0
 125              		@ link register save eliminated.
 126              	.LVL3:
  59:Src/crc.c     **** 
  60:Src/crc.c     ****   if(crcHandle->Instance==CRC)
 127              		.loc 1 60 0
 128 0000 0268     		ldr	r2, [r0]
 129 0002 054B     		ldr	r3, .L19
 130 0004 9A42     		cmp	r2, r3
 131 0006 00D0     		beq	.L18
 132              	.L16:
  61:Src/crc.c     ****   {
  62:Src/crc.c     ****   /* USER CODE BEGIN CRC_MspDeInit 0 */
  63:Src/crc.c     **** 
  64:Src/crc.c     ****   /* USER CODE END CRC_MspDeInit 0 */
  65:Src/crc.c     ****     /* Peripheral clock disable */
  66:Src/crc.c     ****     __HAL_RCC_CRC_CLK_DISABLE();
  67:Src/crc.c     ****   /* USER CODE BEGIN CRC_MspDeInit 1 */
  68:Src/crc.c     **** 
  69:Src/crc.c     ****   /* USER CODE END CRC_MspDeInit 1 */
  70:Src/crc.c     ****   }
  71:Src/crc.c     **** } 
 133              		.loc 1 71 0
 134 0008 7047     		bx	lr
 135              	.L18:
  66:Src/crc.c     ****   /* USER CODE BEGIN CRC_MspDeInit 1 */
 136              		.loc 1 66 0
 137 000a 044A     		ldr	r2, .L19+4
 138 000c 5369     		ldr	r3, [r2, #20]
 139 000e 23F04003 		bic	r3, r3, #64
 140 0012 5361     		str	r3, [r2, #20]
 141              		.loc 1 71 0
 142 0014 F8E7     		b	.L16
 143              	.L20:
 144 0016 00BF     		.align	2
 145              	.L19:
 146 0018 00300240 		.word	1073885184
 147 001c 00100240 		.word	1073876992
 148              		.cfi_endproc
 149              	.LFE68:
 151              		.comm	hcrc,8,4
 152              		.text
 153              	.Letext0:
 154              		.file 2 "c:\\program files (x86)\\embedded toolchain\\gnu tools arm embedded\\7 2017-q4-major\\arm
 155              		.file 3 "c:\\program files (x86)\\embedded toolchain\\gnu tools arm embedded\\7 2017-q4-major\\arm
 156              		.file 4 "Drivers/CMSIS/Include/core_cm3.h"
 157              		.file 5 "Drivers/CMSIS/Device/ST/STM32F1xx/Include/system_stm32f1xx.h"
 158              		.file 6 "Drivers/CMSIS/Device/ST/STM32F1xx/Include/stm32f103xb.h"
 159              		.file 7 "c:\\program files (x86)\\embedded toolchain\\gnu tools arm embedded\\7 2017-q4-major\\arm
 160              		.file 8 "c:\\program files (x86)\\embedded toolchain\\gnu tools arm embedded\\7 2017-q4-major\\arm
ARM GAS  C:\Users\Patrick\AppData\Local\Temp\ccYw6TD5.s 			page 5


 161              		.file 9 "c:\\program files (x86)\\embedded toolchain\\gnu tools arm embedded\\7 2017-q4-major\\lib
 162              		.file 10 "c:\\program files (x86)\\embedded toolchain\\gnu tools arm embedded\\7 2017-q4-major\\ar
 163              		.file 11 "Drivers/STM32F1xx_HAL_Driver/Inc/stm32f1xx_hal_def.h"
 164              		.file 12 "Drivers/STM32F1xx_HAL_Driver/Inc/stm32f1xx_hal_crc.h"
 165              		.file 13 "Drivers/STM32F1xx_HAL_Driver/Inc/stm32f1xx_hal.h"
 166              		.file 14 "Inc/crc.h"
 167              		.file 15 "Inc/main.h"
ARM GAS  C:\Users\Patrick\AppData\Local\Temp\ccYw6TD5.s 			page 6


DEFINED SYMBOLS
                            *ABS*:00000000 crc.c
C:\Users\Patrick\AppData\Local\Temp\ccYw6TD5.s:16     .text.MX_CRC_Init:00000000 $t
C:\Users\Patrick\AppData\Local\Temp\ccYw6TD5.s:23     .text.MX_CRC_Init:00000000 MX_CRC_Init
C:\Users\Patrick\AppData\Local\Temp\ccYw6TD5.s:55     .text.MX_CRC_Init:00000018 $d
                            *COM*:00000008 hcrc
C:\Users\Patrick\AppData\Local\Temp\ccYw6TD5.s:61     .text.HAL_CRC_MspInit:00000000 $t
C:\Users\Patrick\AppData\Local\Temp\ccYw6TD5.s:68     .text.HAL_CRC_MspInit:00000000 HAL_CRC_MspInit
C:\Users\Patrick\AppData\Local\Temp\ccYw6TD5.s:107    .text.HAL_CRC_MspInit:00000028 $d
C:\Users\Patrick\AppData\Local\Temp\ccYw6TD5.s:112    .text.HAL_CRC_MspDeInit:00000000 $t
C:\Users\Patrick\AppData\Local\Temp\ccYw6TD5.s:119    .text.HAL_CRC_MspDeInit:00000000 HAL_CRC_MspDeInit
C:\Users\Patrick\AppData\Local\Temp\ccYw6TD5.s:146    .text.HAL_CRC_MspDeInit:00000018 $d

UNDEFINED SYMBOLS
HAL_CRC_Init
Error_Handler
