ARM GAS  C:\Users\Patrick\AppData\Local\Temp\ccDbzHrj.s 			page 1


   1              		.cpu cortex-m3
   2              		.eabi_attribute 20, 1
   3              		.eabi_attribute 21, 1
   4              		.eabi_attribute 23, 3
   5              		.eabi_attribute 24, 1
   6              		.eabi_attribute 25, 1
   7              		.eabi_attribute 26, 1
   8              		.eabi_attribute 30, 1
   9              		.eabi_attribute 34, 1
  10              		.eabi_attribute 18, 4
  11              		.file	"gpio.c"
  12              		.text
  13              	.Ltext0:
  14              		.cfi_sections	.debug_frame
  15              		.section	.text.MX_GPIO_Init,"ax",%progbits
  16              		.align	1
  17              		.global	MX_GPIO_Init
  18              		.syntax unified
  19              		.thumb
  20              		.thumb_func
  21              		.fpu softvfp
  23              	MX_GPIO_Init:
  24              	.LFB66:
  25              		.file 1 "Src/gpio.c"
   1:Src/gpio.c    **** /**
   2:Src/gpio.c    ****   ******************************************************************************
   3:Src/gpio.c    ****   * File Name          : gpio.c
   4:Src/gpio.c    ****   * Description        : This file provides code for the configuration
   5:Src/gpio.c    ****   *                      of all used GPIO pins.
   6:Src/gpio.c    ****   ******************************************************************************
   7:Src/gpio.c    ****   * @attention
   8:Src/gpio.c    ****   *
   9:Src/gpio.c    ****   * <h2><center>&copy; Copyright (c) 2020 STMicroelectronics.
  10:Src/gpio.c    ****   * All rights reserved.</center></h2>
  11:Src/gpio.c    ****   *
  12:Src/gpio.c    ****   * This software component is licensed by ST under Ultimate Liberty license
  13:Src/gpio.c    ****   * SLA0044, the "License"; You may not use this file except in compliance with
  14:Src/gpio.c    ****   * the License. You may obtain a copy of the License at:
  15:Src/gpio.c    ****   *                             www.st.com/SLA0044
  16:Src/gpio.c    ****   *
  17:Src/gpio.c    ****   ******************************************************************************
  18:Src/gpio.c    ****   */
  19:Src/gpio.c    **** 
  20:Src/gpio.c    **** /* Includes ------------------------------------------------------------------*/
  21:Src/gpio.c    **** #include "gpio.h"
  22:Src/gpio.c    **** /* USER CODE BEGIN 0 */
  23:Src/gpio.c    **** 
  24:Src/gpio.c    **** /* USER CODE END 0 */
  25:Src/gpio.c    **** 
  26:Src/gpio.c    **** /*----------------------------------------------------------------------------*/
  27:Src/gpio.c    **** /* Configure GPIO                                                             */
  28:Src/gpio.c    **** /*----------------------------------------------------------------------------*/
  29:Src/gpio.c    **** /* USER CODE BEGIN 1 */
  30:Src/gpio.c    **** 
  31:Src/gpio.c    **** /* USER CODE END 1 */
  32:Src/gpio.c    **** 
  33:Src/gpio.c    **** /** Configure pins as 
ARM GAS  C:\Users\Patrick\AppData\Local\Temp\ccDbzHrj.s 			page 2


  34:Src/gpio.c    ****         * Analog 
  35:Src/gpio.c    ****         * Input 
  36:Src/gpio.c    ****         * Output
  37:Src/gpio.c    ****         * EVENT_OUT
  38:Src/gpio.c    ****         * EXTI
  39:Src/gpio.c    ****         * Free pins are configured automatically as Analog (this feature is enabled through 
  40:Src/gpio.c    ****         * the Code Generation settings)
  41:Src/gpio.c    **** */
  42:Src/gpio.c    **** void MX_GPIO_Init(void)
  43:Src/gpio.c    **** {
  26              		.loc 1 43 0
  27              		.cfi_startproc
  28              		@ args = 0, pretend = 0, frame = 32
  29              		@ frame_needed = 0, uses_anonymous_args = 0
  30 0000 70B5     		push	{r4, r5, r6, lr}
  31              	.LCFI0:
  32              		.cfi_def_cfa_offset 16
  33              		.cfi_offset 4, -16
  34              		.cfi_offset 5, -12
  35              		.cfi_offset 6, -8
  36              		.cfi_offset 14, -4
  37 0002 88B0     		sub	sp, sp, #32
  38              	.LCFI1:
  39              		.cfi_def_cfa_offset 48
  44:Src/gpio.c    **** 
  45:Src/gpio.c    ****   GPIO_InitTypeDef GPIO_InitStruct = {0};
  40              		.loc 1 45 0
  41 0004 0024     		movs	r4, #0
  42 0006 0494     		str	r4, [sp, #16]
  43 0008 0594     		str	r4, [sp, #20]
  44 000a 0694     		str	r4, [sp, #24]
  45 000c 0794     		str	r4, [sp, #28]
  46              	.LBB2:
  46:Src/gpio.c    **** 
  47:Src/gpio.c    ****   /* GPIO Ports Clock Enable */
  48:Src/gpio.c    ****   __HAL_RCC_GPIOC_CLK_ENABLE();
  47              		.loc 1 48 0
  48 000e 2E4B     		ldr	r3, .L3
  49 0010 9A69     		ldr	r2, [r3, #24]
  50 0012 42F01002 		orr	r2, r2, #16
  51 0016 9A61     		str	r2, [r3, #24]
  52 0018 9A69     		ldr	r2, [r3, #24]
  53 001a 02F01002 		and	r2, r2, #16
  54 001e 0092     		str	r2, [sp]
  55 0020 009A     		ldr	r2, [sp]
  56              	.LBE2:
  57              	.LBB3:
  49:Src/gpio.c    ****   __HAL_RCC_GPIOD_CLK_ENABLE();
  58              		.loc 1 49 0
  59 0022 9A69     		ldr	r2, [r3, #24]
  60 0024 42F02002 		orr	r2, r2, #32
  61 0028 9A61     		str	r2, [r3, #24]
  62 002a 9A69     		ldr	r2, [r3, #24]
  63 002c 02F02002 		and	r2, r2, #32
  64 0030 0192     		str	r2, [sp, #4]
  65 0032 019A     		ldr	r2, [sp, #4]
  66              	.LBE3:
ARM GAS  C:\Users\Patrick\AppData\Local\Temp\ccDbzHrj.s 			page 3


  67              	.LBB4:
  50:Src/gpio.c    ****   __HAL_RCC_GPIOA_CLK_ENABLE();
  68              		.loc 1 50 0
  69 0034 9A69     		ldr	r2, [r3, #24]
  70 0036 42F00402 		orr	r2, r2, #4
  71 003a 9A61     		str	r2, [r3, #24]
  72 003c 9A69     		ldr	r2, [r3, #24]
  73 003e 02F00402 		and	r2, r2, #4
  74 0042 0292     		str	r2, [sp, #8]
  75 0044 029A     		ldr	r2, [sp, #8]
  76              	.LBE4:
  77              	.LBB5:
  51:Src/gpio.c    ****   __HAL_RCC_GPIOB_CLK_ENABLE();
  78              		.loc 1 51 0
  79 0046 9A69     		ldr	r2, [r3, #24]
  80 0048 42F00802 		orr	r2, r2, #8
  81 004c 9A61     		str	r2, [r3, #24]
  82 004e 9B69     		ldr	r3, [r3, #24]
  83 0050 03F00803 		and	r3, r3, #8
  84 0054 0393     		str	r3, [sp, #12]
  85 0056 039B     		ldr	r3, [sp, #12]
  86              	.LBE5:
  52:Src/gpio.c    **** 
  53:Src/gpio.c    ****   /*Configure GPIO pin Output Level */
  54:Src/gpio.c    ****   HAL_GPIO_WritePin(NLED_GPIO_Port, NLED_Pin, GPIO_PIN_RESET);
  87              		.loc 1 54 0
  88 0058 1C4E     		ldr	r6, .L3+4
  89 005a 2246     		mov	r2, r4
  90 005c 4FF40051 		mov	r1, #8192
  91 0060 3046     		mov	r0, r6
  92 0062 FFF7FEFF 		bl	HAL_GPIO_WritePin
  93              	.LVL0:
  55:Src/gpio.c    **** 
  56:Src/gpio.c    ****   /*Configure GPIO pin : PtPin */
  57:Src/gpio.c    ****   GPIO_InitStruct.Pin = NLED_Pin;
  94              		.loc 1 57 0
  95 0066 4FF40053 		mov	r3, #8192
  96 006a 0493     		str	r3, [sp, #16]
  58:Src/gpio.c    ****   GPIO_InitStruct.Mode = GPIO_MODE_OUTPUT_PP;
  97              		.loc 1 58 0
  98 006c 0123     		movs	r3, #1
  99 006e 0593     		str	r3, [sp, #20]
  59:Src/gpio.c    ****   GPIO_InitStruct.Pull = GPIO_NOPULL;
 100              		.loc 1 59 0
 101 0070 0694     		str	r4, [sp, #24]
  60:Src/gpio.c    ****   GPIO_InitStruct.Speed = GPIO_SPEED_FREQ_LOW;
 102              		.loc 1 60 0
 103 0072 0223     		movs	r3, #2
 104 0074 0793     		str	r3, [sp, #28]
  61:Src/gpio.c    ****   HAL_GPIO_Init(NLED_GPIO_Port, &GPIO_InitStruct);
 105              		.loc 1 61 0
 106 0076 04A9     		add	r1, sp, #16
 107 0078 3046     		mov	r0, r6
 108 007a FFF7FEFF 		bl	HAL_GPIO_Init
 109              	.LVL1:
  62:Src/gpio.c    **** 
  63:Src/gpio.c    ****   /*Configure GPIO pins : PC14 PC15 */
ARM GAS  C:\Users\Patrick\AppData\Local\Temp\ccDbzHrj.s 			page 4


  64:Src/gpio.c    ****   GPIO_InitStruct.Pin = GPIO_PIN_14|GPIO_PIN_15;
 110              		.loc 1 64 0
 111 007e 4FF44043 		mov	r3, #49152
 112 0082 0493     		str	r3, [sp, #16]
  65:Src/gpio.c    ****   GPIO_InitStruct.Mode = GPIO_MODE_ANALOG;
 113              		.loc 1 65 0
 114 0084 0325     		movs	r5, #3
 115 0086 0595     		str	r5, [sp, #20]
  66:Src/gpio.c    ****   HAL_GPIO_Init(GPIOC, &GPIO_InitStruct);
 116              		.loc 1 66 0
 117 0088 04A9     		add	r1, sp, #16
 118 008a 3046     		mov	r0, r6
 119 008c FFF7FEFF 		bl	HAL_GPIO_Init
 120              	.LVL2:
  67:Src/gpio.c    **** 
  68:Src/gpio.c    ****   /*Configure GPIO pins : PA0 PA1 PA2 PA3 
  69:Src/gpio.c    ****                            PA4 PA5 PA6 PA7 
  70:Src/gpio.c    ****                            PA8 PA15 */
  71:Src/gpio.c    ****   GPIO_InitStruct.Pin = GPIO_PIN_0|GPIO_PIN_1|GPIO_PIN_2|GPIO_PIN_3 
 121              		.loc 1 71 0
 122 0090 48F2FF13 		movw	r3, #33279
 123 0094 0493     		str	r3, [sp, #16]
  72:Src/gpio.c    ****                           |GPIO_PIN_4|GPIO_PIN_5|GPIO_PIN_6|GPIO_PIN_7 
  73:Src/gpio.c    ****                           |GPIO_PIN_8|GPIO_PIN_15;
  74:Src/gpio.c    ****   GPIO_InitStruct.Mode = GPIO_MODE_ANALOG;
 124              		.loc 1 74 0
 125 0096 0595     		str	r5, [sp, #20]
  75:Src/gpio.c    ****   HAL_GPIO_Init(GPIOA, &GPIO_InitStruct);
 126              		.loc 1 75 0
 127 0098 04A9     		add	r1, sp, #16
 128 009a 0D48     		ldr	r0, .L3+8
 129 009c FFF7FEFF 		bl	HAL_GPIO_Init
 130              	.LVL3:
  76:Src/gpio.c    **** 
  77:Src/gpio.c    ****   /*Configure GPIO pins : PB0 PB1 PB10 PB11 
  78:Src/gpio.c    ****                            PB12 PB13 PB14 PB15 
  79:Src/gpio.c    ****                            PB3 PB4 PB5 PB8 
  80:Src/gpio.c    ****                            PB9 */
  81:Src/gpio.c    ****   GPIO_InitStruct.Pin = GPIO_PIN_0|GPIO_PIN_1|GPIO_PIN_10|GPIO_PIN_11 
 131              		.loc 1 81 0
 132 00a0 4FF63B73 		movw	r3, #65339
 133 00a4 0493     		str	r3, [sp, #16]
  82:Src/gpio.c    ****                           |GPIO_PIN_12|GPIO_PIN_13|GPIO_PIN_14|GPIO_PIN_15 
  83:Src/gpio.c    ****                           |GPIO_PIN_3|GPIO_PIN_4|GPIO_PIN_5|GPIO_PIN_8 
  84:Src/gpio.c    ****                           |GPIO_PIN_9;
  85:Src/gpio.c    ****   GPIO_InitStruct.Mode = GPIO_MODE_ANALOG;
 134              		.loc 1 85 0
 135 00a6 0595     		str	r5, [sp, #20]
  86:Src/gpio.c    ****   HAL_GPIO_Init(GPIOB, &GPIO_InitStruct);
 136              		.loc 1 86 0
 137 00a8 0A4D     		ldr	r5, .L3+12
 138 00aa 04A9     		add	r1, sp, #16
 139 00ac 2846     		mov	r0, r5
 140 00ae FFF7FEFF 		bl	HAL_GPIO_Init
 141              	.LVL4:
  87:Src/gpio.c    **** 
  88:Src/gpio.c    ****   /*Configure GPIO pin : PtPin */
ARM GAS  C:\Users\Patrick\AppData\Local\Temp\ccDbzHrj.s 			page 5


  89:Src/gpio.c    ****   GPIO_InitStruct.Pin = BOOT1_Pin;
 142              		.loc 1 89 0
 143 00b2 0423     		movs	r3, #4
 144 00b4 0493     		str	r3, [sp, #16]
  90:Src/gpio.c    ****   GPIO_InitStruct.Mode = GPIO_MODE_INPUT;
 145              		.loc 1 90 0
 146 00b6 0594     		str	r4, [sp, #20]
  91:Src/gpio.c    ****   GPIO_InitStruct.Pull = GPIO_NOPULL;
 147              		.loc 1 91 0
 148 00b8 0694     		str	r4, [sp, #24]
  92:Src/gpio.c    ****   HAL_GPIO_Init(BOOT1_GPIO_Port, &GPIO_InitStruct);
 149              		.loc 1 92 0
 150 00ba 04A9     		add	r1, sp, #16
 151 00bc 2846     		mov	r0, r5
 152 00be FFF7FEFF 		bl	HAL_GPIO_Init
 153              	.LVL5:
  93:Src/gpio.c    **** 
  94:Src/gpio.c    **** }
 154              		.loc 1 94 0
 155 00c2 08B0     		add	sp, sp, #32
 156              	.LCFI2:
 157              		.cfi_def_cfa_offset 16
 158              		@ sp needed
 159 00c4 70BD     		pop	{r4, r5, r6, pc}
 160              	.L4:
 161 00c6 00BF     		.align	2
 162              	.L3:
 163 00c8 00100240 		.word	1073876992
 164 00cc 00100140 		.word	1073811456
 165 00d0 00080140 		.word	1073809408
 166 00d4 000C0140 		.word	1073810432
 167              		.cfi_endproc
 168              	.LFE66:
 170              		.text
 171              	.Letext0:
 172              		.file 2 "c:\\program files (x86)\\embedded toolchain\\gnu tools arm embedded\\7 2017-q4-major\\arm
 173              		.file 3 "c:\\program files (x86)\\embedded toolchain\\gnu tools arm embedded\\7 2017-q4-major\\arm
 174              		.file 4 "Drivers/CMSIS/Include/core_cm3.h"
 175              		.file 5 "Drivers/CMSIS/Device/ST/STM32F1xx/Include/system_stm32f1xx.h"
 176              		.file 6 "Drivers/CMSIS/Device/ST/STM32F1xx/Include/stm32f103xb.h"
 177              		.file 7 "c:\\program files (x86)\\embedded toolchain\\gnu tools arm embedded\\7 2017-q4-major\\arm
 178              		.file 8 "c:\\program files (x86)\\embedded toolchain\\gnu tools arm embedded\\7 2017-q4-major\\arm
 179              		.file 9 "c:\\program files (x86)\\embedded toolchain\\gnu tools arm embedded\\7 2017-q4-major\\lib
 180              		.file 10 "c:\\program files (x86)\\embedded toolchain\\gnu tools arm embedded\\7 2017-q4-major\\ar
 181              		.file 11 "Drivers/STM32F1xx_HAL_Driver/Inc/stm32f1xx_hal_gpio.h"
 182              		.file 12 "Drivers/STM32F1xx_HAL_Driver/Inc/stm32f1xx_hal.h"
ARM GAS  C:\Users\Patrick\AppData\Local\Temp\ccDbzHrj.s 			page 6


DEFINED SYMBOLS
                            *ABS*:00000000 gpio.c
C:\Users\Patrick\AppData\Local\Temp\ccDbzHrj.s:16     .text.MX_GPIO_Init:00000000 $t
C:\Users\Patrick\AppData\Local\Temp\ccDbzHrj.s:23     .text.MX_GPIO_Init:00000000 MX_GPIO_Init
C:\Users\Patrick\AppData\Local\Temp\ccDbzHrj.s:163    .text.MX_GPIO_Init:000000c8 $d

UNDEFINED SYMBOLS
HAL_GPIO_WritePin
HAL_GPIO_Init
