ARM GAS  C:\Users\Patrick\AppData\Local\Temp\ccuJMtdf.s 			page 1


   1              		.cpu cortex-m3
   2              		.eabi_attribute 20, 1
   3              		.eabi_attribute 21, 1
   4              		.eabi_attribute 23, 3
   5              		.eabi_attribute 24, 1
   6              		.eabi_attribute 25, 1
   7              		.eabi_attribute 26, 1
   8              		.eabi_attribute 30, 1
   9              		.eabi_attribute 34, 1
  10              		.eabi_attribute 18, 4
  11              		.file	"stm32f1xx_hal_crc.c"
  12              		.text
  13              	.Ltext0:
  14              		.cfi_sections	.debug_frame
  15              		.section	.text.HAL_CRC_MspInit,"ax",%progbits
  16              		.align	1
  17              		.weak	HAL_CRC_MspInit
  18              		.syntax unified
  19              		.thumb
  20              		.thumb_func
  21              		.fpu softvfp
  23              	HAL_CRC_MspInit:
  24              	.LFB68:
  25              		.file 1 "Drivers/STM32F1xx_HAL_Driver/Src/stm32f1xx_hal_crc.c"
   1:Drivers/STM32F1xx_HAL_Driver/Src/stm32f1xx_hal_crc.c **** /**
   2:Drivers/STM32F1xx_HAL_Driver/Src/stm32f1xx_hal_crc.c ****   ******************************************************************************
   3:Drivers/STM32F1xx_HAL_Driver/Src/stm32f1xx_hal_crc.c ****   * @file    stm32f1xx_hal_crc.c
   4:Drivers/STM32F1xx_HAL_Driver/Src/stm32f1xx_hal_crc.c ****   * @author  MCD Application Team
   5:Drivers/STM32F1xx_HAL_Driver/Src/stm32f1xx_hal_crc.c ****   * @brief   CRC HAL module driver.
   6:Drivers/STM32F1xx_HAL_Driver/Src/stm32f1xx_hal_crc.c ****   *          This file provides firmware functions to manage the following 
   7:Drivers/STM32F1xx_HAL_Driver/Src/stm32f1xx_hal_crc.c ****   *          functionalities of the Cyclic Redundancy Check (CRC) peripheral:
   8:Drivers/STM32F1xx_HAL_Driver/Src/stm32f1xx_hal_crc.c ****   *           + Initialization and de-initialization functions
   9:Drivers/STM32F1xx_HAL_Driver/Src/stm32f1xx_hal_crc.c ****   *           + Peripheral Control functions 
  10:Drivers/STM32F1xx_HAL_Driver/Src/stm32f1xx_hal_crc.c ****   *           + Peripheral State functions
  11:Drivers/STM32F1xx_HAL_Driver/Src/stm32f1xx_hal_crc.c ****   *
  12:Drivers/STM32F1xx_HAL_Driver/Src/stm32f1xx_hal_crc.c ****   @verbatim
  13:Drivers/STM32F1xx_HAL_Driver/Src/stm32f1xx_hal_crc.c ****   ==============================================================================
  14:Drivers/STM32F1xx_HAL_Driver/Src/stm32f1xx_hal_crc.c ****                      ##### How to use this driver #####
  15:Drivers/STM32F1xx_HAL_Driver/Src/stm32f1xx_hal_crc.c ****   ==============================================================================
  16:Drivers/STM32F1xx_HAL_Driver/Src/stm32f1xx_hal_crc.c ****     [..]
  17:Drivers/STM32F1xx_HAL_Driver/Src/stm32f1xx_hal_crc.c ****       The CRC HAL driver can be used as follows:
  18:Drivers/STM32F1xx_HAL_Driver/Src/stm32f1xx_hal_crc.c **** 
  19:Drivers/STM32F1xx_HAL_Driver/Src/stm32f1xx_hal_crc.c ****       (#) Enable CRC AHB clock using __HAL_RCC_CRC_CLK_ENABLE();
  20:Drivers/STM32F1xx_HAL_Driver/Src/stm32f1xx_hal_crc.c **** 
  21:Drivers/STM32F1xx_HAL_Driver/Src/stm32f1xx_hal_crc.c ****       (#) Use HAL_CRC_Accumulate() function to compute the CRC value of 
  22:Drivers/STM32F1xx_HAL_Driver/Src/stm32f1xx_hal_crc.c ****           a 32-bit data buffer using combination of the previous CRC value
  23:Drivers/STM32F1xx_HAL_Driver/Src/stm32f1xx_hal_crc.c ****           and the new one.
  24:Drivers/STM32F1xx_HAL_Driver/Src/stm32f1xx_hal_crc.c **** 
  25:Drivers/STM32F1xx_HAL_Driver/Src/stm32f1xx_hal_crc.c ****       (#) Use HAL_CRC_Calculate() function to compute the CRC Value of 
  26:Drivers/STM32F1xx_HAL_Driver/Src/stm32f1xx_hal_crc.c ****           a new 32-bit data buffer. This function resets the CRC computation  
  27:Drivers/STM32F1xx_HAL_Driver/Src/stm32f1xx_hal_crc.c ****           unit before starting the computation to avoid getting wrong CRC values.
  28:Drivers/STM32F1xx_HAL_Driver/Src/stm32f1xx_hal_crc.c **** 
  29:Drivers/STM32F1xx_HAL_Driver/Src/stm32f1xx_hal_crc.c ****   @endverbatim
  30:Drivers/STM32F1xx_HAL_Driver/Src/stm32f1xx_hal_crc.c ****   ******************************************************************************
  31:Drivers/STM32F1xx_HAL_Driver/Src/stm32f1xx_hal_crc.c ****   * @attention
  32:Drivers/STM32F1xx_HAL_Driver/Src/stm32f1xx_hal_crc.c ****   *
  33:Drivers/STM32F1xx_HAL_Driver/Src/stm32f1xx_hal_crc.c ****   * <h2><center>&copy; COPYRIGHT(c) 2016 STMicroelectronics</center></h2>
ARM GAS  C:\Users\Patrick\AppData\Local\Temp\ccuJMtdf.s 			page 2


  34:Drivers/STM32F1xx_HAL_Driver/Src/stm32f1xx_hal_crc.c ****   *
  35:Drivers/STM32F1xx_HAL_Driver/Src/stm32f1xx_hal_crc.c ****   * Redistribution and use in source and binary forms, with or without modification,
  36:Drivers/STM32F1xx_HAL_Driver/Src/stm32f1xx_hal_crc.c ****   * are permitted provided that the following conditions are met:
  37:Drivers/STM32F1xx_HAL_Driver/Src/stm32f1xx_hal_crc.c ****   *   1. Redistributions of source code must retain the above copyright notice,
  38:Drivers/STM32F1xx_HAL_Driver/Src/stm32f1xx_hal_crc.c ****   *      this list of conditions and the following disclaimer.
  39:Drivers/STM32F1xx_HAL_Driver/Src/stm32f1xx_hal_crc.c ****   *   2. Redistributions in binary form must reproduce the above copyright notice,
  40:Drivers/STM32F1xx_HAL_Driver/Src/stm32f1xx_hal_crc.c ****   *      this list of conditions and the following disclaimer in the documentation
  41:Drivers/STM32F1xx_HAL_Driver/Src/stm32f1xx_hal_crc.c ****   *      and/or other materials provided with the distribution.
  42:Drivers/STM32F1xx_HAL_Driver/Src/stm32f1xx_hal_crc.c ****   *   3. Neither the name of STMicroelectronics nor the names of its contributors
  43:Drivers/STM32F1xx_HAL_Driver/Src/stm32f1xx_hal_crc.c ****   *      may be used to endorse or promote products derived from this software
  44:Drivers/STM32F1xx_HAL_Driver/Src/stm32f1xx_hal_crc.c ****   *      without specific prior written permission.
  45:Drivers/STM32F1xx_HAL_Driver/Src/stm32f1xx_hal_crc.c ****   *
  46:Drivers/STM32F1xx_HAL_Driver/Src/stm32f1xx_hal_crc.c ****   * THIS SOFTWARE IS PROVIDED BY THE COPYRIGHT HOLDERS AND CONTRIBUTORS "AS IS"
  47:Drivers/STM32F1xx_HAL_Driver/Src/stm32f1xx_hal_crc.c ****   * AND ANY EXPRESS OR IMPLIED WARRANTIES, INCLUDING, BUT NOT LIMITED TO, THE
  48:Drivers/STM32F1xx_HAL_Driver/Src/stm32f1xx_hal_crc.c ****   * IMPLIED WARRANTIES OF MERCHANTABILITY AND FITNESS FOR A PARTICULAR PURPOSE ARE
  49:Drivers/STM32F1xx_HAL_Driver/Src/stm32f1xx_hal_crc.c ****   * DISCLAIMED. IN NO EVENT SHALL THE COPYRIGHT HOLDER OR CONTRIBUTORS BE LIABLE
  50:Drivers/STM32F1xx_HAL_Driver/Src/stm32f1xx_hal_crc.c ****   * FOR ANY DIRECT, INDIRECT, INCIDENTAL, SPECIAL, EXEMPLARY, OR CONSEQUENTIAL
  51:Drivers/STM32F1xx_HAL_Driver/Src/stm32f1xx_hal_crc.c ****   * DAMAGES (INCLUDING, BUT NOT LIMITED TO, PROCUREMENT OF SUBSTITUTE GOODS OR
  52:Drivers/STM32F1xx_HAL_Driver/Src/stm32f1xx_hal_crc.c ****   * SERVICES; LOSS OF USE, DATA, OR PROFITS; OR BUSINESS INTERRUPTION) HOWEVER
  53:Drivers/STM32F1xx_HAL_Driver/Src/stm32f1xx_hal_crc.c ****   * CAUSED AND ON ANY THEORY OF LIABILITY, WHETHER IN CONTRACT, STRICT LIABILITY,
  54:Drivers/STM32F1xx_HAL_Driver/Src/stm32f1xx_hal_crc.c ****   * OR TORT (INCLUDING NEGLIGENCE OR OTHERWISE) ARISING IN ANY WAY OUT OF THE USE
  55:Drivers/STM32F1xx_HAL_Driver/Src/stm32f1xx_hal_crc.c ****   * OF THIS SOFTWARE, EVEN IF ADVISED OF THE POSSIBILITY OF SUCH DAMAGE.
  56:Drivers/STM32F1xx_HAL_Driver/Src/stm32f1xx_hal_crc.c ****   *
  57:Drivers/STM32F1xx_HAL_Driver/Src/stm32f1xx_hal_crc.c ****   ******************************************************************************
  58:Drivers/STM32F1xx_HAL_Driver/Src/stm32f1xx_hal_crc.c ****   */
  59:Drivers/STM32F1xx_HAL_Driver/Src/stm32f1xx_hal_crc.c **** 
  60:Drivers/STM32F1xx_HAL_Driver/Src/stm32f1xx_hal_crc.c **** /* Includes ------------------------------------------------------------------*/
  61:Drivers/STM32F1xx_HAL_Driver/Src/stm32f1xx_hal_crc.c **** #include "stm32f1xx_hal.h"
  62:Drivers/STM32F1xx_HAL_Driver/Src/stm32f1xx_hal_crc.c **** 
  63:Drivers/STM32F1xx_HAL_Driver/Src/stm32f1xx_hal_crc.c **** /** @addtogroup STM32F1xx_HAL_Driver
  64:Drivers/STM32F1xx_HAL_Driver/Src/stm32f1xx_hal_crc.c ****   * @{
  65:Drivers/STM32F1xx_HAL_Driver/Src/stm32f1xx_hal_crc.c ****   */
  66:Drivers/STM32F1xx_HAL_Driver/Src/stm32f1xx_hal_crc.c **** 
  67:Drivers/STM32F1xx_HAL_Driver/Src/stm32f1xx_hal_crc.c **** /** @defgroup CRC CRC
  68:Drivers/STM32F1xx_HAL_Driver/Src/stm32f1xx_hal_crc.c ****   * @brief CRC HAL module driver.
  69:Drivers/STM32F1xx_HAL_Driver/Src/stm32f1xx_hal_crc.c ****   * @{
  70:Drivers/STM32F1xx_HAL_Driver/Src/stm32f1xx_hal_crc.c ****   */
  71:Drivers/STM32F1xx_HAL_Driver/Src/stm32f1xx_hal_crc.c **** 
  72:Drivers/STM32F1xx_HAL_Driver/Src/stm32f1xx_hal_crc.c **** #ifdef HAL_CRC_MODULE_ENABLED
  73:Drivers/STM32F1xx_HAL_Driver/Src/stm32f1xx_hal_crc.c **** 
  74:Drivers/STM32F1xx_HAL_Driver/Src/stm32f1xx_hal_crc.c **** /* Private typedef -----------------------------------------------------------*/
  75:Drivers/STM32F1xx_HAL_Driver/Src/stm32f1xx_hal_crc.c **** /* Private define ------------------------------------------------------------*/
  76:Drivers/STM32F1xx_HAL_Driver/Src/stm32f1xx_hal_crc.c **** /* Private macro -------------------------------------------------------------*/
  77:Drivers/STM32F1xx_HAL_Driver/Src/stm32f1xx_hal_crc.c **** /* Private variables ---------------------------------------------------------*/
  78:Drivers/STM32F1xx_HAL_Driver/Src/stm32f1xx_hal_crc.c **** /* Private function prototypes -----------------------------------------------*/
  79:Drivers/STM32F1xx_HAL_Driver/Src/stm32f1xx_hal_crc.c **** /* Private functions ---------------------------------------------------------*/
  80:Drivers/STM32F1xx_HAL_Driver/Src/stm32f1xx_hal_crc.c **** 
  81:Drivers/STM32F1xx_HAL_Driver/Src/stm32f1xx_hal_crc.c **** /** @defgroup CRC_Exported_Functions CRC Exported Functions
  82:Drivers/STM32F1xx_HAL_Driver/Src/stm32f1xx_hal_crc.c ****   * @{
  83:Drivers/STM32F1xx_HAL_Driver/Src/stm32f1xx_hal_crc.c ****   */
  84:Drivers/STM32F1xx_HAL_Driver/Src/stm32f1xx_hal_crc.c **** 
  85:Drivers/STM32F1xx_HAL_Driver/Src/stm32f1xx_hal_crc.c **** /** @defgroup CRC_Exported_Functions_Group1 Initialization and de-initialization functions 
  86:Drivers/STM32F1xx_HAL_Driver/Src/stm32f1xx_hal_crc.c ****  *  @brief    Initialization and Configuration functions. 
  87:Drivers/STM32F1xx_HAL_Driver/Src/stm32f1xx_hal_crc.c ****  *
  88:Drivers/STM32F1xx_HAL_Driver/Src/stm32f1xx_hal_crc.c **** @verbatim    
  89:Drivers/STM32F1xx_HAL_Driver/Src/stm32f1xx_hal_crc.c ****   ==============================================================================
  90:Drivers/STM32F1xx_HAL_Driver/Src/stm32f1xx_hal_crc.c ****             ##### Initialization and de-initialization functions #####
ARM GAS  C:\Users\Patrick\AppData\Local\Temp\ccuJMtdf.s 			page 3


  91:Drivers/STM32F1xx_HAL_Driver/Src/stm32f1xx_hal_crc.c ****   ==============================================================================
  92:Drivers/STM32F1xx_HAL_Driver/Src/stm32f1xx_hal_crc.c ****     [..]  This section provides functions allowing to:
  93:Drivers/STM32F1xx_HAL_Driver/Src/stm32f1xx_hal_crc.c ****       (+) Initialize the CRC according to the specified parameters 
  94:Drivers/STM32F1xx_HAL_Driver/Src/stm32f1xx_hal_crc.c ****           in the CRC_InitTypeDef and create the associated handle
  95:Drivers/STM32F1xx_HAL_Driver/Src/stm32f1xx_hal_crc.c ****       (+) DeInitialize the CRC peripheral
  96:Drivers/STM32F1xx_HAL_Driver/Src/stm32f1xx_hal_crc.c ****       (+) Initialize the CRC MSP
  97:Drivers/STM32F1xx_HAL_Driver/Src/stm32f1xx_hal_crc.c ****       (+) DeInitialize CRC MSP 
  98:Drivers/STM32F1xx_HAL_Driver/Src/stm32f1xx_hal_crc.c ****  
  99:Drivers/STM32F1xx_HAL_Driver/Src/stm32f1xx_hal_crc.c **** @endverbatim
 100:Drivers/STM32F1xx_HAL_Driver/Src/stm32f1xx_hal_crc.c ****   * @{
 101:Drivers/STM32F1xx_HAL_Driver/Src/stm32f1xx_hal_crc.c ****   */
 102:Drivers/STM32F1xx_HAL_Driver/Src/stm32f1xx_hal_crc.c **** 
 103:Drivers/STM32F1xx_HAL_Driver/Src/stm32f1xx_hal_crc.c **** /**
 104:Drivers/STM32F1xx_HAL_Driver/Src/stm32f1xx_hal_crc.c ****   * @brief  Initializes the CRC according to the specified
 105:Drivers/STM32F1xx_HAL_Driver/Src/stm32f1xx_hal_crc.c ****   *         parameters in the CRC_InitTypeDef and creates the associated handle.
 106:Drivers/STM32F1xx_HAL_Driver/Src/stm32f1xx_hal_crc.c ****   * @param  hcrc: pointer to a CRC_HandleTypeDef structure that contains
 107:Drivers/STM32F1xx_HAL_Driver/Src/stm32f1xx_hal_crc.c ****   *         the configuration information for CRC
 108:Drivers/STM32F1xx_HAL_Driver/Src/stm32f1xx_hal_crc.c ****   * @retval HAL status
 109:Drivers/STM32F1xx_HAL_Driver/Src/stm32f1xx_hal_crc.c ****   */
 110:Drivers/STM32F1xx_HAL_Driver/Src/stm32f1xx_hal_crc.c **** HAL_StatusTypeDef HAL_CRC_Init(CRC_HandleTypeDef *hcrc)
 111:Drivers/STM32F1xx_HAL_Driver/Src/stm32f1xx_hal_crc.c **** {
 112:Drivers/STM32F1xx_HAL_Driver/Src/stm32f1xx_hal_crc.c ****   /* Check the CRC handle allocation */
 113:Drivers/STM32F1xx_HAL_Driver/Src/stm32f1xx_hal_crc.c ****   if(hcrc == NULL)
 114:Drivers/STM32F1xx_HAL_Driver/Src/stm32f1xx_hal_crc.c ****   {
 115:Drivers/STM32F1xx_HAL_Driver/Src/stm32f1xx_hal_crc.c ****     return HAL_ERROR;
 116:Drivers/STM32F1xx_HAL_Driver/Src/stm32f1xx_hal_crc.c ****   }
 117:Drivers/STM32F1xx_HAL_Driver/Src/stm32f1xx_hal_crc.c **** 
 118:Drivers/STM32F1xx_HAL_Driver/Src/stm32f1xx_hal_crc.c ****   /* Check the parameters */
 119:Drivers/STM32F1xx_HAL_Driver/Src/stm32f1xx_hal_crc.c ****   assert_param(IS_CRC_ALL_INSTANCE(hcrc->Instance));
 120:Drivers/STM32F1xx_HAL_Driver/Src/stm32f1xx_hal_crc.c **** 
 121:Drivers/STM32F1xx_HAL_Driver/Src/stm32f1xx_hal_crc.c ****   if(hcrc->State == HAL_CRC_STATE_RESET)
 122:Drivers/STM32F1xx_HAL_Driver/Src/stm32f1xx_hal_crc.c ****   {
 123:Drivers/STM32F1xx_HAL_Driver/Src/stm32f1xx_hal_crc.c ****     /* Allocate lock resource and initialize it */
 124:Drivers/STM32F1xx_HAL_Driver/Src/stm32f1xx_hal_crc.c ****     hcrc->Lock = HAL_UNLOCKED;
 125:Drivers/STM32F1xx_HAL_Driver/Src/stm32f1xx_hal_crc.c ****     
 126:Drivers/STM32F1xx_HAL_Driver/Src/stm32f1xx_hal_crc.c ****     /* Init the low level hardware */
 127:Drivers/STM32F1xx_HAL_Driver/Src/stm32f1xx_hal_crc.c ****     HAL_CRC_MspInit(hcrc);
 128:Drivers/STM32F1xx_HAL_Driver/Src/stm32f1xx_hal_crc.c ****   }
 129:Drivers/STM32F1xx_HAL_Driver/Src/stm32f1xx_hal_crc.c **** 
 130:Drivers/STM32F1xx_HAL_Driver/Src/stm32f1xx_hal_crc.c ****   /* Change CRC peripheral state */
 131:Drivers/STM32F1xx_HAL_Driver/Src/stm32f1xx_hal_crc.c ****   hcrc->State = HAL_CRC_STATE_READY;
 132:Drivers/STM32F1xx_HAL_Driver/Src/stm32f1xx_hal_crc.c ****   
 133:Drivers/STM32F1xx_HAL_Driver/Src/stm32f1xx_hal_crc.c ****   /* Return function status */
 134:Drivers/STM32F1xx_HAL_Driver/Src/stm32f1xx_hal_crc.c ****   return HAL_OK;
 135:Drivers/STM32F1xx_HAL_Driver/Src/stm32f1xx_hal_crc.c **** }
 136:Drivers/STM32F1xx_HAL_Driver/Src/stm32f1xx_hal_crc.c **** 
 137:Drivers/STM32F1xx_HAL_Driver/Src/stm32f1xx_hal_crc.c **** /**
 138:Drivers/STM32F1xx_HAL_Driver/Src/stm32f1xx_hal_crc.c ****   * @brief  DeInitializes the CRC peripheral.
 139:Drivers/STM32F1xx_HAL_Driver/Src/stm32f1xx_hal_crc.c ****   * @param  hcrc: pointer to a CRC_HandleTypeDef structure that contains
 140:Drivers/STM32F1xx_HAL_Driver/Src/stm32f1xx_hal_crc.c ****   *         the configuration information for CRC
 141:Drivers/STM32F1xx_HAL_Driver/Src/stm32f1xx_hal_crc.c ****   * @retval HAL status
 142:Drivers/STM32F1xx_HAL_Driver/Src/stm32f1xx_hal_crc.c ****   */
 143:Drivers/STM32F1xx_HAL_Driver/Src/stm32f1xx_hal_crc.c **** HAL_StatusTypeDef HAL_CRC_DeInit(CRC_HandleTypeDef *hcrc)
 144:Drivers/STM32F1xx_HAL_Driver/Src/stm32f1xx_hal_crc.c **** {
 145:Drivers/STM32F1xx_HAL_Driver/Src/stm32f1xx_hal_crc.c ****   /* Check the CRC handle allocation */
 146:Drivers/STM32F1xx_HAL_Driver/Src/stm32f1xx_hal_crc.c ****   if(hcrc == NULL)
 147:Drivers/STM32F1xx_HAL_Driver/Src/stm32f1xx_hal_crc.c ****   {
ARM GAS  C:\Users\Patrick\AppData\Local\Temp\ccuJMtdf.s 			page 4


 148:Drivers/STM32F1xx_HAL_Driver/Src/stm32f1xx_hal_crc.c ****     return HAL_ERROR;
 149:Drivers/STM32F1xx_HAL_Driver/Src/stm32f1xx_hal_crc.c ****   }
 150:Drivers/STM32F1xx_HAL_Driver/Src/stm32f1xx_hal_crc.c **** 
 151:Drivers/STM32F1xx_HAL_Driver/Src/stm32f1xx_hal_crc.c ****   /* Check the parameters */
 152:Drivers/STM32F1xx_HAL_Driver/Src/stm32f1xx_hal_crc.c ****   assert_param(IS_CRC_ALL_INSTANCE(hcrc->Instance));
 153:Drivers/STM32F1xx_HAL_Driver/Src/stm32f1xx_hal_crc.c **** 
 154:Drivers/STM32F1xx_HAL_Driver/Src/stm32f1xx_hal_crc.c ****   /* Change CRC peripheral state */
 155:Drivers/STM32F1xx_HAL_Driver/Src/stm32f1xx_hal_crc.c ****   hcrc->State = HAL_CRC_STATE_BUSY;
 156:Drivers/STM32F1xx_HAL_Driver/Src/stm32f1xx_hal_crc.c **** 
 157:Drivers/STM32F1xx_HAL_Driver/Src/stm32f1xx_hal_crc.c ****   /* DeInit the low level hardware */
 158:Drivers/STM32F1xx_HAL_Driver/Src/stm32f1xx_hal_crc.c ****   HAL_CRC_MspDeInit(hcrc);
 159:Drivers/STM32F1xx_HAL_Driver/Src/stm32f1xx_hal_crc.c **** 
 160:Drivers/STM32F1xx_HAL_Driver/Src/stm32f1xx_hal_crc.c ****   /* Resets the CRC calculation unit and sets the data register to 0xFFFF FFFF */
 161:Drivers/STM32F1xx_HAL_Driver/Src/stm32f1xx_hal_crc.c ****   __HAL_CRC_DR_RESET(hcrc);
 162:Drivers/STM32F1xx_HAL_Driver/Src/stm32f1xx_hal_crc.c **** 
 163:Drivers/STM32F1xx_HAL_Driver/Src/stm32f1xx_hal_crc.c ****   /* Reset IDR register content */
 164:Drivers/STM32F1xx_HAL_Driver/Src/stm32f1xx_hal_crc.c ****   CLEAR_BIT(hcrc->Instance->IDR, CRC_IDR_IDR);
 165:Drivers/STM32F1xx_HAL_Driver/Src/stm32f1xx_hal_crc.c **** 
 166:Drivers/STM32F1xx_HAL_Driver/Src/stm32f1xx_hal_crc.c ****   /* Change CRC peripheral state */
 167:Drivers/STM32F1xx_HAL_Driver/Src/stm32f1xx_hal_crc.c ****   hcrc->State = HAL_CRC_STATE_RESET;
 168:Drivers/STM32F1xx_HAL_Driver/Src/stm32f1xx_hal_crc.c **** 
 169:Drivers/STM32F1xx_HAL_Driver/Src/stm32f1xx_hal_crc.c ****   /* Release Lock */
 170:Drivers/STM32F1xx_HAL_Driver/Src/stm32f1xx_hal_crc.c ****   __HAL_UNLOCK(hcrc);
 171:Drivers/STM32F1xx_HAL_Driver/Src/stm32f1xx_hal_crc.c **** 
 172:Drivers/STM32F1xx_HAL_Driver/Src/stm32f1xx_hal_crc.c ****   /* Return function status */
 173:Drivers/STM32F1xx_HAL_Driver/Src/stm32f1xx_hal_crc.c ****   return HAL_OK;
 174:Drivers/STM32F1xx_HAL_Driver/Src/stm32f1xx_hal_crc.c **** }
 175:Drivers/STM32F1xx_HAL_Driver/Src/stm32f1xx_hal_crc.c **** 
 176:Drivers/STM32F1xx_HAL_Driver/Src/stm32f1xx_hal_crc.c **** /**
 177:Drivers/STM32F1xx_HAL_Driver/Src/stm32f1xx_hal_crc.c ****   * @brief  Initializes the CRC MSP.
 178:Drivers/STM32F1xx_HAL_Driver/Src/stm32f1xx_hal_crc.c ****   * @param  hcrc: pointer to a CRC_HandleTypeDef structure that contains
 179:Drivers/STM32F1xx_HAL_Driver/Src/stm32f1xx_hal_crc.c ****   *         the configuration information for CRC
 180:Drivers/STM32F1xx_HAL_Driver/Src/stm32f1xx_hal_crc.c ****   * @retval None
 181:Drivers/STM32F1xx_HAL_Driver/Src/stm32f1xx_hal_crc.c ****   */
 182:Drivers/STM32F1xx_HAL_Driver/Src/stm32f1xx_hal_crc.c **** __weak void HAL_CRC_MspInit(CRC_HandleTypeDef *hcrc)
 183:Drivers/STM32F1xx_HAL_Driver/Src/stm32f1xx_hal_crc.c **** {
  26              		.loc 1 183 0
  27              		.cfi_startproc
  28              		@ args = 0, pretend = 0, frame = 0
  29              		@ frame_needed = 0, uses_anonymous_args = 0
  30              		@ link register save eliminated.
  31              	.LVL0:
 184:Drivers/STM32F1xx_HAL_Driver/Src/stm32f1xx_hal_crc.c ****   /* Prevent unused argument(s) compilation warning */
 185:Drivers/STM32F1xx_HAL_Driver/Src/stm32f1xx_hal_crc.c ****   UNUSED(hcrc);
 186:Drivers/STM32F1xx_HAL_Driver/Src/stm32f1xx_hal_crc.c ****   /* NOTE : This function Should not be modified, when the callback is needed,
 187:Drivers/STM32F1xx_HAL_Driver/Src/stm32f1xx_hal_crc.c ****             the HAL_CRC_MspInit could be implemented in the user file
 188:Drivers/STM32F1xx_HAL_Driver/Src/stm32f1xx_hal_crc.c ****    */
 189:Drivers/STM32F1xx_HAL_Driver/Src/stm32f1xx_hal_crc.c **** }
  32              		.loc 1 189 0
  33 0000 7047     		bx	lr
  34              		.cfi_endproc
  35              	.LFE68:
  37              		.section	.text.HAL_CRC_Init,"ax",%progbits
  38              		.align	1
  39              		.global	HAL_CRC_Init
  40              		.syntax unified
  41              		.thumb
ARM GAS  C:\Users\Patrick\AppData\Local\Temp\ccuJMtdf.s 			page 5


  42              		.thumb_func
  43              		.fpu softvfp
  45              	HAL_CRC_Init:
  46              	.LFB66:
 111:Drivers/STM32F1xx_HAL_Driver/Src/stm32f1xx_hal_crc.c ****   /* Check the CRC handle allocation */
  47              		.loc 1 111 0
  48              		.cfi_startproc
  49              		@ args = 0, pretend = 0, frame = 0
  50              		@ frame_needed = 0, uses_anonymous_args = 0
  51              	.LVL1:
 113:Drivers/STM32F1xx_HAL_Driver/Src/stm32f1xx_hal_crc.c ****   {
  52              		.loc 1 113 0
  53 0000 58B1     		cbz	r0, .L5
 111:Drivers/STM32F1xx_HAL_Driver/Src/stm32f1xx_hal_crc.c ****   /* Check the CRC handle allocation */
  54              		.loc 1 111 0
  55 0002 10B5     		push	{r4, lr}
  56              	.LCFI0:
  57              		.cfi_def_cfa_offset 8
  58              		.cfi_offset 4, -8
  59              		.cfi_offset 14, -4
  60 0004 0446     		mov	r4, r0
 121:Drivers/STM32F1xx_HAL_Driver/Src/stm32f1xx_hal_crc.c ****   {
  61              		.loc 1 121 0
  62 0006 4379     		ldrb	r3, [r0, #5]	@ zero_extendqisi2
  63 0008 1BB1     		cbz	r3, .L10
  64              	.LVL2:
  65              	.L4:
 131:Drivers/STM32F1xx_HAL_Driver/Src/stm32f1xx_hal_crc.c ****   
  66              		.loc 1 131 0
  67 000a 0123     		movs	r3, #1
  68 000c 6371     		strb	r3, [r4, #5]
 134:Drivers/STM32F1xx_HAL_Driver/Src/stm32f1xx_hal_crc.c **** }
  69              		.loc 1 134 0
  70 000e 0020     		movs	r0, #0
 135:Drivers/STM32F1xx_HAL_Driver/Src/stm32f1xx_hal_crc.c **** 
  71              		.loc 1 135 0
  72 0010 10BD     		pop	{r4, pc}
  73              	.LVL3:
  74              	.L10:
 124:Drivers/STM32F1xx_HAL_Driver/Src/stm32f1xx_hal_crc.c ****     
  75              		.loc 1 124 0
  76 0012 0371     		strb	r3, [r0, #4]
 127:Drivers/STM32F1xx_HAL_Driver/Src/stm32f1xx_hal_crc.c ****   }
  77              		.loc 1 127 0
  78 0014 FFF7FEFF 		bl	HAL_CRC_MspInit
  79              	.LVL4:
  80 0018 F7E7     		b	.L4
  81              	.LVL5:
  82              	.L5:
  83              	.LCFI1:
  84              		.cfi_def_cfa_offset 0
  85              		.cfi_restore 4
  86              		.cfi_restore 14
 115:Drivers/STM32F1xx_HAL_Driver/Src/stm32f1xx_hal_crc.c ****   }
  87              		.loc 1 115 0
  88 001a 0120     		movs	r0, #1
  89              	.LVL6:
ARM GAS  C:\Users\Patrick\AppData\Local\Temp\ccuJMtdf.s 			page 6


 135:Drivers/STM32F1xx_HAL_Driver/Src/stm32f1xx_hal_crc.c **** 
  90              		.loc 1 135 0
  91 001c 7047     		bx	lr
  92              		.cfi_endproc
  93              	.LFE66:
  95              		.section	.text.HAL_CRC_MspDeInit,"ax",%progbits
  96              		.align	1
  97              		.weak	HAL_CRC_MspDeInit
  98              		.syntax unified
  99              		.thumb
 100              		.thumb_func
 101              		.fpu softvfp
 103              	HAL_CRC_MspDeInit:
 104              	.LFB69:
 190:Drivers/STM32F1xx_HAL_Driver/Src/stm32f1xx_hal_crc.c **** 
 191:Drivers/STM32F1xx_HAL_Driver/Src/stm32f1xx_hal_crc.c **** /**
 192:Drivers/STM32F1xx_HAL_Driver/Src/stm32f1xx_hal_crc.c ****   * @brief  DeInitializes the CRC MSP.
 193:Drivers/STM32F1xx_HAL_Driver/Src/stm32f1xx_hal_crc.c ****   * @param  hcrc: pointer to a CRC_HandleTypeDef structure that contains
 194:Drivers/STM32F1xx_HAL_Driver/Src/stm32f1xx_hal_crc.c ****   *         the configuration information for CRC
 195:Drivers/STM32F1xx_HAL_Driver/Src/stm32f1xx_hal_crc.c ****   * @retval None
 196:Drivers/STM32F1xx_HAL_Driver/Src/stm32f1xx_hal_crc.c ****   */
 197:Drivers/STM32F1xx_HAL_Driver/Src/stm32f1xx_hal_crc.c **** __weak void HAL_CRC_MspDeInit(CRC_HandleTypeDef *hcrc)
 198:Drivers/STM32F1xx_HAL_Driver/Src/stm32f1xx_hal_crc.c **** {
 105              		.loc 1 198 0
 106              		.cfi_startproc
 107              		@ args = 0, pretend = 0, frame = 0
 108              		@ frame_needed = 0, uses_anonymous_args = 0
 109              		@ link register save eliminated.
 110              	.LVL7:
 199:Drivers/STM32F1xx_HAL_Driver/Src/stm32f1xx_hal_crc.c ****   /* Prevent unused argument(s) compilation warning */
 200:Drivers/STM32F1xx_HAL_Driver/Src/stm32f1xx_hal_crc.c ****   UNUSED(hcrc);
 201:Drivers/STM32F1xx_HAL_Driver/Src/stm32f1xx_hal_crc.c ****   /* NOTE : This function Should not be modified, when the callback is needed,
 202:Drivers/STM32F1xx_HAL_Driver/Src/stm32f1xx_hal_crc.c ****             the HAL_CRC_MspDeInit could be implemented in the user file
 203:Drivers/STM32F1xx_HAL_Driver/Src/stm32f1xx_hal_crc.c ****    */
 204:Drivers/STM32F1xx_HAL_Driver/Src/stm32f1xx_hal_crc.c **** }
 111              		.loc 1 204 0
 112 0000 7047     		bx	lr
 113              		.cfi_endproc
 114              	.LFE69:
 116              		.section	.text.HAL_CRC_DeInit,"ax",%progbits
 117              		.align	1
 118              		.global	HAL_CRC_DeInit
 119              		.syntax unified
 120              		.thumb
 121              		.thumb_func
 122              		.fpu softvfp
 124              	HAL_CRC_DeInit:
 125              	.LFB67:
 144:Drivers/STM32F1xx_HAL_Driver/Src/stm32f1xx_hal_crc.c ****   /* Check the CRC handle allocation */
 126              		.loc 1 144 0
 127              		.cfi_startproc
 128              		@ args = 0, pretend = 0, frame = 0
 129              		@ frame_needed = 0, uses_anonymous_args = 0
 130              	.LVL8:
 146:Drivers/STM32F1xx_HAL_Driver/Src/stm32f1xx_hal_crc.c ****   {
 131              		.loc 1 146 0
 132 0000 88B1     		cbz	r0, .L14
ARM GAS  C:\Users\Patrick\AppData\Local\Temp\ccuJMtdf.s 			page 7


 144:Drivers/STM32F1xx_HAL_Driver/Src/stm32f1xx_hal_crc.c ****   /* Check the CRC handle allocation */
 133              		.loc 1 144 0
 134 0002 10B5     		push	{r4, lr}
 135              	.LCFI2:
 136              		.cfi_def_cfa_offset 8
 137              		.cfi_offset 4, -8
 138              		.cfi_offset 14, -4
 139 0004 0446     		mov	r4, r0
 155:Drivers/STM32F1xx_HAL_Driver/Src/stm32f1xx_hal_crc.c **** 
 140              		.loc 1 155 0
 141 0006 0223     		movs	r3, #2
 142 0008 4371     		strb	r3, [r0, #5]
 158:Drivers/STM32F1xx_HAL_Driver/Src/stm32f1xx_hal_crc.c **** 
 143              		.loc 1 158 0
 144 000a FFF7FEFF 		bl	HAL_CRC_MspDeInit
 145              	.LVL9:
 161:Drivers/STM32F1xx_HAL_Driver/Src/stm32f1xx_hal_crc.c **** 
 146              		.loc 1 161 0
 147 000e 2268     		ldr	r2, [r4]
 148 0010 9368     		ldr	r3, [r2, #8]
 149 0012 43F00103 		orr	r3, r3, #1
 150 0016 9360     		str	r3, [r2, #8]
 164:Drivers/STM32F1xx_HAL_Driver/Src/stm32f1xx_hal_crc.c **** 
 151              		.loc 1 164 0
 152 0018 2368     		ldr	r3, [r4]
 153 001a 1A79     		ldrb	r2, [r3, #4]	@ zero_extendqisi2
 154 001c 0020     		movs	r0, #0
 155 001e 1871     		strb	r0, [r3, #4]
 167:Drivers/STM32F1xx_HAL_Driver/Src/stm32f1xx_hal_crc.c **** 
 156              		.loc 1 167 0
 157 0020 6071     		strb	r0, [r4, #5]
 170:Drivers/STM32F1xx_HAL_Driver/Src/stm32f1xx_hal_crc.c **** 
 158              		.loc 1 170 0
 159 0022 2071     		strb	r0, [r4, #4]
 174:Drivers/STM32F1xx_HAL_Driver/Src/stm32f1xx_hal_crc.c **** 
 160              		.loc 1 174 0
 161 0024 10BD     		pop	{r4, pc}
 162              	.LVL10:
 163              	.L14:
 164              	.LCFI3:
 165              		.cfi_def_cfa_offset 0
 166              		.cfi_restore 4
 167              		.cfi_restore 14
 148:Drivers/STM32F1xx_HAL_Driver/Src/stm32f1xx_hal_crc.c ****   }
 168              		.loc 1 148 0
 169 0026 0120     		movs	r0, #1
 170              	.LVL11:
 174:Drivers/STM32F1xx_HAL_Driver/Src/stm32f1xx_hal_crc.c **** 
 171              		.loc 1 174 0
 172 0028 7047     		bx	lr
 173              		.cfi_endproc
 174              	.LFE67:
 176              		.section	.text.HAL_CRC_Accumulate,"ax",%progbits
 177              		.align	1
 178              		.global	HAL_CRC_Accumulate
 179              		.syntax unified
 180              		.thumb
ARM GAS  C:\Users\Patrick\AppData\Local\Temp\ccuJMtdf.s 			page 8


 181              		.thumb_func
 182              		.fpu softvfp
 184              	HAL_CRC_Accumulate:
 185              	.LFB70:
 205:Drivers/STM32F1xx_HAL_Driver/Src/stm32f1xx_hal_crc.c **** 
 206:Drivers/STM32F1xx_HAL_Driver/Src/stm32f1xx_hal_crc.c **** /**
 207:Drivers/STM32F1xx_HAL_Driver/Src/stm32f1xx_hal_crc.c ****   * @}
 208:Drivers/STM32F1xx_HAL_Driver/Src/stm32f1xx_hal_crc.c ****   */
 209:Drivers/STM32F1xx_HAL_Driver/Src/stm32f1xx_hal_crc.c **** 
 210:Drivers/STM32F1xx_HAL_Driver/Src/stm32f1xx_hal_crc.c **** /** @defgroup CRC_Exported_Functions_Group2 Peripheral Control functions 
 211:Drivers/STM32F1xx_HAL_Driver/Src/stm32f1xx_hal_crc.c ****  *  @brief    management functions. 
 212:Drivers/STM32F1xx_HAL_Driver/Src/stm32f1xx_hal_crc.c ****  *
 213:Drivers/STM32F1xx_HAL_Driver/Src/stm32f1xx_hal_crc.c **** @verbatim   
 214:Drivers/STM32F1xx_HAL_Driver/Src/stm32f1xx_hal_crc.c ****   ==============================================================================
 215:Drivers/STM32F1xx_HAL_Driver/Src/stm32f1xx_hal_crc.c ****                       ##### Peripheral Control functions #####
 216:Drivers/STM32F1xx_HAL_Driver/Src/stm32f1xx_hal_crc.c ****   ==============================================================================  
 217:Drivers/STM32F1xx_HAL_Driver/Src/stm32f1xx_hal_crc.c ****     [..]  This section provides functions allowing to:
 218:Drivers/STM32F1xx_HAL_Driver/Src/stm32f1xx_hal_crc.c ****       (+) Compute the 32-bit CRC value of 32-bit data buffer,
 219:Drivers/STM32F1xx_HAL_Driver/Src/stm32f1xx_hal_crc.c ****           using combination of the previous CRC value and the new one.
 220:Drivers/STM32F1xx_HAL_Driver/Src/stm32f1xx_hal_crc.c ****       (+) Compute the 32-bit CRC value of 32-bit data buffer,
 221:Drivers/STM32F1xx_HAL_Driver/Src/stm32f1xx_hal_crc.c ****           independently of the previous CRC value.
 222:Drivers/STM32F1xx_HAL_Driver/Src/stm32f1xx_hal_crc.c **** 
 223:Drivers/STM32F1xx_HAL_Driver/Src/stm32f1xx_hal_crc.c **** @endverbatim
 224:Drivers/STM32F1xx_HAL_Driver/Src/stm32f1xx_hal_crc.c ****   * @{
 225:Drivers/STM32F1xx_HAL_Driver/Src/stm32f1xx_hal_crc.c ****   */
 226:Drivers/STM32F1xx_HAL_Driver/Src/stm32f1xx_hal_crc.c **** 
 227:Drivers/STM32F1xx_HAL_Driver/Src/stm32f1xx_hal_crc.c **** /**
 228:Drivers/STM32F1xx_HAL_Driver/Src/stm32f1xx_hal_crc.c ****   * @brief  Computes the 32-bit CRC of 32-bit data buffer using combination
 229:Drivers/STM32F1xx_HAL_Driver/Src/stm32f1xx_hal_crc.c ****   *         of the previous CRC value and the new one.
 230:Drivers/STM32F1xx_HAL_Driver/Src/stm32f1xx_hal_crc.c ****   * @param  hcrc: pointer to a CRC_HandleTypeDef structure that contains
 231:Drivers/STM32F1xx_HAL_Driver/Src/stm32f1xx_hal_crc.c ****   *         the configuration information for CRC
 232:Drivers/STM32F1xx_HAL_Driver/Src/stm32f1xx_hal_crc.c ****   * @param  pBuffer: pointer to the buffer containing the data to be computed
 233:Drivers/STM32F1xx_HAL_Driver/Src/stm32f1xx_hal_crc.c ****   * @param  BufferLength: length of the buffer to be computed (defined in word, 4 bytes)
 234:Drivers/STM32F1xx_HAL_Driver/Src/stm32f1xx_hal_crc.c ****   * @retval 32-bit CRC
 235:Drivers/STM32F1xx_HAL_Driver/Src/stm32f1xx_hal_crc.c ****   */
 236:Drivers/STM32F1xx_HAL_Driver/Src/stm32f1xx_hal_crc.c **** uint32_t HAL_CRC_Accumulate(CRC_HandleTypeDef *hcrc, uint32_t pBuffer[], uint32_t BufferLength)
 237:Drivers/STM32F1xx_HAL_Driver/Src/stm32f1xx_hal_crc.c **** {
 186              		.loc 1 237 0
 187              		.cfi_startproc
 188              		@ args = 0, pretend = 0, frame = 0
 189              		@ frame_needed = 0, uses_anonymous_args = 0
 190              		@ link register save eliminated.
 191              	.LVL12:
 238:Drivers/STM32F1xx_HAL_Driver/Src/stm32f1xx_hal_crc.c ****   uint32_t index = 0U;
 239:Drivers/STM32F1xx_HAL_Driver/Src/stm32f1xx_hal_crc.c **** 
 240:Drivers/STM32F1xx_HAL_Driver/Src/stm32f1xx_hal_crc.c ****   /* Process Locked */
 241:Drivers/STM32F1xx_HAL_Driver/Src/stm32f1xx_hal_crc.c ****   __HAL_LOCK(hcrc);
 192              		.loc 1 241 0
 193 0000 0379     		ldrb	r3, [r0, #4]	@ zero_extendqisi2
 194 0002 012B     		cmp	r3, #1
 195 0004 15D0     		beq	.L23
 237:Drivers/STM32F1xx_HAL_Driver/Src/stm32f1xx_hal_crc.c ****   uint32_t index = 0U;
 196              		.loc 1 237 0 discriminator 2
 197 0006 30B4     		push	{r4, r5}
 198              	.LCFI4:
 199              		.cfi_def_cfa_offset 8
 200              		.cfi_offset 4, -8
ARM GAS  C:\Users\Patrick\AppData\Local\Temp\ccuJMtdf.s 			page 9


 201              		.cfi_offset 5, -4
 202              		.loc 1 241 0 discriminator 2
 203 0008 0123     		movs	r3, #1
 204 000a 0371     		strb	r3, [r0, #4]
 242:Drivers/STM32F1xx_HAL_Driver/Src/stm32f1xx_hal_crc.c **** 
 243:Drivers/STM32F1xx_HAL_Driver/Src/stm32f1xx_hal_crc.c ****   /* Change CRC peripheral state */
 244:Drivers/STM32F1xx_HAL_Driver/Src/stm32f1xx_hal_crc.c ****   hcrc->State = HAL_CRC_STATE_BUSY;
 205              		.loc 1 244 0 discriminator 2
 206 000c 0223     		movs	r3, #2
 207 000e 4371     		strb	r3, [r0, #5]
 245:Drivers/STM32F1xx_HAL_Driver/Src/stm32f1xx_hal_crc.c **** 
 246:Drivers/STM32F1xx_HAL_Driver/Src/stm32f1xx_hal_crc.c ****   /* Enter Data to the CRC calculator */
 247:Drivers/STM32F1xx_HAL_Driver/Src/stm32f1xx_hal_crc.c ****   for(index = 0U; index < BufferLength; index++)
 208              		.loc 1 247 0 discriminator 2
 209 0010 0023     		movs	r3, #0
 210 0012 04E0     		b	.L21
 211              	.LVL13:
 212              	.L22:
 248:Drivers/STM32F1xx_HAL_Driver/Src/stm32f1xx_hal_crc.c ****   {
 249:Drivers/STM32F1xx_HAL_Driver/Src/stm32f1xx_hal_crc.c ****     hcrc->Instance->DR = pBuffer[index];
 213              		.loc 1 249 0 discriminator 3
 214 0014 0468     		ldr	r4, [r0]
 215 0016 51F82350 		ldr	r5, [r1, r3, lsl #2]
 216 001a 2560     		str	r5, [r4]
 247:Drivers/STM32F1xx_HAL_Driver/Src/stm32f1xx_hal_crc.c ****   {
 217              		.loc 1 247 0 discriminator 3
 218 001c 0133     		adds	r3, r3, #1
 219              	.LVL14:
 220              	.L21:
 247:Drivers/STM32F1xx_HAL_Driver/Src/stm32f1xx_hal_crc.c ****   {
 221              		.loc 1 247 0 is_stmt 0 discriminator 1
 222 001e 9342     		cmp	r3, r2
 223 0020 F8D3     		bcc	.L22
 250:Drivers/STM32F1xx_HAL_Driver/Src/stm32f1xx_hal_crc.c ****   }
 251:Drivers/STM32F1xx_HAL_Driver/Src/stm32f1xx_hal_crc.c **** 
 252:Drivers/STM32F1xx_HAL_Driver/Src/stm32f1xx_hal_crc.c ****   /* Change CRC peripheral state */
 253:Drivers/STM32F1xx_HAL_Driver/Src/stm32f1xx_hal_crc.c ****   hcrc->State = HAL_CRC_STATE_READY;
 224              		.loc 1 253 0 is_stmt 1
 225 0022 0123     		movs	r3, #1
 226              	.LVL15:
 227 0024 4371     		strb	r3, [r0, #5]
 254:Drivers/STM32F1xx_HAL_Driver/Src/stm32f1xx_hal_crc.c **** 
 255:Drivers/STM32F1xx_HAL_Driver/Src/stm32f1xx_hal_crc.c ****   /* Process Unlocked */
 256:Drivers/STM32F1xx_HAL_Driver/Src/stm32f1xx_hal_crc.c ****   __HAL_UNLOCK(hcrc);
 228              		.loc 1 256 0
 229 0026 0023     		movs	r3, #0
 230 0028 0371     		strb	r3, [r0, #4]
 257:Drivers/STM32F1xx_HAL_Driver/Src/stm32f1xx_hal_crc.c **** 
 258:Drivers/STM32F1xx_HAL_Driver/Src/stm32f1xx_hal_crc.c ****   /* Return the CRC computed value */
 259:Drivers/STM32F1xx_HAL_Driver/Src/stm32f1xx_hal_crc.c ****   return hcrc->Instance->DR;
 231              		.loc 1 259 0
 232 002a 0368     		ldr	r3, [r0]
 233 002c 1868     		ldr	r0, [r3]
 234              	.LVL16:
 260:Drivers/STM32F1xx_HAL_Driver/Src/stm32f1xx_hal_crc.c **** }
 235              		.loc 1 260 0
 236 002e 30BC     		pop	{r4, r5}
ARM GAS  C:\Users\Patrick\AppData\Local\Temp\ccuJMtdf.s 			page 10


 237              	.LCFI5:
 238              		.cfi_restore 5
 239              		.cfi_restore 4
 240              		.cfi_def_cfa_offset 0
 241 0030 7047     		bx	lr
 242              	.LVL17:
 243              	.L23:
 241:Drivers/STM32F1xx_HAL_Driver/Src/stm32f1xx_hal_crc.c **** 
 244              		.loc 1 241 0
 245 0032 0220     		movs	r0, #2
 246              	.LVL18:
 247              		.loc 1 260 0
 248 0034 7047     		bx	lr
 249              		.cfi_endproc
 250              	.LFE70:
 252              		.section	.text.HAL_CRC_Calculate,"ax",%progbits
 253              		.align	1
 254              		.global	HAL_CRC_Calculate
 255              		.syntax unified
 256              		.thumb
 257              		.thumb_func
 258              		.fpu softvfp
 260              	HAL_CRC_Calculate:
 261              	.LFB71:
 261:Drivers/STM32F1xx_HAL_Driver/Src/stm32f1xx_hal_crc.c **** 
 262:Drivers/STM32F1xx_HAL_Driver/Src/stm32f1xx_hal_crc.c **** /**
 263:Drivers/STM32F1xx_HAL_Driver/Src/stm32f1xx_hal_crc.c ****   * @brief  Computes the 32-bit CRC of 32-bit data buffer independently
 264:Drivers/STM32F1xx_HAL_Driver/Src/stm32f1xx_hal_crc.c ****   *         of the previous CRC value.
 265:Drivers/STM32F1xx_HAL_Driver/Src/stm32f1xx_hal_crc.c ****   * @param  hcrc: pointer to a CRC_HandleTypeDef structure that contains
 266:Drivers/STM32F1xx_HAL_Driver/Src/stm32f1xx_hal_crc.c ****   *         the configuration information for CRC
 267:Drivers/STM32F1xx_HAL_Driver/Src/stm32f1xx_hal_crc.c ****   * @param  pBuffer: Pointer to the buffer containing the data to be computed
 268:Drivers/STM32F1xx_HAL_Driver/Src/stm32f1xx_hal_crc.c ****   * @param  BufferLength: Length of the buffer to be computed (defined in word, 4 bytes)
 269:Drivers/STM32F1xx_HAL_Driver/Src/stm32f1xx_hal_crc.c ****   * @retval 32-bit CRC
 270:Drivers/STM32F1xx_HAL_Driver/Src/stm32f1xx_hal_crc.c ****   */
 271:Drivers/STM32F1xx_HAL_Driver/Src/stm32f1xx_hal_crc.c **** uint32_t HAL_CRC_Calculate(CRC_HandleTypeDef *hcrc, uint32_t pBuffer[], uint32_t BufferLength)
 272:Drivers/STM32F1xx_HAL_Driver/Src/stm32f1xx_hal_crc.c **** {
 262              		.loc 1 272 0
 263              		.cfi_startproc
 264              		@ args = 0, pretend = 0, frame = 0
 265              		@ frame_needed = 0, uses_anonymous_args = 0
 266              		@ link register save eliminated.
 267              	.LVL19:
 273:Drivers/STM32F1xx_HAL_Driver/Src/stm32f1xx_hal_crc.c ****   uint32_t index = 0U;
 274:Drivers/STM32F1xx_HAL_Driver/Src/stm32f1xx_hal_crc.c **** 
 275:Drivers/STM32F1xx_HAL_Driver/Src/stm32f1xx_hal_crc.c ****   /* Process Locked */
 276:Drivers/STM32F1xx_HAL_Driver/Src/stm32f1xx_hal_crc.c ****   __HAL_LOCK(hcrc); 
 268              		.loc 1 276 0
 269 0000 0379     		ldrb	r3, [r0, #4]	@ zero_extendqisi2
 270 0002 012B     		cmp	r3, #1
 271 0004 1AD0     		beq	.L32
 272:Drivers/STM32F1xx_HAL_Driver/Src/stm32f1xx_hal_crc.c ****   uint32_t index = 0U;
 272              		.loc 1 272 0 discriminator 2
 273 0006 30B4     		push	{r4, r5}
 274              	.LCFI6:
 275              		.cfi_def_cfa_offset 8
 276              		.cfi_offset 4, -8
 277              		.cfi_offset 5, -4
ARM GAS  C:\Users\Patrick\AppData\Local\Temp\ccuJMtdf.s 			page 11


 278              		.loc 1 276 0 discriminator 2
 279 0008 0123     		movs	r3, #1
 280 000a 0371     		strb	r3, [r0, #4]
 277:Drivers/STM32F1xx_HAL_Driver/Src/stm32f1xx_hal_crc.c **** 
 278:Drivers/STM32F1xx_HAL_Driver/Src/stm32f1xx_hal_crc.c ****   /* Change CRC peripheral state */
 279:Drivers/STM32F1xx_HAL_Driver/Src/stm32f1xx_hal_crc.c ****   hcrc->State = HAL_CRC_STATE_BUSY;
 281              		.loc 1 279 0 discriminator 2
 282 000c 0223     		movs	r3, #2
 283 000e 4371     		strb	r3, [r0, #5]
 280:Drivers/STM32F1xx_HAL_Driver/Src/stm32f1xx_hal_crc.c **** 
 281:Drivers/STM32F1xx_HAL_Driver/Src/stm32f1xx_hal_crc.c ****   /* Reset CRC Calculation Unit */
 282:Drivers/STM32F1xx_HAL_Driver/Src/stm32f1xx_hal_crc.c ****   __HAL_CRC_DR_RESET(hcrc);
 284              		.loc 1 282 0 discriminator 2
 285 0010 0468     		ldr	r4, [r0]
 286 0012 A368     		ldr	r3, [r4, #8]
 287 0014 43F00103 		orr	r3, r3, #1
 288 0018 A360     		str	r3, [r4, #8]
 283:Drivers/STM32F1xx_HAL_Driver/Src/stm32f1xx_hal_crc.c **** 
 284:Drivers/STM32F1xx_HAL_Driver/Src/stm32f1xx_hal_crc.c ****   /* Enter Data to the CRC calculator */
 285:Drivers/STM32F1xx_HAL_Driver/Src/stm32f1xx_hal_crc.c ****   for(index = 0U; index < BufferLength; index++)
 289              		.loc 1 285 0 discriminator 2
 290 001a 0023     		movs	r3, #0
 291 001c 04E0     		b	.L30
 292              	.LVL20:
 293              	.L31:
 286:Drivers/STM32F1xx_HAL_Driver/Src/stm32f1xx_hal_crc.c ****   {
 287:Drivers/STM32F1xx_HAL_Driver/Src/stm32f1xx_hal_crc.c ****     hcrc->Instance->DR = pBuffer[index];
 294              		.loc 1 287 0 discriminator 3
 295 001e 0468     		ldr	r4, [r0]
 296 0020 51F82350 		ldr	r5, [r1, r3, lsl #2]
 297 0024 2560     		str	r5, [r4]
 285:Drivers/STM32F1xx_HAL_Driver/Src/stm32f1xx_hal_crc.c ****   {
 298              		.loc 1 285 0 discriminator 3
 299 0026 0133     		adds	r3, r3, #1
 300              	.LVL21:
 301              	.L30:
 285:Drivers/STM32F1xx_HAL_Driver/Src/stm32f1xx_hal_crc.c ****   {
 302              		.loc 1 285 0 is_stmt 0 discriminator 1
 303 0028 9342     		cmp	r3, r2
 304 002a F8D3     		bcc	.L31
 288:Drivers/STM32F1xx_HAL_Driver/Src/stm32f1xx_hal_crc.c ****   }
 289:Drivers/STM32F1xx_HAL_Driver/Src/stm32f1xx_hal_crc.c **** 
 290:Drivers/STM32F1xx_HAL_Driver/Src/stm32f1xx_hal_crc.c ****   /* Change CRC peripheral state */
 291:Drivers/STM32F1xx_HAL_Driver/Src/stm32f1xx_hal_crc.c ****   hcrc->State = HAL_CRC_STATE_READY;
 305              		.loc 1 291 0 is_stmt 1
 306 002c 0123     		movs	r3, #1
 307              	.LVL22:
 308 002e 4371     		strb	r3, [r0, #5]
 292:Drivers/STM32F1xx_HAL_Driver/Src/stm32f1xx_hal_crc.c **** 
 293:Drivers/STM32F1xx_HAL_Driver/Src/stm32f1xx_hal_crc.c ****   /* Process Unlocked */
 294:Drivers/STM32F1xx_HAL_Driver/Src/stm32f1xx_hal_crc.c ****   __HAL_UNLOCK(hcrc);
 309              		.loc 1 294 0
 310 0030 0023     		movs	r3, #0
 311 0032 0371     		strb	r3, [r0, #4]
 295:Drivers/STM32F1xx_HAL_Driver/Src/stm32f1xx_hal_crc.c **** 
 296:Drivers/STM32F1xx_HAL_Driver/Src/stm32f1xx_hal_crc.c ****   /* Return the CRC computed value */
 297:Drivers/STM32F1xx_HAL_Driver/Src/stm32f1xx_hal_crc.c ****   return hcrc->Instance->DR;
ARM GAS  C:\Users\Patrick\AppData\Local\Temp\ccuJMtdf.s 			page 12


 312              		.loc 1 297 0
 313 0034 0368     		ldr	r3, [r0]
 314 0036 1868     		ldr	r0, [r3]
 315              	.LVL23:
 298:Drivers/STM32F1xx_HAL_Driver/Src/stm32f1xx_hal_crc.c **** }
 316              		.loc 1 298 0
 317 0038 30BC     		pop	{r4, r5}
 318              	.LCFI7:
 319              		.cfi_restore 5
 320              		.cfi_restore 4
 321              		.cfi_def_cfa_offset 0
 322 003a 7047     		bx	lr
 323              	.LVL24:
 324              	.L32:
 276:Drivers/STM32F1xx_HAL_Driver/Src/stm32f1xx_hal_crc.c **** 
 325              		.loc 1 276 0
 326 003c 0220     		movs	r0, #2
 327              	.LVL25:
 328              		.loc 1 298 0
 329 003e 7047     		bx	lr
 330              		.cfi_endproc
 331              	.LFE71:
 333              		.section	.text.HAL_CRC_GetState,"ax",%progbits
 334              		.align	1
 335              		.global	HAL_CRC_GetState
 336              		.syntax unified
 337              		.thumb
 338              		.thumb_func
 339              		.fpu softvfp
 341              	HAL_CRC_GetState:
 342              	.LFB72:
 299:Drivers/STM32F1xx_HAL_Driver/Src/stm32f1xx_hal_crc.c **** 
 300:Drivers/STM32F1xx_HAL_Driver/Src/stm32f1xx_hal_crc.c **** /**
 301:Drivers/STM32F1xx_HAL_Driver/Src/stm32f1xx_hal_crc.c ****   * @}
 302:Drivers/STM32F1xx_HAL_Driver/Src/stm32f1xx_hal_crc.c ****   */
 303:Drivers/STM32F1xx_HAL_Driver/Src/stm32f1xx_hal_crc.c **** 
 304:Drivers/STM32F1xx_HAL_Driver/Src/stm32f1xx_hal_crc.c **** /** @defgroup CRC_Exported_Functions_Group3 Peripheral State functions 
 305:Drivers/STM32F1xx_HAL_Driver/Src/stm32f1xx_hal_crc.c ****  *  @brief    Peripheral State functions. 
 306:Drivers/STM32F1xx_HAL_Driver/Src/stm32f1xx_hal_crc.c ****  *
 307:Drivers/STM32F1xx_HAL_Driver/Src/stm32f1xx_hal_crc.c **** @verbatim   
 308:Drivers/STM32F1xx_HAL_Driver/Src/stm32f1xx_hal_crc.c ****   ==============================================================================
 309:Drivers/STM32F1xx_HAL_Driver/Src/stm32f1xx_hal_crc.c ****                       ##### Peripheral State functions #####
 310:Drivers/STM32F1xx_HAL_Driver/Src/stm32f1xx_hal_crc.c ****   ==============================================================================  
 311:Drivers/STM32F1xx_HAL_Driver/Src/stm32f1xx_hal_crc.c ****     [..]
 312:Drivers/STM32F1xx_HAL_Driver/Src/stm32f1xx_hal_crc.c ****     This subsection permits to get in run-time the status of the peripheral.
 313:Drivers/STM32F1xx_HAL_Driver/Src/stm32f1xx_hal_crc.c **** 
 314:Drivers/STM32F1xx_HAL_Driver/Src/stm32f1xx_hal_crc.c **** @endverbatim
 315:Drivers/STM32F1xx_HAL_Driver/Src/stm32f1xx_hal_crc.c ****   * @{
 316:Drivers/STM32F1xx_HAL_Driver/Src/stm32f1xx_hal_crc.c ****   */
 317:Drivers/STM32F1xx_HAL_Driver/Src/stm32f1xx_hal_crc.c **** 
 318:Drivers/STM32F1xx_HAL_Driver/Src/stm32f1xx_hal_crc.c **** /**
 319:Drivers/STM32F1xx_HAL_Driver/Src/stm32f1xx_hal_crc.c ****   * @brief  Returns the CRC state.
 320:Drivers/STM32F1xx_HAL_Driver/Src/stm32f1xx_hal_crc.c ****   * @param  hcrc: pointer to a CRC_HandleTypeDef structure that contains
 321:Drivers/STM32F1xx_HAL_Driver/Src/stm32f1xx_hal_crc.c ****   *         the configuration information for CRC
 322:Drivers/STM32F1xx_HAL_Driver/Src/stm32f1xx_hal_crc.c ****   * @retval HAL state
 323:Drivers/STM32F1xx_HAL_Driver/Src/stm32f1xx_hal_crc.c ****   */
 324:Drivers/STM32F1xx_HAL_Driver/Src/stm32f1xx_hal_crc.c **** HAL_CRC_StateTypeDef HAL_CRC_GetState(CRC_HandleTypeDef *hcrc)
ARM GAS  C:\Users\Patrick\AppData\Local\Temp\ccuJMtdf.s 			page 13


 325:Drivers/STM32F1xx_HAL_Driver/Src/stm32f1xx_hal_crc.c **** {
 343              		.loc 1 325 0
 344              		.cfi_startproc
 345              		@ args = 0, pretend = 0, frame = 0
 346              		@ frame_needed = 0, uses_anonymous_args = 0
 347              		@ link register save eliminated.
 348              	.LVL26:
 326:Drivers/STM32F1xx_HAL_Driver/Src/stm32f1xx_hal_crc.c ****   return hcrc->State;
 349              		.loc 1 326 0
 350 0000 4079     		ldrb	r0, [r0, #5]	@ zero_extendqisi2
 351              	.LVL27:
 327:Drivers/STM32F1xx_HAL_Driver/Src/stm32f1xx_hal_crc.c **** }
 352              		.loc 1 327 0
 353 0002 7047     		bx	lr
 354              		.cfi_endproc
 355              	.LFE72:
 357              		.text
 358              	.Letext0:
 359              		.file 2 "c:\\program files (x86)\\embedded toolchain\\gnu tools arm embedded\\7 2017-q4-major\\arm
 360              		.file 3 "c:\\program files (x86)\\embedded toolchain\\gnu tools arm embedded\\7 2017-q4-major\\arm
 361              		.file 4 "Drivers/CMSIS/Include/core_cm3.h"
 362              		.file 5 "Drivers/CMSIS/Device/ST/STM32F1xx/Include/system_stm32f1xx.h"
 363              		.file 6 "Drivers/CMSIS/Device/ST/STM32F1xx/Include/stm32f103xb.h"
 364              		.file 7 "c:\\program files (x86)\\embedded toolchain\\gnu tools arm embedded\\7 2017-q4-major\\arm
 365              		.file 8 "c:\\program files (x86)\\embedded toolchain\\gnu tools arm embedded\\7 2017-q4-major\\arm
 366              		.file 9 "c:\\program files (x86)\\embedded toolchain\\gnu tools arm embedded\\7 2017-q4-major\\lib
 367              		.file 10 "c:\\program files (x86)\\embedded toolchain\\gnu tools arm embedded\\7 2017-q4-major\\ar
 368              		.file 11 "Drivers/STM32F1xx_HAL_Driver/Inc/stm32f1xx_hal_def.h"
 369              		.file 12 "Drivers/STM32F1xx_HAL_Driver/Inc/stm32f1xx_hal_crc.h"
 370              		.file 13 "Drivers/STM32F1xx_HAL_Driver/Inc/stm32f1xx_hal.h"
ARM GAS  C:\Users\Patrick\AppData\Local\Temp\ccuJMtdf.s 			page 14


DEFINED SYMBOLS
                            *ABS*:00000000 stm32f1xx_hal_crc.c
C:\Users\Patrick\AppData\Local\Temp\ccuJMtdf.s:16     .text.HAL_CRC_MspInit:00000000 $t
C:\Users\Patrick\AppData\Local\Temp\ccuJMtdf.s:23     .text.HAL_CRC_MspInit:00000000 HAL_CRC_MspInit
C:\Users\Patrick\AppData\Local\Temp\ccuJMtdf.s:38     .text.HAL_CRC_Init:00000000 $t
C:\Users\Patrick\AppData\Local\Temp\ccuJMtdf.s:45     .text.HAL_CRC_Init:00000000 HAL_CRC_Init
C:\Users\Patrick\AppData\Local\Temp\ccuJMtdf.s:96     .text.HAL_CRC_MspDeInit:00000000 $t
C:\Users\Patrick\AppData\Local\Temp\ccuJMtdf.s:103    .text.HAL_CRC_MspDeInit:00000000 HAL_CRC_MspDeInit
C:\Users\Patrick\AppData\Local\Temp\ccuJMtdf.s:117    .text.HAL_CRC_DeInit:00000000 $t
C:\Users\Patrick\AppData\Local\Temp\ccuJMtdf.s:124    .text.HAL_CRC_DeInit:00000000 HAL_CRC_DeInit
C:\Users\Patrick\AppData\Local\Temp\ccuJMtdf.s:177    .text.HAL_CRC_Accumulate:00000000 $t
C:\Users\Patrick\AppData\Local\Temp\ccuJMtdf.s:184    .text.HAL_CRC_Accumulate:00000000 HAL_CRC_Accumulate
C:\Users\Patrick\AppData\Local\Temp\ccuJMtdf.s:253    .text.HAL_CRC_Calculate:00000000 $t
C:\Users\Patrick\AppData\Local\Temp\ccuJMtdf.s:260    .text.HAL_CRC_Calculate:00000000 HAL_CRC_Calculate
C:\Users\Patrick\AppData\Local\Temp\ccuJMtdf.s:334    .text.HAL_CRC_GetState:00000000 $t
C:\Users\Patrick\AppData\Local\Temp\ccuJMtdf.s:341    .text.HAL_CRC_GetState:00000000 HAL_CRC_GetState

NO UNDEFINED SYMBOLS
