ARM GAS  C:\Users\Patrick\AppData\Local\Temp\cckFiGfy.s 			page 1


   1              		.cpu cortex-m3
   2              		.eabi_attribute 20, 1
   3              		.eabi_attribute 21, 1
   4              		.eabi_attribute 23, 3
   5              		.eabi_attribute 24, 1
   6              		.eabi_attribute 25, 1
   7              		.eabi_attribute 26, 1
   8              		.eabi_attribute 30, 1
   9              		.eabi_attribute 34, 1
  10              		.eabi_attribute 18, 4
  11              		.file	"stm32f1xx_it.c"
  12              		.text
  13              	.Ltext0:
  14              		.cfi_sections	.debug_frame
  15              		.section	.text.NMI_Handler,"ax",%progbits
  16              		.align	1
  17              		.global	NMI_Handler
  18              		.syntax unified
  19              		.thumb
  20              		.thumb_func
  21              		.fpu softvfp
  23              	NMI_Handler:
  24              	.LFB66:
  25              		.file 1 "Src/stm32f1xx_it.c"
   1:Src/stm32f1xx_it.c **** /* USER CODE BEGIN Header */
   2:Src/stm32f1xx_it.c **** /**
   3:Src/stm32f1xx_it.c ****   ******************************************************************************
   4:Src/stm32f1xx_it.c ****   * @file    stm32f1xx_it.c
   5:Src/stm32f1xx_it.c ****   * @brief   Interrupt Service Routines.
   6:Src/stm32f1xx_it.c ****   ******************************************************************************
   7:Src/stm32f1xx_it.c ****   * @attention
   8:Src/stm32f1xx_it.c ****   *
   9:Src/stm32f1xx_it.c ****   * <h2><center>&copy; Copyright (c) 2020 STMicroelectronics.
  10:Src/stm32f1xx_it.c ****   * All rights reserved.</center></h2>
  11:Src/stm32f1xx_it.c ****   *
  12:Src/stm32f1xx_it.c ****   * This software component is licensed by ST under Ultimate Liberty license
  13:Src/stm32f1xx_it.c ****   * SLA0044, the "License"; You may not use this file except in compliance with
  14:Src/stm32f1xx_it.c ****   * the License. You may obtain a copy of the License at:
  15:Src/stm32f1xx_it.c ****   *                             www.st.com/SLA0044
  16:Src/stm32f1xx_it.c ****   *
  17:Src/stm32f1xx_it.c ****   ******************************************************************************
  18:Src/stm32f1xx_it.c ****   */
  19:Src/stm32f1xx_it.c **** /* USER CODE END Header */
  20:Src/stm32f1xx_it.c **** 
  21:Src/stm32f1xx_it.c **** /* Includes ------------------------------------------------------------------*/
  22:Src/stm32f1xx_it.c **** #include "main.h"
  23:Src/stm32f1xx_it.c **** #include "stm32f1xx_it.h"
  24:Src/stm32f1xx_it.c **** /* Private includes ----------------------------------------------------------*/
  25:Src/stm32f1xx_it.c **** /* USER CODE BEGIN Includes */
  26:Src/stm32f1xx_it.c **** /* USER CODE END Includes */
  27:Src/stm32f1xx_it.c **** 
  28:Src/stm32f1xx_it.c **** /* Private typedef -----------------------------------------------------------*/
  29:Src/stm32f1xx_it.c **** /* USER CODE BEGIN TD */
  30:Src/stm32f1xx_it.c **** 
  31:Src/stm32f1xx_it.c **** /* USER CODE END TD */
  32:Src/stm32f1xx_it.c **** 
  33:Src/stm32f1xx_it.c **** /* Private define ------------------------------------------------------------*/
ARM GAS  C:\Users\Patrick\AppData\Local\Temp\cckFiGfy.s 			page 2


  34:Src/stm32f1xx_it.c **** /* USER CODE BEGIN PD */
  35:Src/stm32f1xx_it.c ****  
  36:Src/stm32f1xx_it.c **** /* USER CODE END PD */
  37:Src/stm32f1xx_it.c **** 
  38:Src/stm32f1xx_it.c **** /* Private macro -------------------------------------------------------------*/
  39:Src/stm32f1xx_it.c **** /* USER CODE BEGIN PM */
  40:Src/stm32f1xx_it.c **** 
  41:Src/stm32f1xx_it.c **** /* USER CODE END PM */
  42:Src/stm32f1xx_it.c **** 
  43:Src/stm32f1xx_it.c **** /* Private variables ---------------------------------------------------------*/
  44:Src/stm32f1xx_it.c **** /* USER CODE BEGIN PV */
  45:Src/stm32f1xx_it.c **** 
  46:Src/stm32f1xx_it.c **** /* USER CODE END PV */
  47:Src/stm32f1xx_it.c **** 
  48:Src/stm32f1xx_it.c **** /* Private function prototypes -----------------------------------------------*/
  49:Src/stm32f1xx_it.c **** /* USER CODE BEGIN PFP */
  50:Src/stm32f1xx_it.c **** 
  51:Src/stm32f1xx_it.c **** /* USER CODE END PFP */
  52:Src/stm32f1xx_it.c **** 
  53:Src/stm32f1xx_it.c **** /* Private user code ---------------------------------------------------------*/
  54:Src/stm32f1xx_it.c **** /* USER CODE BEGIN 0 */
  55:Src/stm32f1xx_it.c **** 
  56:Src/stm32f1xx_it.c **** /* USER CODE END 0 */
  57:Src/stm32f1xx_it.c **** 
  58:Src/stm32f1xx_it.c **** /* External variables --------------------------------------------------------*/
  59:Src/stm32f1xx_it.c **** extern PCD_HandleTypeDef hpcd_USB_FS;
  60:Src/stm32f1xx_it.c **** extern I2C_HandleTypeDef hi2c1;
  61:Src/stm32f1xx_it.c **** extern TIM_HandleTypeDef htim3;
  62:Src/stm32f1xx_it.c **** /* USER CODE BEGIN EV */
  63:Src/stm32f1xx_it.c **** 
  64:Src/stm32f1xx_it.c **** /* USER CODE END EV */
  65:Src/stm32f1xx_it.c **** 
  66:Src/stm32f1xx_it.c **** /******************************************************************************/
  67:Src/stm32f1xx_it.c **** /*           Cortex-M3 Processor Interruption and Exception Handlers          */ 
  68:Src/stm32f1xx_it.c **** /******************************************************************************/
  69:Src/stm32f1xx_it.c **** /**
  70:Src/stm32f1xx_it.c ****   * @brief This function handles Non maskable interrupt.
  71:Src/stm32f1xx_it.c ****   */
  72:Src/stm32f1xx_it.c **** void NMI_Handler(void)
  73:Src/stm32f1xx_it.c **** {
  26              		.loc 1 73 0
  27              		.cfi_startproc
  28              		@ args = 0, pretend = 0, frame = 0
  29              		@ frame_needed = 0, uses_anonymous_args = 0
  30              		@ link register save eliminated.
  74:Src/stm32f1xx_it.c ****   /* USER CODE BEGIN NonMaskableInt_IRQn 0 */
  75:Src/stm32f1xx_it.c **** 
  76:Src/stm32f1xx_it.c ****   /* USER CODE END NonMaskableInt_IRQn 0 */
  77:Src/stm32f1xx_it.c ****   /* USER CODE BEGIN NonMaskableInt_IRQn 1 */
  78:Src/stm32f1xx_it.c **** 
  79:Src/stm32f1xx_it.c ****   /* USER CODE END NonMaskableInt_IRQn 1 */
  80:Src/stm32f1xx_it.c **** }
  31              		.loc 1 80 0
  32 0000 7047     		bx	lr
  33              		.cfi_endproc
  34              	.LFE66:
  36              		.section	.text.HardFault_Handler,"ax",%progbits
ARM GAS  C:\Users\Patrick\AppData\Local\Temp\cckFiGfy.s 			page 3


  37              		.align	1
  38              		.global	HardFault_Handler
  39              		.syntax unified
  40              		.thumb
  41              		.thumb_func
  42              		.fpu softvfp
  44              	HardFault_Handler:
  45              	.LFB67:
  81:Src/stm32f1xx_it.c **** 
  82:Src/stm32f1xx_it.c **** /**
  83:Src/stm32f1xx_it.c ****   * @brief This function handles Hard fault interrupt.
  84:Src/stm32f1xx_it.c ****   */
  85:Src/stm32f1xx_it.c **** void HardFault_Handler(void)
  86:Src/stm32f1xx_it.c **** {
  46              		.loc 1 86 0
  47              		.cfi_startproc
  48              		@ Volatile: function does not return.
  49              		@ args = 0, pretend = 0, frame = 0
  50              		@ frame_needed = 0, uses_anonymous_args = 0
  51              		@ link register save eliminated.
  52              	.L3:
  53 0000 FEE7     		b	.L3
  54              		.cfi_endproc
  55              	.LFE67:
  57              		.section	.text.MemManage_Handler,"ax",%progbits
  58              		.align	1
  59              		.global	MemManage_Handler
  60              		.syntax unified
  61              		.thumb
  62              		.thumb_func
  63              		.fpu softvfp
  65              	MemManage_Handler:
  66              	.LFB68:
  87:Src/stm32f1xx_it.c ****   /* USER CODE BEGIN HardFault_IRQn 0 */
  88:Src/stm32f1xx_it.c **** 
  89:Src/stm32f1xx_it.c ****   /* USER CODE END HardFault_IRQn 0 */
  90:Src/stm32f1xx_it.c ****   while (1)
  91:Src/stm32f1xx_it.c ****   {
  92:Src/stm32f1xx_it.c ****     /* USER CODE BEGIN W1_HardFault_IRQn 0 */
  93:Src/stm32f1xx_it.c ****     /* USER CODE END W1_HardFault_IRQn 0 */
  94:Src/stm32f1xx_it.c ****   }
  95:Src/stm32f1xx_it.c **** }
  96:Src/stm32f1xx_it.c **** 
  97:Src/stm32f1xx_it.c **** /**
  98:Src/stm32f1xx_it.c ****   * @brief This function handles Memory management fault.
  99:Src/stm32f1xx_it.c ****   */
 100:Src/stm32f1xx_it.c **** void MemManage_Handler(void)
 101:Src/stm32f1xx_it.c **** {
  67              		.loc 1 101 0
  68              		.cfi_startproc
  69              		@ Volatile: function does not return.
  70              		@ args = 0, pretend = 0, frame = 0
  71              		@ frame_needed = 0, uses_anonymous_args = 0
  72              		@ link register save eliminated.
  73              	.L5:
  74 0000 FEE7     		b	.L5
  75              		.cfi_endproc
ARM GAS  C:\Users\Patrick\AppData\Local\Temp\cckFiGfy.s 			page 4


  76              	.LFE68:
  78              		.section	.text.BusFault_Handler,"ax",%progbits
  79              		.align	1
  80              		.global	BusFault_Handler
  81              		.syntax unified
  82              		.thumb
  83              		.thumb_func
  84              		.fpu softvfp
  86              	BusFault_Handler:
  87              	.LFB69:
 102:Src/stm32f1xx_it.c ****   /* USER CODE BEGIN MemoryManagement_IRQn 0 */
 103:Src/stm32f1xx_it.c **** 
 104:Src/stm32f1xx_it.c ****   /* USER CODE END MemoryManagement_IRQn 0 */
 105:Src/stm32f1xx_it.c ****   while (1)
 106:Src/stm32f1xx_it.c ****   {
 107:Src/stm32f1xx_it.c ****     /* USER CODE BEGIN W1_MemoryManagement_IRQn 0 */
 108:Src/stm32f1xx_it.c ****     /* USER CODE END W1_MemoryManagement_IRQn 0 */
 109:Src/stm32f1xx_it.c ****   }
 110:Src/stm32f1xx_it.c **** }
 111:Src/stm32f1xx_it.c **** 
 112:Src/stm32f1xx_it.c **** /**
 113:Src/stm32f1xx_it.c ****   * @brief This function handles Prefetch fault, memory access fault.
 114:Src/stm32f1xx_it.c ****   */
 115:Src/stm32f1xx_it.c **** void BusFault_Handler(void)
 116:Src/stm32f1xx_it.c **** {
  88              		.loc 1 116 0
  89              		.cfi_startproc
  90              		@ Volatile: function does not return.
  91              		@ args = 0, pretend = 0, frame = 0
  92              		@ frame_needed = 0, uses_anonymous_args = 0
  93              		@ link register save eliminated.
  94              	.L7:
  95 0000 FEE7     		b	.L7
  96              		.cfi_endproc
  97              	.LFE69:
  99              		.section	.text.UsageFault_Handler,"ax",%progbits
 100              		.align	1
 101              		.global	UsageFault_Handler
 102              		.syntax unified
 103              		.thumb
 104              		.thumb_func
 105              		.fpu softvfp
 107              	UsageFault_Handler:
 108              	.LFB70:
 117:Src/stm32f1xx_it.c ****   /* USER CODE BEGIN BusFault_IRQn 0 */
 118:Src/stm32f1xx_it.c **** 
 119:Src/stm32f1xx_it.c ****   /* USER CODE END BusFault_IRQn 0 */
 120:Src/stm32f1xx_it.c ****   while (1)
 121:Src/stm32f1xx_it.c ****   {
 122:Src/stm32f1xx_it.c ****     /* USER CODE BEGIN W1_BusFault_IRQn 0 */
 123:Src/stm32f1xx_it.c ****     /* USER CODE END W1_BusFault_IRQn 0 */
 124:Src/stm32f1xx_it.c ****   }
 125:Src/stm32f1xx_it.c **** }
 126:Src/stm32f1xx_it.c **** 
 127:Src/stm32f1xx_it.c **** /**
 128:Src/stm32f1xx_it.c ****   * @brief This function handles Undefined instruction or illegal state.
 129:Src/stm32f1xx_it.c ****   */
ARM GAS  C:\Users\Patrick\AppData\Local\Temp\cckFiGfy.s 			page 5


 130:Src/stm32f1xx_it.c **** void UsageFault_Handler(void)
 131:Src/stm32f1xx_it.c **** {
 109              		.loc 1 131 0
 110              		.cfi_startproc
 111              		@ Volatile: function does not return.
 112              		@ args = 0, pretend = 0, frame = 0
 113              		@ frame_needed = 0, uses_anonymous_args = 0
 114              		@ link register save eliminated.
 115              	.L9:
 116 0000 FEE7     		b	.L9
 117              		.cfi_endproc
 118              	.LFE70:
 120              		.section	.text.SVC_Handler,"ax",%progbits
 121              		.align	1
 122              		.global	SVC_Handler
 123              		.syntax unified
 124              		.thumb
 125              		.thumb_func
 126              		.fpu softvfp
 128              	SVC_Handler:
 129              	.LFB71:
 132:Src/stm32f1xx_it.c ****   /* USER CODE BEGIN UsageFault_IRQn 0 */
 133:Src/stm32f1xx_it.c **** 
 134:Src/stm32f1xx_it.c ****   /* USER CODE END UsageFault_IRQn 0 */
 135:Src/stm32f1xx_it.c ****   while (1)
 136:Src/stm32f1xx_it.c ****   {
 137:Src/stm32f1xx_it.c ****     /* USER CODE BEGIN W1_UsageFault_IRQn 0 */
 138:Src/stm32f1xx_it.c ****     /* USER CODE END W1_UsageFault_IRQn 0 */
 139:Src/stm32f1xx_it.c ****   }
 140:Src/stm32f1xx_it.c **** }
 141:Src/stm32f1xx_it.c **** 
 142:Src/stm32f1xx_it.c **** /**
 143:Src/stm32f1xx_it.c ****   * @brief This function handles System service call via SWI instruction.
 144:Src/stm32f1xx_it.c ****   */
 145:Src/stm32f1xx_it.c **** void SVC_Handler(void)
 146:Src/stm32f1xx_it.c **** {
 130              		.loc 1 146 0
 131              		.cfi_startproc
 132              		@ args = 0, pretend = 0, frame = 0
 133              		@ frame_needed = 0, uses_anonymous_args = 0
 134              		@ link register save eliminated.
 147:Src/stm32f1xx_it.c ****   /* USER CODE BEGIN SVCall_IRQn 0 */
 148:Src/stm32f1xx_it.c **** 
 149:Src/stm32f1xx_it.c ****   /* USER CODE END SVCall_IRQn 0 */
 150:Src/stm32f1xx_it.c ****   /* USER CODE BEGIN SVCall_IRQn 1 */
 151:Src/stm32f1xx_it.c **** 
 152:Src/stm32f1xx_it.c ****   /* USER CODE END SVCall_IRQn 1 */
 153:Src/stm32f1xx_it.c **** }
 135              		.loc 1 153 0
 136 0000 7047     		bx	lr
 137              		.cfi_endproc
 138              	.LFE71:
 140              		.section	.text.DebugMon_Handler,"ax",%progbits
 141              		.align	1
 142              		.global	DebugMon_Handler
 143              		.syntax unified
 144              		.thumb
ARM GAS  C:\Users\Patrick\AppData\Local\Temp\cckFiGfy.s 			page 6


 145              		.thumb_func
 146              		.fpu softvfp
 148              	DebugMon_Handler:
 149              	.LFB72:
 154:Src/stm32f1xx_it.c **** 
 155:Src/stm32f1xx_it.c **** /**
 156:Src/stm32f1xx_it.c ****   * @brief This function handles Debug monitor.
 157:Src/stm32f1xx_it.c ****   */
 158:Src/stm32f1xx_it.c **** void DebugMon_Handler(void)
 159:Src/stm32f1xx_it.c **** {
 150              		.loc 1 159 0
 151              		.cfi_startproc
 152              		@ args = 0, pretend = 0, frame = 0
 153              		@ frame_needed = 0, uses_anonymous_args = 0
 154              		@ link register save eliminated.
 160:Src/stm32f1xx_it.c ****   /* USER CODE BEGIN DebugMonitor_IRQn 0 */
 161:Src/stm32f1xx_it.c **** 
 162:Src/stm32f1xx_it.c ****   /* USER CODE END DebugMonitor_IRQn 0 */
 163:Src/stm32f1xx_it.c ****   /* USER CODE BEGIN DebugMonitor_IRQn 1 */
 164:Src/stm32f1xx_it.c **** 
 165:Src/stm32f1xx_it.c ****   /* USER CODE END DebugMonitor_IRQn 1 */
 166:Src/stm32f1xx_it.c **** }
 155              		.loc 1 166 0
 156 0000 7047     		bx	lr
 157              		.cfi_endproc
 158              	.LFE72:
 160              		.section	.text.PendSV_Handler,"ax",%progbits
 161              		.align	1
 162              		.global	PendSV_Handler
 163              		.syntax unified
 164              		.thumb
 165              		.thumb_func
 166              		.fpu softvfp
 168              	PendSV_Handler:
 169              	.LFB73:
 167:Src/stm32f1xx_it.c **** 
 168:Src/stm32f1xx_it.c **** /**
 169:Src/stm32f1xx_it.c ****   * @brief This function handles Pendable request for system service.
 170:Src/stm32f1xx_it.c ****   */
 171:Src/stm32f1xx_it.c **** void PendSV_Handler(void)
 172:Src/stm32f1xx_it.c **** {
 170              		.loc 1 172 0
 171              		.cfi_startproc
 172              		@ args = 0, pretend = 0, frame = 0
 173              		@ frame_needed = 0, uses_anonymous_args = 0
 174              		@ link register save eliminated.
 173:Src/stm32f1xx_it.c ****   /* USER CODE BEGIN PendSV_IRQn 0 */
 174:Src/stm32f1xx_it.c **** 
 175:Src/stm32f1xx_it.c ****   /* USER CODE END PendSV_IRQn 0 */
 176:Src/stm32f1xx_it.c ****   /* USER CODE BEGIN PendSV_IRQn 1 */
 177:Src/stm32f1xx_it.c **** 
 178:Src/stm32f1xx_it.c ****   /* USER CODE END PendSV_IRQn 1 */
 179:Src/stm32f1xx_it.c **** }
 175              		.loc 1 179 0
 176 0000 7047     		bx	lr
 177              		.cfi_endproc
 178              	.LFE73:
ARM GAS  C:\Users\Patrick\AppData\Local\Temp\cckFiGfy.s 			page 7


 180              		.section	.text.SysTick_Handler,"ax",%progbits
 181              		.align	1
 182              		.global	SysTick_Handler
 183              		.syntax unified
 184              		.thumb
 185              		.thumb_func
 186              		.fpu softvfp
 188              	SysTick_Handler:
 189              	.LFB74:
 180:Src/stm32f1xx_it.c **** 
 181:Src/stm32f1xx_it.c **** /**
 182:Src/stm32f1xx_it.c ****   * @brief This function handles System tick timer.
 183:Src/stm32f1xx_it.c ****   */
 184:Src/stm32f1xx_it.c **** void SysTick_Handler(void)
 185:Src/stm32f1xx_it.c **** {
 190              		.loc 1 185 0
 191              		.cfi_startproc
 192              		@ args = 0, pretend = 0, frame = 0
 193              		@ frame_needed = 0, uses_anonymous_args = 0
 194 0000 08B5     		push	{r3, lr}
 195              	.LCFI0:
 196              		.cfi_def_cfa_offset 8
 197              		.cfi_offset 3, -8
 198              		.cfi_offset 14, -4
 186:Src/stm32f1xx_it.c ****   /* USER CODE BEGIN SysTick_IRQn 0 */
 187:Src/stm32f1xx_it.c **** 
 188:Src/stm32f1xx_it.c ****   /* USER CODE END SysTick_IRQn 0 */
 189:Src/stm32f1xx_it.c ****   HAL_IncTick();
 199              		.loc 1 189 0
 200 0002 FFF7FEFF 		bl	HAL_IncTick
 201              	.LVL0:
 190:Src/stm32f1xx_it.c ****   /* USER CODE BEGIN SysTick_IRQn 1 */
 191:Src/stm32f1xx_it.c **** 
 192:Src/stm32f1xx_it.c ****   /* USER CODE END SysTick_IRQn 1 */
 193:Src/stm32f1xx_it.c **** }
 202              		.loc 1 193 0
 203 0006 08BD     		pop	{r3, pc}
 204              		.cfi_endproc
 205              	.LFE74:
 207              		.section	.text.USB_LP_CAN1_RX0_IRQHandler,"ax",%progbits
 208              		.align	1
 209              		.global	USB_LP_CAN1_RX0_IRQHandler
 210              		.syntax unified
 211              		.thumb
 212              		.thumb_func
 213              		.fpu softvfp
 215              	USB_LP_CAN1_RX0_IRQHandler:
 216              	.LFB75:
 194:Src/stm32f1xx_it.c **** 
 195:Src/stm32f1xx_it.c **** /******************************************************************************/
 196:Src/stm32f1xx_it.c **** /* STM32F1xx Peripheral Interrupt Handlers                                    */
 197:Src/stm32f1xx_it.c **** /* Add here the Interrupt Handlers for the used peripherals.                  */
 198:Src/stm32f1xx_it.c **** /* For the available peripheral interrupt handler names,                      */
 199:Src/stm32f1xx_it.c **** /* please refer to the startup file (startup_stm32f1xx.s).                    */
 200:Src/stm32f1xx_it.c **** /******************************************************************************/
 201:Src/stm32f1xx_it.c **** 
 202:Src/stm32f1xx_it.c **** /**
ARM GAS  C:\Users\Patrick\AppData\Local\Temp\cckFiGfy.s 			page 8


 203:Src/stm32f1xx_it.c ****   * @brief This function handles USB low priority or CAN RX0 interrupts.
 204:Src/stm32f1xx_it.c ****   */
 205:Src/stm32f1xx_it.c **** void USB_LP_CAN1_RX0_IRQHandler(void)
 206:Src/stm32f1xx_it.c **** {
 217              		.loc 1 206 0
 218              		.cfi_startproc
 219              		@ args = 0, pretend = 0, frame = 0
 220              		@ frame_needed = 0, uses_anonymous_args = 0
 221 0000 08B5     		push	{r3, lr}
 222              	.LCFI1:
 223              		.cfi_def_cfa_offset 8
 224              		.cfi_offset 3, -8
 225              		.cfi_offset 14, -4
 207:Src/stm32f1xx_it.c ****   /* USER CODE BEGIN USB_LP_CAN1_RX0_IRQn 0 */
 208:Src/stm32f1xx_it.c **** 
 209:Src/stm32f1xx_it.c ****   /* USER CODE END USB_LP_CAN1_RX0_IRQn 0 */
 210:Src/stm32f1xx_it.c ****   HAL_PCD_IRQHandler(&hpcd_USB_FS);
 226              		.loc 1 210 0
 227 0002 0248     		ldr	r0, .L17
 228 0004 FFF7FEFF 		bl	HAL_PCD_IRQHandler
 229              	.LVL1:
 211:Src/stm32f1xx_it.c ****   /* USER CODE BEGIN USB_LP_CAN1_RX0_IRQn 1 */
 212:Src/stm32f1xx_it.c **** 
 213:Src/stm32f1xx_it.c ****   /* USER CODE END USB_LP_CAN1_RX0_IRQn 1 */
 214:Src/stm32f1xx_it.c **** }
 230              		.loc 1 214 0
 231 0008 08BD     		pop	{r3, pc}
 232              	.L18:
 233 000a 00BF     		.align	2
 234              	.L17:
 235 000c 00000000 		.word	hpcd_USB_FS
 236              		.cfi_endproc
 237              	.LFE75:
 239              		.section	.text.TIM3_IRQHandler,"ax",%progbits
 240              		.align	1
 241              		.global	TIM3_IRQHandler
 242              		.syntax unified
 243              		.thumb
 244              		.thumb_func
 245              		.fpu softvfp
 247              	TIM3_IRQHandler:
 248              	.LFB76:
 215:Src/stm32f1xx_it.c **** 
 216:Src/stm32f1xx_it.c **** /**
 217:Src/stm32f1xx_it.c ****   * @brief This function handles TIM3 global interrupt.
 218:Src/stm32f1xx_it.c ****   */
 219:Src/stm32f1xx_it.c **** void TIM3_IRQHandler(void)
 220:Src/stm32f1xx_it.c **** {
 249              		.loc 1 220 0
 250              		.cfi_startproc
 251              		@ args = 0, pretend = 0, frame = 0
 252              		@ frame_needed = 0, uses_anonymous_args = 0
 253 0000 08B5     		push	{r3, lr}
 254              	.LCFI2:
 255              		.cfi_def_cfa_offset 8
 256              		.cfi_offset 3, -8
 257              		.cfi_offset 14, -4
ARM GAS  C:\Users\Patrick\AppData\Local\Temp\cckFiGfy.s 			page 9


 221:Src/stm32f1xx_it.c ****   /* USER CODE BEGIN TIM3_IRQn 0 */
 222:Src/stm32f1xx_it.c **** 
 223:Src/stm32f1xx_it.c ****   /* USER CODE END TIM3_IRQn 0 */
 224:Src/stm32f1xx_it.c ****   HAL_TIM_IRQHandler(&htim3);
 258              		.loc 1 224 0
 259 0002 0248     		ldr	r0, .L21
 260 0004 FFF7FEFF 		bl	HAL_TIM_IRQHandler
 261              	.LVL2:
 225:Src/stm32f1xx_it.c ****   /* USER CODE BEGIN TIM3_IRQn 1 */
 226:Src/stm32f1xx_it.c **** 
 227:Src/stm32f1xx_it.c ****   /* USER CODE END TIM3_IRQn 1 */
 228:Src/stm32f1xx_it.c **** }
 262              		.loc 1 228 0
 263 0008 08BD     		pop	{r3, pc}
 264              	.L22:
 265 000a 00BF     		.align	2
 266              	.L21:
 267 000c 00000000 		.word	htim3
 268              		.cfi_endproc
 269              	.LFE76:
 271              		.section	.text.I2C1_EV_IRQHandler,"ax",%progbits
 272              		.align	1
 273              		.global	I2C1_EV_IRQHandler
 274              		.syntax unified
 275              		.thumb
 276              		.thumb_func
 277              		.fpu softvfp
 279              	I2C1_EV_IRQHandler:
 280              	.LFB77:
 229:Src/stm32f1xx_it.c **** 
 230:Src/stm32f1xx_it.c **** /**
 231:Src/stm32f1xx_it.c ****   * @brief This function handles I2C1 event interrupt.
 232:Src/stm32f1xx_it.c ****   */
 233:Src/stm32f1xx_it.c **** void I2C1_EV_IRQHandler(void)
 234:Src/stm32f1xx_it.c **** {
 281              		.loc 1 234 0
 282              		.cfi_startproc
 283              		@ args = 0, pretend = 0, frame = 0
 284              		@ frame_needed = 0, uses_anonymous_args = 0
 285 0000 08B5     		push	{r3, lr}
 286              	.LCFI3:
 287              		.cfi_def_cfa_offset 8
 288              		.cfi_offset 3, -8
 289              		.cfi_offset 14, -4
 235:Src/stm32f1xx_it.c ****   /* USER CODE BEGIN I2C1_EV_IRQn 0 */
 236:Src/stm32f1xx_it.c **** 
 237:Src/stm32f1xx_it.c ****   /* USER CODE END I2C1_EV_IRQn 0 */
 238:Src/stm32f1xx_it.c ****   HAL_I2C_EV_IRQHandler(&hi2c1);
 290              		.loc 1 238 0
 291 0002 0248     		ldr	r0, .L25
 292 0004 FFF7FEFF 		bl	HAL_I2C_EV_IRQHandler
 293              	.LVL3:
 239:Src/stm32f1xx_it.c ****   /* USER CODE BEGIN I2C1_EV_IRQn 1 */
 240:Src/stm32f1xx_it.c **** 
 241:Src/stm32f1xx_it.c ****   /* USER CODE END I2C1_EV_IRQn 1 */
 242:Src/stm32f1xx_it.c **** }
 294              		.loc 1 242 0
ARM GAS  C:\Users\Patrick\AppData\Local\Temp\cckFiGfy.s 			page 10


 295 0008 08BD     		pop	{r3, pc}
 296              	.L26:
 297 000a 00BF     		.align	2
 298              	.L25:
 299 000c 00000000 		.word	hi2c1
 300              		.cfi_endproc
 301              	.LFE77:
 303              		.section	.text.I2C1_ER_IRQHandler,"ax",%progbits
 304              		.align	1
 305              		.global	I2C1_ER_IRQHandler
 306              		.syntax unified
 307              		.thumb
 308              		.thumb_func
 309              		.fpu softvfp
 311              	I2C1_ER_IRQHandler:
 312              	.LFB78:
 243:Src/stm32f1xx_it.c **** 
 244:Src/stm32f1xx_it.c **** /**
 245:Src/stm32f1xx_it.c ****   * @brief This function handles I2C1 error interrupt.
 246:Src/stm32f1xx_it.c ****   */
 247:Src/stm32f1xx_it.c **** void I2C1_ER_IRQHandler(void)
 248:Src/stm32f1xx_it.c **** {
 313              		.loc 1 248 0
 314              		.cfi_startproc
 315              		@ args = 0, pretend = 0, frame = 0
 316              		@ frame_needed = 0, uses_anonymous_args = 0
 317 0000 08B5     		push	{r3, lr}
 318              	.LCFI4:
 319              		.cfi_def_cfa_offset 8
 320              		.cfi_offset 3, -8
 321              		.cfi_offset 14, -4
 249:Src/stm32f1xx_it.c ****   /* USER CODE BEGIN I2C1_ER_IRQn 0 */
 250:Src/stm32f1xx_it.c **** 
 251:Src/stm32f1xx_it.c ****   /* USER CODE END I2C1_ER_IRQn 0 */
 252:Src/stm32f1xx_it.c ****   HAL_I2C_ER_IRQHandler(&hi2c1);
 322              		.loc 1 252 0
 323 0002 0248     		ldr	r0, .L29
 324 0004 FFF7FEFF 		bl	HAL_I2C_ER_IRQHandler
 325              	.LVL4:
 253:Src/stm32f1xx_it.c ****   /* USER CODE BEGIN I2C1_ER_IRQn 1 */
 254:Src/stm32f1xx_it.c **** 
 255:Src/stm32f1xx_it.c ****   /* USER CODE END I2C1_ER_IRQn 1 */
 256:Src/stm32f1xx_it.c **** }
 326              		.loc 1 256 0
 327 0008 08BD     		pop	{r3, pc}
 328              	.L30:
 329 000a 00BF     		.align	2
 330              	.L29:
 331 000c 00000000 		.word	hi2c1
 332              		.cfi_endproc
 333              	.LFE78:
 335              		.text
 336              	.Letext0:
 337              		.file 2 "c:\\program files (x86)\\embedded toolchain\\gnu tools arm embedded\\7 2017-q4-major\\arm
 338              		.file 3 "c:\\program files (x86)\\embedded toolchain\\gnu tools arm embedded\\7 2017-q4-major\\arm
 339              		.file 4 "Drivers/CMSIS/Include/core_cm3.h"
 340              		.file 5 "Drivers/CMSIS/Device/ST/STM32F1xx/Include/system_stm32f1xx.h"
ARM GAS  C:\Users\Patrick\AppData\Local\Temp\cckFiGfy.s 			page 11


 341              		.file 6 "Drivers/CMSIS/Device/ST/STM32F1xx/Include/stm32f103xb.h"
 342              		.file 7 "c:\\program files (x86)\\embedded toolchain\\gnu tools arm embedded\\7 2017-q4-major\\arm
 343              		.file 8 "c:\\program files (x86)\\embedded toolchain\\gnu tools arm embedded\\7 2017-q4-major\\arm
 344              		.file 9 "c:\\program files (x86)\\embedded toolchain\\gnu tools arm embedded\\7 2017-q4-major\\lib
 345              		.file 10 "c:\\program files (x86)\\embedded toolchain\\gnu tools arm embedded\\7 2017-q4-major\\ar
 346              		.file 11 "Drivers/STM32F1xx_HAL_Driver/Inc/stm32f1xx_hal_def.h"
 347              		.file 12 "Drivers/STM32F1xx_HAL_Driver/Inc/stm32f1xx_hal_dma.h"
 348              		.file 13 "Drivers/STM32F1xx_HAL_Driver/Inc/stm32f1xx_hal_i2c.h"
 349              		.file 14 "Drivers/STM32F1xx_HAL_Driver/Inc/stm32f1xx_hal_tim.h"
 350              		.file 15 "Drivers/STM32F1xx_HAL_Driver/Inc/stm32f1xx_ll_usb.h"
 351              		.file 16 "Drivers/STM32F1xx_HAL_Driver/Inc/stm32f1xx_hal_pcd.h"
 352              		.file 17 "Drivers/STM32F1xx_HAL_Driver/Inc/stm32f1xx_hal.h"
ARM GAS  C:\Users\Patrick\AppData\Local\Temp\cckFiGfy.s 			page 12


DEFINED SYMBOLS
                            *ABS*:00000000 stm32f1xx_it.c
C:\Users\Patrick\AppData\Local\Temp\cckFiGfy.s:16     .text.NMI_Handler:00000000 $t
C:\Users\Patrick\AppData\Local\Temp\cckFiGfy.s:23     .text.NMI_Handler:00000000 NMI_Handler
C:\Users\Patrick\AppData\Local\Temp\cckFiGfy.s:37     .text.HardFault_Handler:00000000 $t
C:\Users\Patrick\AppData\Local\Temp\cckFiGfy.s:44     .text.HardFault_Handler:00000000 HardFault_Handler
C:\Users\Patrick\AppData\Local\Temp\cckFiGfy.s:58     .text.MemManage_Handler:00000000 $t
C:\Users\Patrick\AppData\Local\Temp\cckFiGfy.s:65     .text.MemManage_Handler:00000000 MemManage_Handler
C:\Users\Patrick\AppData\Local\Temp\cckFiGfy.s:79     .text.BusFault_Handler:00000000 $t
C:\Users\Patrick\AppData\Local\Temp\cckFiGfy.s:86     .text.BusFault_Handler:00000000 BusFault_Handler
C:\Users\Patrick\AppData\Local\Temp\cckFiGfy.s:100    .text.UsageFault_Handler:00000000 $t
C:\Users\Patrick\AppData\Local\Temp\cckFiGfy.s:107    .text.UsageFault_Handler:00000000 UsageFault_Handler
C:\Users\Patrick\AppData\Local\Temp\cckFiGfy.s:121    .text.SVC_Handler:00000000 $t
C:\Users\Patrick\AppData\Local\Temp\cckFiGfy.s:128    .text.SVC_Handler:00000000 SVC_Handler
C:\Users\Patrick\AppData\Local\Temp\cckFiGfy.s:141    .text.DebugMon_Handler:00000000 $t
C:\Users\Patrick\AppData\Local\Temp\cckFiGfy.s:148    .text.DebugMon_Handler:00000000 DebugMon_Handler
C:\Users\Patrick\AppData\Local\Temp\cckFiGfy.s:161    .text.PendSV_Handler:00000000 $t
C:\Users\Patrick\AppData\Local\Temp\cckFiGfy.s:168    .text.PendSV_Handler:00000000 PendSV_Handler
C:\Users\Patrick\AppData\Local\Temp\cckFiGfy.s:181    .text.SysTick_Handler:00000000 $t
C:\Users\Patrick\AppData\Local\Temp\cckFiGfy.s:188    .text.SysTick_Handler:00000000 SysTick_Handler
C:\Users\Patrick\AppData\Local\Temp\cckFiGfy.s:208    .text.USB_LP_CAN1_RX0_IRQHandler:00000000 $t
C:\Users\Patrick\AppData\Local\Temp\cckFiGfy.s:215    .text.USB_LP_CAN1_RX0_IRQHandler:00000000 USB_LP_CAN1_RX0_IRQHandler
C:\Users\Patrick\AppData\Local\Temp\cckFiGfy.s:235    .text.USB_LP_CAN1_RX0_IRQHandler:0000000c $d
C:\Users\Patrick\AppData\Local\Temp\cckFiGfy.s:240    .text.TIM3_IRQHandler:00000000 $t
C:\Users\Patrick\AppData\Local\Temp\cckFiGfy.s:247    .text.TIM3_IRQHandler:00000000 TIM3_IRQHandler
C:\Users\Patrick\AppData\Local\Temp\cckFiGfy.s:267    .text.TIM3_IRQHandler:0000000c $d
C:\Users\Patrick\AppData\Local\Temp\cckFiGfy.s:272    .text.I2C1_EV_IRQHandler:00000000 $t
C:\Users\Patrick\AppData\Local\Temp\cckFiGfy.s:279    .text.I2C1_EV_IRQHandler:00000000 I2C1_EV_IRQHandler
C:\Users\Patrick\AppData\Local\Temp\cckFiGfy.s:299    .text.I2C1_EV_IRQHandler:0000000c $d
C:\Users\Patrick\AppData\Local\Temp\cckFiGfy.s:304    .text.I2C1_ER_IRQHandler:00000000 $t
C:\Users\Patrick\AppData\Local\Temp\cckFiGfy.s:311    .text.I2C1_ER_IRQHandler:00000000 I2C1_ER_IRQHandler
C:\Users\Patrick\AppData\Local\Temp\cckFiGfy.s:331    .text.I2C1_ER_IRQHandler:0000000c $d

UNDEFINED SYMBOLS
HAL_IncTick
HAL_PCD_IRQHandler
hpcd_USB_FS
HAL_TIM_IRQHandler
htim3
HAL_I2C_EV_IRQHandler
hi2c1
HAL_I2C_ER_IRQHandler
