ARM GAS  C:\Users\Patrick\AppData\Local\Temp\ccToUZAx.s 			page 1


   1              		.cpu cortex-m3
   2              		.eabi_attribute 20, 1
   3              		.eabi_attribute 21, 1
   4              		.eabi_attribute 23, 3
   5              		.eabi_attribute 24, 1
   6              		.eabi_attribute 25, 1
   7              		.eabi_attribute 26, 1
   8              		.eabi_attribute 30, 1
   9              		.eabi_attribute 34, 1
  10              		.eabi_attribute 18, 4
  11              		.file	"usart.c"
  12              		.text
  13              	.Ltext0:
  14              		.cfi_sections	.debug_frame
  15              		.section	.text.MX_USART1_UART_Init,"ax",%progbits
  16              		.align	1
  17              		.global	MX_USART1_UART_Init
  18              		.syntax unified
  19              		.thumb
  20              		.thumb_func
  21              		.fpu softvfp
  23              	MX_USART1_UART_Init:
  24              	.LFB66:
  25              		.file 1 "Src/usart.c"
   1:Src/usart.c   **** /**
   2:Src/usart.c   ****   ******************************************************************************
   3:Src/usart.c   ****   * File Name          : USART.c
   4:Src/usart.c   ****   * Description        : This file provides code for the configuration
   5:Src/usart.c   ****   *                      of the USART instances.
   6:Src/usart.c   ****   ******************************************************************************
   7:Src/usart.c   ****   * @attention
   8:Src/usart.c   ****   *
   9:Src/usart.c   ****   * <h2><center>&copy; Copyright (c) 2020 STMicroelectronics.
  10:Src/usart.c   ****   * All rights reserved.</center></h2>
  11:Src/usart.c   ****   *
  12:Src/usart.c   ****   * This software component is licensed by ST under Ultimate Liberty license
  13:Src/usart.c   ****   * SLA0044, the "License"; You may not use this file except in compliance with
  14:Src/usart.c   ****   * the License. You may obtain a copy of the License at:
  15:Src/usart.c   ****   *                             www.st.com/SLA0044
  16:Src/usart.c   ****   *
  17:Src/usart.c   ****   ******************************************************************************
  18:Src/usart.c   ****   */
  19:Src/usart.c   **** 
  20:Src/usart.c   **** /* Includes ------------------------------------------------------------------*/
  21:Src/usart.c   **** #include "usart.h"
  22:Src/usart.c   **** 
  23:Src/usart.c   **** /* USER CODE BEGIN 0 */
  24:Src/usart.c   **** 
  25:Src/usart.c   **** /* USER CODE END 0 */
  26:Src/usart.c   **** 
  27:Src/usart.c   **** UART_HandleTypeDef huart1;
  28:Src/usart.c   **** 
  29:Src/usart.c   **** /* USART1 init function */
  30:Src/usart.c   **** 
  31:Src/usart.c   **** void MX_USART1_UART_Init(void)
  32:Src/usart.c   **** {
  26              		.loc 1 32 0
ARM GAS  C:\Users\Patrick\AppData\Local\Temp\ccToUZAx.s 			page 2


  27              		.cfi_startproc
  28              		@ args = 0, pretend = 0, frame = 0
  29              		@ frame_needed = 0, uses_anonymous_args = 0
  30 0000 08B5     		push	{r3, lr}
  31              	.LCFI0:
  32              		.cfi_def_cfa_offset 8
  33              		.cfi_offset 3, -8
  34              		.cfi_offset 14, -4
  33:Src/usart.c   **** 
  34:Src/usart.c   ****   huart1.Instance = USART1;
  35              		.loc 1 34 0
  36 0002 0A48     		ldr	r0, .L5
  37 0004 0A4B     		ldr	r3, .L5+4
  38 0006 0360     		str	r3, [r0]
  35:Src/usart.c   ****   huart1.Init.BaudRate = 230400;
  39              		.loc 1 35 0
  40 0008 4FF46133 		mov	r3, #230400
  41 000c 4360     		str	r3, [r0, #4]
  36:Src/usart.c   ****   huart1.Init.WordLength = UART_WORDLENGTH_8B;
  42              		.loc 1 36 0
  43 000e 0023     		movs	r3, #0
  44 0010 8360     		str	r3, [r0, #8]
  37:Src/usart.c   ****   huart1.Init.StopBits = UART_STOPBITS_1;
  45              		.loc 1 37 0
  46 0012 C360     		str	r3, [r0, #12]
  38:Src/usart.c   ****   huart1.Init.Parity = UART_PARITY_NONE;
  47              		.loc 1 38 0
  48 0014 0361     		str	r3, [r0, #16]
  39:Src/usart.c   ****   huart1.Init.Mode = UART_MODE_TX_RX;
  49              		.loc 1 39 0
  50 0016 0C22     		movs	r2, #12
  51 0018 4261     		str	r2, [r0, #20]
  40:Src/usart.c   ****   huart1.Init.HwFlowCtl = UART_HWCONTROL_NONE;
  52              		.loc 1 40 0
  53 001a 8361     		str	r3, [r0, #24]
  41:Src/usart.c   ****   huart1.Init.OverSampling = UART_OVERSAMPLING_16;
  54              		.loc 1 41 0
  55 001c C361     		str	r3, [r0, #28]
  42:Src/usart.c   ****   if (HAL_UART_Init(&huart1) != HAL_OK)
  56              		.loc 1 42 0
  57 001e FFF7FEFF 		bl	HAL_UART_Init
  58              	.LVL0:
  59 0022 00B9     		cbnz	r0, .L4
  60              	.L1:
  43:Src/usart.c   ****   {
  44:Src/usart.c   ****     Error_Handler();
  45:Src/usart.c   ****   }
  46:Src/usart.c   **** 
  47:Src/usart.c   **** }
  61              		.loc 1 47 0
  62 0024 08BD     		pop	{r3, pc}
  63              	.L4:
  44:Src/usart.c   ****   }
  64              		.loc 1 44 0
  65 0026 FFF7FEFF 		bl	Error_Handler
  66              	.LVL1:
  67              		.loc 1 47 0
ARM GAS  C:\Users\Patrick\AppData\Local\Temp\ccToUZAx.s 			page 3


  68 002a FBE7     		b	.L1
  69              	.L6:
  70              		.align	2
  71              	.L5:
  72 002c 00000000 		.word	huart1
  73 0030 00380140 		.word	1073821696
  74              		.cfi_endproc
  75              	.LFE66:
  77              		.section	.text.HAL_UART_MspInit,"ax",%progbits
  78              		.align	1
  79              		.global	HAL_UART_MspInit
  80              		.syntax unified
  81              		.thumb
  82              		.thumb_func
  83              		.fpu softvfp
  85              	HAL_UART_MspInit:
  86              	.LFB67:
  48:Src/usart.c   **** 
  49:Src/usart.c   **** void HAL_UART_MspInit(UART_HandleTypeDef* uartHandle)
  50:Src/usart.c   **** {
  87              		.loc 1 50 0
  88              		.cfi_startproc
  89              		@ args = 0, pretend = 0, frame = 24
  90              		@ frame_needed = 0, uses_anonymous_args = 0
  91              	.LVL2:
  92 0000 10B5     		push	{r4, lr}
  93              	.LCFI1:
  94              		.cfi_def_cfa_offset 8
  95              		.cfi_offset 4, -8
  96              		.cfi_offset 14, -4
  97 0002 86B0     		sub	sp, sp, #24
  98              	.LCFI2:
  99              		.cfi_def_cfa_offset 32
  51:Src/usart.c   **** 
  52:Src/usart.c   ****   GPIO_InitTypeDef GPIO_InitStruct = {0};
 100              		.loc 1 52 0
 101 0004 0023     		movs	r3, #0
 102 0006 0293     		str	r3, [sp, #8]
 103 0008 0393     		str	r3, [sp, #12]
 104 000a 0493     		str	r3, [sp, #16]
 105 000c 0593     		str	r3, [sp, #20]
  53:Src/usart.c   ****   if(uartHandle->Instance==USART1)
 106              		.loc 1 53 0
 107 000e 0268     		ldr	r2, [r0]
 108 0010 174B     		ldr	r3, .L11
 109 0012 9A42     		cmp	r2, r3
 110 0014 01D0     		beq	.L10
 111              	.LVL3:
 112              	.L7:
  54:Src/usart.c   ****   {
  55:Src/usart.c   ****   /* USER CODE BEGIN USART1_MspInit 0 */
  56:Src/usart.c   **** 
  57:Src/usart.c   ****   /* USER CODE END USART1_MspInit 0 */
  58:Src/usart.c   ****     /* USART1 clock enable */
  59:Src/usart.c   ****     __HAL_RCC_USART1_CLK_ENABLE();
  60:Src/usart.c   ****   
  61:Src/usart.c   ****     __HAL_RCC_GPIOA_CLK_ENABLE();
ARM GAS  C:\Users\Patrick\AppData\Local\Temp\ccToUZAx.s 			page 4


  62:Src/usart.c   ****     /**USART1 GPIO Configuration    
  63:Src/usart.c   ****     PA9     ------> USART1_TX
  64:Src/usart.c   ****     PA10     ------> USART1_RX 
  65:Src/usart.c   ****     */
  66:Src/usart.c   ****     GPIO_InitStruct.Pin = GPIO_PIN_9;
  67:Src/usart.c   ****     GPIO_InitStruct.Mode = GPIO_MODE_AF_PP;
  68:Src/usart.c   ****     GPIO_InitStruct.Speed = GPIO_SPEED_FREQ_HIGH;
  69:Src/usart.c   ****     HAL_GPIO_Init(GPIOA, &GPIO_InitStruct);
  70:Src/usart.c   **** 
  71:Src/usart.c   ****     GPIO_InitStruct.Pin = GPIO_PIN_10;
  72:Src/usart.c   ****     GPIO_InitStruct.Mode = GPIO_MODE_INPUT;
  73:Src/usart.c   ****     GPIO_InitStruct.Pull = GPIO_NOPULL;
  74:Src/usart.c   ****     HAL_GPIO_Init(GPIOA, &GPIO_InitStruct);
  75:Src/usart.c   **** 
  76:Src/usart.c   ****   /* USER CODE BEGIN USART1_MspInit 1 */
  77:Src/usart.c   **** 
  78:Src/usart.c   ****   /* USER CODE END USART1_MspInit 1 */
  79:Src/usart.c   ****   }
  80:Src/usart.c   **** }
 113              		.loc 1 80 0
 114 0016 06B0     		add	sp, sp, #24
 115              	.LCFI3:
 116              		.cfi_remember_state
 117              		.cfi_def_cfa_offset 8
 118              		@ sp needed
 119 0018 10BD     		pop	{r4, pc}
 120              	.LVL4:
 121              	.L10:
 122              	.LCFI4:
 123              		.cfi_restore_state
 124              	.LBB2:
  59:Src/usart.c   ****   
 125              		.loc 1 59 0
 126 001a 03F55843 		add	r3, r3, #55296
 127 001e 9A69     		ldr	r2, [r3, #24]
 128 0020 42F48042 		orr	r2, r2, #16384
 129 0024 9A61     		str	r2, [r3, #24]
 130 0026 9A69     		ldr	r2, [r3, #24]
 131 0028 02F48042 		and	r2, r2, #16384
 132 002c 0092     		str	r2, [sp]
 133 002e 009A     		ldr	r2, [sp]
 134              	.LBE2:
 135              	.LBB3:
  61:Src/usart.c   ****     /**USART1 GPIO Configuration    
 136              		.loc 1 61 0
 137 0030 9A69     		ldr	r2, [r3, #24]
 138 0032 42F00402 		orr	r2, r2, #4
 139 0036 9A61     		str	r2, [r3, #24]
 140 0038 9B69     		ldr	r3, [r3, #24]
 141 003a 03F00403 		and	r3, r3, #4
 142 003e 0193     		str	r3, [sp, #4]
 143 0040 019B     		ldr	r3, [sp, #4]
 144              	.LBE3:
  66:Src/usart.c   ****     GPIO_InitStruct.Mode = GPIO_MODE_AF_PP;
 145              		.loc 1 66 0
 146 0042 4FF40073 		mov	r3, #512
 147 0046 0293     		str	r3, [sp, #8]
ARM GAS  C:\Users\Patrick\AppData\Local\Temp\ccToUZAx.s 			page 5


  67:Src/usart.c   ****     GPIO_InitStruct.Speed = GPIO_SPEED_FREQ_HIGH;
 148              		.loc 1 67 0
 149 0048 0223     		movs	r3, #2
 150 004a 0393     		str	r3, [sp, #12]
  68:Src/usart.c   ****     HAL_GPIO_Init(GPIOA, &GPIO_InitStruct);
 151              		.loc 1 68 0
 152 004c 0323     		movs	r3, #3
 153 004e 0593     		str	r3, [sp, #20]
  69:Src/usart.c   **** 
 154              		.loc 1 69 0
 155 0050 084C     		ldr	r4, .L11+4
 156 0052 02A9     		add	r1, sp, #8
 157 0054 2046     		mov	r0, r4
 158              	.LVL5:
 159 0056 FFF7FEFF 		bl	HAL_GPIO_Init
 160              	.LVL6:
  71:Src/usart.c   ****     GPIO_InitStruct.Mode = GPIO_MODE_INPUT;
 161              		.loc 1 71 0
 162 005a 4FF48063 		mov	r3, #1024
 163 005e 0293     		str	r3, [sp, #8]
  72:Src/usart.c   ****     GPIO_InitStruct.Pull = GPIO_NOPULL;
 164              		.loc 1 72 0
 165 0060 0023     		movs	r3, #0
 166 0062 0393     		str	r3, [sp, #12]
  73:Src/usart.c   ****     HAL_GPIO_Init(GPIOA, &GPIO_InitStruct);
 167              		.loc 1 73 0
 168 0064 0493     		str	r3, [sp, #16]
  74:Src/usart.c   **** 
 169              		.loc 1 74 0
 170 0066 02A9     		add	r1, sp, #8
 171 0068 2046     		mov	r0, r4
 172 006a FFF7FEFF 		bl	HAL_GPIO_Init
 173              	.LVL7:
 174              		.loc 1 80 0
 175 006e D2E7     		b	.L7
 176              	.L12:
 177              		.align	2
 178              	.L11:
 179 0070 00380140 		.word	1073821696
 180 0074 00080140 		.word	1073809408
 181              		.cfi_endproc
 182              	.LFE67:
 184              		.section	.text.HAL_UART_MspDeInit,"ax",%progbits
 185              		.align	1
 186              		.global	HAL_UART_MspDeInit
 187              		.syntax unified
 188              		.thumb
 189              		.thumb_func
 190              		.fpu softvfp
 192              	HAL_UART_MspDeInit:
 193              	.LFB68:
  81:Src/usart.c   **** 
  82:Src/usart.c   **** void HAL_UART_MspDeInit(UART_HandleTypeDef* uartHandle)
  83:Src/usart.c   **** {
 194              		.loc 1 83 0
 195              		.cfi_startproc
 196              		@ args = 0, pretend = 0, frame = 0
ARM GAS  C:\Users\Patrick\AppData\Local\Temp\ccToUZAx.s 			page 6


 197              		@ frame_needed = 0, uses_anonymous_args = 0
 198              	.LVL8:
 199 0000 08B5     		push	{r3, lr}
 200              	.LCFI5:
 201              		.cfi_def_cfa_offset 8
 202              		.cfi_offset 3, -8
 203              		.cfi_offset 14, -4
  84:Src/usart.c   **** 
  85:Src/usart.c   ****   if(uartHandle->Instance==USART1)
 204              		.loc 1 85 0
 205 0002 0268     		ldr	r2, [r0]
 206 0004 074B     		ldr	r3, .L17
 207 0006 9A42     		cmp	r2, r3
 208 0008 00D0     		beq	.L16
 209              	.LVL9:
 210              	.L13:
  86:Src/usart.c   ****   {
  87:Src/usart.c   ****   /* USER CODE BEGIN USART1_MspDeInit 0 */
  88:Src/usart.c   **** 
  89:Src/usart.c   ****   /* USER CODE END USART1_MspDeInit 0 */
  90:Src/usart.c   ****     /* Peripheral clock disable */
  91:Src/usart.c   ****     __HAL_RCC_USART1_CLK_DISABLE();
  92:Src/usart.c   ****   
  93:Src/usart.c   ****     /**USART1 GPIO Configuration    
  94:Src/usart.c   ****     PA9     ------> USART1_TX
  95:Src/usart.c   ****     PA10     ------> USART1_RX 
  96:Src/usart.c   ****     */
  97:Src/usart.c   ****     HAL_GPIO_DeInit(GPIOA, GPIO_PIN_9|GPIO_PIN_10);
  98:Src/usart.c   **** 
  99:Src/usart.c   ****   /* USER CODE BEGIN USART1_MspDeInit 1 */
 100:Src/usart.c   **** 
 101:Src/usart.c   ****   /* USER CODE END USART1_MspDeInit 1 */
 102:Src/usart.c   ****   }
 103:Src/usart.c   **** } 
 211              		.loc 1 103 0
 212 000a 08BD     		pop	{r3, pc}
 213              	.LVL10:
 214              	.L16:
  91:Src/usart.c   ****   
 215              		.loc 1 91 0
 216 000c 064A     		ldr	r2, .L17+4
 217 000e 9369     		ldr	r3, [r2, #24]
 218 0010 23F48043 		bic	r3, r3, #16384
 219 0014 9361     		str	r3, [r2, #24]
  97:Src/usart.c   **** 
 220              		.loc 1 97 0
 221 0016 4FF4C061 		mov	r1, #1536
 222 001a 0448     		ldr	r0, .L17+8
 223              	.LVL11:
 224 001c FFF7FEFF 		bl	HAL_GPIO_DeInit
 225              	.LVL12:
 226              		.loc 1 103 0
 227 0020 F3E7     		b	.L13
 228              	.L18:
 229 0022 00BF     		.align	2
 230              	.L17:
 231 0024 00380140 		.word	1073821696
ARM GAS  C:\Users\Patrick\AppData\Local\Temp\ccToUZAx.s 			page 7


 232 0028 00100240 		.word	1073876992
 233 002c 00080140 		.word	1073809408
 234              		.cfi_endproc
 235              	.LFE68:
 237              		.comm	huart1,64,4
 238              		.text
 239              	.Letext0:
 240              		.file 2 "c:\\program files (x86)\\embedded toolchain\\gnu tools arm embedded\\7 2017-q4-major\\arm
 241              		.file 3 "c:\\program files (x86)\\embedded toolchain\\gnu tools arm embedded\\7 2017-q4-major\\arm
 242              		.file 4 "Drivers/CMSIS/Include/core_cm3.h"
 243              		.file 5 "Drivers/CMSIS/Device/ST/STM32F1xx/Include/system_stm32f1xx.h"
 244              		.file 6 "Drivers/CMSIS/Device/ST/STM32F1xx/Include/stm32f103xb.h"
 245              		.file 7 "c:\\program files (x86)\\embedded toolchain\\gnu tools arm embedded\\7 2017-q4-major\\arm
 246              		.file 8 "c:\\program files (x86)\\embedded toolchain\\gnu tools arm embedded\\7 2017-q4-major\\arm
 247              		.file 9 "c:\\program files (x86)\\embedded toolchain\\gnu tools arm embedded\\7 2017-q4-major\\lib
 248              		.file 10 "c:\\program files (x86)\\embedded toolchain\\gnu tools arm embedded\\7 2017-q4-major\\ar
 249              		.file 11 "Drivers/STM32F1xx_HAL_Driver/Inc/stm32f1xx_hal_def.h"
 250              		.file 12 "Drivers/STM32F1xx_HAL_Driver/Inc/stm32f1xx_hal_gpio.h"
 251              		.file 13 "Drivers/STM32F1xx_HAL_Driver/Inc/stm32f1xx_hal_dma.h"
 252              		.file 14 "Drivers/STM32F1xx_HAL_Driver/Inc/stm32f1xx_hal_uart.h"
 253              		.file 15 "Drivers/STM32F1xx_HAL_Driver/Inc/stm32f1xx_hal.h"
 254              		.file 16 "Inc/usart.h"
 255              		.file 17 "Inc/main.h"
ARM GAS  C:\Users\Patrick\AppData\Local\Temp\ccToUZAx.s 			page 8


DEFINED SYMBOLS
                            *ABS*:00000000 usart.c
C:\Users\Patrick\AppData\Local\Temp\ccToUZAx.s:16     .text.MX_USART1_UART_Init:00000000 $t
C:\Users\Patrick\AppData\Local\Temp\ccToUZAx.s:23     .text.MX_USART1_UART_Init:00000000 MX_USART1_UART_Init
C:\Users\Patrick\AppData\Local\Temp\ccToUZAx.s:72     .text.MX_USART1_UART_Init:0000002c $d
                            *COM*:00000040 huart1
C:\Users\Patrick\AppData\Local\Temp\ccToUZAx.s:78     .text.HAL_UART_MspInit:00000000 $t
C:\Users\Patrick\AppData\Local\Temp\ccToUZAx.s:85     .text.HAL_UART_MspInit:00000000 HAL_UART_MspInit
C:\Users\Patrick\AppData\Local\Temp\ccToUZAx.s:179    .text.HAL_UART_MspInit:00000070 $d
C:\Users\Patrick\AppData\Local\Temp\ccToUZAx.s:185    .text.HAL_UART_MspDeInit:00000000 $t
C:\Users\Patrick\AppData\Local\Temp\ccToUZAx.s:192    .text.HAL_UART_MspDeInit:00000000 HAL_UART_MspDeInit
C:\Users\Patrick\AppData\Local\Temp\ccToUZAx.s:231    .text.HAL_UART_MspDeInit:00000024 $d

UNDEFINED SYMBOLS
HAL_UART_Init
Error_Handler
HAL_GPIO_Init
HAL_GPIO_DeInit
