ARM GAS  C:\Users\Patrick\AppData\Local\Temp\ccXUwsHy.s 			page 1


   1              		.cpu cortex-m3
   2              		.eabi_attribute 20, 1
   3              		.eabi_attribute 21, 1
   4              		.eabi_attribute 23, 3
   5              		.eabi_attribute 24, 1
   6              		.eabi_attribute 25, 1
   7              		.eabi_attribute 26, 1
   8              		.eabi_attribute 30, 1
   9              		.eabi_attribute 34, 1
  10              		.eabi_attribute 18, 4
  11              		.file	"usbd_core.c"
  12              		.text
  13              	.Ltext0:
  14              		.cfi_sections	.debug_frame
  15              		.section	.text.USBD_Init,"ax",%progbits
  16              		.align	1
  17              		.global	USBD_Init
  18              		.syntax unified
  19              		.thumb
  20              		.thumb_func
  21              		.fpu softvfp
  23              	USBD_Init:
  24              	.LFB66:
  25              		.file 1 "Middlewares/ST/STM32_USB_Device_Library/Core/Src/usbd_core.c"
   1:Middlewares/ST/STM32_USB_Device_Library/Core/Src/usbd_core.c **** /**
   2:Middlewares/ST/STM32_USB_Device_Library/Core/Src/usbd_core.c ****   ******************************************************************************
   3:Middlewares/ST/STM32_USB_Device_Library/Core/Src/usbd_core.c ****   * @file    usbd_core.c
   4:Middlewares/ST/STM32_USB_Device_Library/Core/Src/usbd_core.c ****   * @author  MCD Application Team
   5:Middlewares/ST/STM32_USB_Device_Library/Core/Src/usbd_core.c ****   * @version V2.4.2
   6:Middlewares/ST/STM32_USB_Device_Library/Core/Src/usbd_core.c ****   * @date    11-December-2015
   7:Middlewares/ST/STM32_USB_Device_Library/Core/Src/usbd_core.c ****   * @brief   This file provides all the USBD core functions.
   8:Middlewares/ST/STM32_USB_Device_Library/Core/Src/usbd_core.c ****   ******************************************************************************
   9:Middlewares/ST/STM32_USB_Device_Library/Core/Src/usbd_core.c ****   * @attention
  10:Middlewares/ST/STM32_USB_Device_Library/Core/Src/usbd_core.c ****   *
  11:Middlewares/ST/STM32_USB_Device_Library/Core/Src/usbd_core.c ****   * <h2><center>&copy; COPYRIGHT 2015 STMicroelectronics</center></h2>
  12:Middlewares/ST/STM32_USB_Device_Library/Core/Src/usbd_core.c ****   *
  13:Middlewares/ST/STM32_USB_Device_Library/Core/Src/usbd_core.c ****   * Licensed under MCD-ST Liberty SW License Agreement V2, (the "License");
  14:Middlewares/ST/STM32_USB_Device_Library/Core/Src/usbd_core.c ****   * You may not use this file except in compliance with the License.
  15:Middlewares/ST/STM32_USB_Device_Library/Core/Src/usbd_core.c ****   * You may obtain a copy of the License at:
  16:Middlewares/ST/STM32_USB_Device_Library/Core/Src/usbd_core.c ****   *
  17:Middlewares/ST/STM32_USB_Device_Library/Core/Src/usbd_core.c ****   *        http://www.st.com/software_license_agreement_liberty_v2
  18:Middlewares/ST/STM32_USB_Device_Library/Core/Src/usbd_core.c ****   *
  19:Middlewares/ST/STM32_USB_Device_Library/Core/Src/usbd_core.c ****   * Unless required by applicable law or agreed to in writing, software 
  20:Middlewares/ST/STM32_USB_Device_Library/Core/Src/usbd_core.c ****   * distributed under the License is distributed on an "AS IS" BASIS, 
  21:Middlewares/ST/STM32_USB_Device_Library/Core/Src/usbd_core.c ****   * WITHOUT WARRANTIES OR CONDITIONS OF ANY KIND, either express or implied.
  22:Middlewares/ST/STM32_USB_Device_Library/Core/Src/usbd_core.c ****   * See the License for the specific language governing permissions and
  23:Middlewares/ST/STM32_USB_Device_Library/Core/Src/usbd_core.c ****   * limitations under the License.
  24:Middlewares/ST/STM32_USB_Device_Library/Core/Src/usbd_core.c ****   *
  25:Middlewares/ST/STM32_USB_Device_Library/Core/Src/usbd_core.c ****   ******************************************************************************
  26:Middlewares/ST/STM32_USB_Device_Library/Core/Src/usbd_core.c ****   */ 
  27:Middlewares/ST/STM32_USB_Device_Library/Core/Src/usbd_core.c **** 
  28:Middlewares/ST/STM32_USB_Device_Library/Core/Src/usbd_core.c **** /* Includes ------------------------------------------------------------------*/
  29:Middlewares/ST/STM32_USB_Device_Library/Core/Src/usbd_core.c **** #include "usbd_core.h"
  30:Middlewares/ST/STM32_USB_Device_Library/Core/Src/usbd_core.c **** 
  31:Middlewares/ST/STM32_USB_Device_Library/Core/Src/usbd_core.c **** /** @addtogroup STM32_USBD_DEVICE_LIBRARY
  32:Middlewares/ST/STM32_USB_Device_Library/Core/Src/usbd_core.c **** * @{
  33:Middlewares/ST/STM32_USB_Device_Library/Core/Src/usbd_core.c **** */
ARM GAS  C:\Users\Patrick\AppData\Local\Temp\ccXUwsHy.s 			page 2


  34:Middlewares/ST/STM32_USB_Device_Library/Core/Src/usbd_core.c **** 
  35:Middlewares/ST/STM32_USB_Device_Library/Core/Src/usbd_core.c **** 
  36:Middlewares/ST/STM32_USB_Device_Library/Core/Src/usbd_core.c **** /** @defgroup USBD_CORE 
  37:Middlewares/ST/STM32_USB_Device_Library/Core/Src/usbd_core.c **** * @brief usbd core module
  38:Middlewares/ST/STM32_USB_Device_Library/Core/Src/usbd_core.c **** * @{
  39:Middlewares/ST/STM32_USB_Device_Library/Core/Src/usbd_core.c **** */ 
  40:Middlewares/ST/STM32_USB_Device_Library/Core/Src/usbd_core.c **** 
  41:Middlewares/ST/STM32_USB_Device_Library/Core/Src/usbd_core.c **** /** @defgroup USBD_CORE_Private_TypesDefinitions
  42:Middlewares/ST/STM32_USB_Device_Library/Core/Src/usbd_core.c **** * @{
  43:Middlewares/ST/STM32_USB_Device_Library/Core/Src/usbd_core.c **** */ 
  44:Middlewares/ST/STM32_USB_Device_Library/Core/Src/usbd_core.c **** /**
  45:Middlewares/ST/STM32_USB_Device_Library/Core/Src/usbd_core.c **** * @}
  46:Middlewares/ST/STM32_USB_Device_Library/Core/Src/usbd_core.c **** */ 
  47:Middlewares/ST/STM32_USB_Device_Library/Core/Src/usbd_core.c **** 
  48:Middlewares/ST/STM32_USB_Device_Library/Core/Src/usbd_core.c **** 
  49:Middlewares/ST/STM32_USB_Device_Library/Core/Src/usbd_core.c **** /** @defgroup USBD_CORE_Private_Defines
  50:Middlewares/ST/STM32_USB_Device_Library/Core/Src/usbd_core.c **** * @{
  51:Middlewares/ST/STM32_USB_Device_Library/Core/Src/usbd_core.c **** */ 
  52:Middlewares/ST/STM32_USB_Device_Library/Core/Src/usbd_core.c **** 
  53:Middlewares/ST/STM32_USB_Device_Library/Core/Src/usbd_core.c **** /**
  54:Middlewares/ST/STM32_USB_Device_Library/Core/Src/usbd_core.c **** * @}
  55:Middlewares/ST/STM32_USB_Device_Library/Core/Src/usbd_core.c **** */ 
  56:Middlewares/ST/STM32_USB_Device_Library/Core/Src/usbd_core.c **** 
  57:Middlewares/ST/STM32_USB_Device_Library/Core/Src/usbd_core.c **** 
  58:Middlewares/ST/STM32_USB_Device_Library/Core/Src/usbd_core.c **** /** @defgroup USBD_CORE_Private_Macros
  59:Middlewares/ST/STM32_USB_Device_Library/Core/Src/usbd_core.c **** * @{
  60:Middlewares/ST/STM32_USB_Device_Library/Core/Src/usbd_core.c **** */ 
  61:Middlewares/ST/STM32_USB_Device_Library/Core/Src/usbd_core.c **** /**
  62:Middlewares/ST/STM32_USB_Device_Library/Core/Src/usbd_core.c **** * @}
  63:Middlewares/ST/STM32_USB_Device_Library/Core/Src/usbd_core.c **** */ 
  64:Middlewares/ST/STM32_USB_Device_Library/Core/Src/usbd_core.c **** 
  65:Middlewares/ST/STM32_USB_Device_Library/Core/Src/usbd_core.c **** 
  66:Middlewares/ST/STM32_USB_Device_Library/Core/Src/usbd_core.c **** 
  67:Middlewares/ST/STM32_USB_Device_Library/Core/Src/usbd_core.c **** 
  68:Middlewares/ST/STM32_USB_Device_Library/Core/Src/usbd_core.c **** /** @defgroup USBD_CORE_Private_FunctionPrototypes
  69:Middlewares/ST/STM32_USB_Device_Library/Core/Src/usbd_core.c **** * @{
  70:Middlewares/ST/STM32_USB_Device_Library/Core/Src/usbd_core.c **** */ 
  71:Middlewares/ST/STM32_USB_Device_Library/Core/Src/usbd_core.c **** 
  72:Middlewares/ST/STM32_USB_Device_Library/Core/Src/usbd_core.c **** /**
  73:Middlewares/ST/STM32_USB_Device_Library/Core/Src/usbd_core.c **** * @}
  74:Middlewares/ST/STM32_USB_Device_Library/Core/Src/usbd_core.c **** */ 
  75:Middlewares/ST/STM32_USB_Device_Library/Core/Src/usbd_core.c **** 
  76:Middlewares/ST/STM32_USB_Device_Library/Core/Src/usbd_core.c **** /** @defgroup USBD_CORE_Private_Variables
  77:Middlewares/ST/STM32_USB_Device_Library/Core/Src/usbd_core.c **** * @{
  78:Middlewares/ST/STM32_USB_Device_Library/Core/Src/usbd_core.c **** */ 
  79:Middlewares/ST/STM32_USB_Device_Library/Core/Src/usbd_core.c **** 
  80:Middlewares/ST/STM32_USB_Device_Library/Core/Src/usbd_core.c **** /**
  81:Middlewares/ST/STM32_USB_Device_Library/Core/Src/usbd_core.c **** * @}
  82:Middlewares/ST/STM32_USB_Device_Library/Core/Src/usbd_core.c **** */ 
  83:Middlewares/ST/STM32_USB_Device_Library/Core/Src/usbd_core.c **** 
  84:Middlewares/ST/STM32_USB_Device_Library/Core/Src/usbd_core.c **** /** @defgroup USBD_CORE_Private_Functions
  85:Middlewares/ST/STM32_USB_Device_Library/Core/Src/usbd_core.c **** * @{
  86:Middlewares/ST/STM32_USB_Device_Library/Core/Src/usbd_core.c **** */ 
  87:Middlewares/ST/STM32_USB_Device_Library/Core/Src/usbd_core.c **** 
  88:Middlewares/ST/STM32_USB_Device_Library/Core/Src/usbd_core.c **** /**
  89:Middlewares/ST/STM32_USB_Device_Library/Core/Src/usbd_core.c **** * @brief  USBD_Init
  90:Middlewares/ST/STM32_USB_Device_Library/Core/Src/usbd_core.c **** *         Initializes the device stack and load the class driver
ARM GAS  C:\Users\Patrick\AppData\Local\Temp\ccXUwsHy.s 			page 3


  91:Middlewares/ST/STM32_USB_Device_Library/Core/Src/usbd_core.c **** * @param  pdev: device instance
  92:Middlewares/ST/STM32_USB_Device_Library/Core/Src/usbd_core.c **** * @param  pdesc: Descriptor structure address
  93:Middlewares/ST/STM32_USB_Device_Library/Core/Src/usbd_core.c **** * @param  id: Low level core index
  94:Middlewares/ST/STM32_USB_Device_Library/Core/Src/usbd_core.c **** * @retval None
  95:Middlewares/ST/STM32_USB_Device_Library/Core/Src/usbd_core.c **** */
  96:Middlewares/ST/STM32_USB_Device_Library/Core/Src/usbd_core.c **** USBD_StatusTypeDef USBD_Init(USBD_HandleTypeDef *pdev, USBD_DescriptorsTypeDef *pdesc, uint8_t id)
  97:Middlewares/ST/STM32_USB_Device_Library/Core/Src/usbd_core.c **** {
  26              		.loc 1 97 0
  27              		.cfi_startproc
  28              		@ args = 0, pretend = 0, frame = 0
  29              		@ frame_needed = 0, uses_anonymous_args = 0
  30              	.LVL0:
  98:Middlewares/ST/STM32_USB_Device_Library/Core/Src/usbd_core.c ****   /* Check whether the USB Host handle is valid */
  99:Middlewares/ST/STM32_USB_Device_Library/Core/Src/usbd_core.c ****   if(pdev == NULL)
  31              		.loc 1 99 0
  32 0000 98B1     		cbz	r0, .L5
  97:Middlewares/ST/STM32_USB_Device_Library/Core/Src/usbd_core.c ****   /* Check whether the USB Host handle is valid */
  33              		.loc 1 97 0
  34 0002 08B5     		push	{r3, lr}
  35              	.LCFI0:
  36              		.cfi_def_cfa_offset 8
  37              		.cfi_offset 3, -8
  38              		.cfi_offset 14, -4
  39 0004 0346     		mov	r3, r0
 100:Middlewares/ST/STM32_USB_Device_Library/Core/Src/usbd_core.c ****   {
 101:Middlewares/ST/STM32_USB_Device_Library/Core/Src/usbd_core.c ****     USBD_ErrLog("Invalid Device handle");
 102:Middlewares/ST/STM32_USB_Device_Library/Core/Src/usbd_core.c ****     return USBD_FAIL; 
 103:Middlewares/ST/STM32_USB_Device_Library/Core/Src/usbd_core.c ****   }
 104:Middlewares/ST/STM32_USB_Device_Library/Core/Src/usbd_core.c ****   
 105:Middlewares/ST/STM32_USB_Device_Library/Core/Src/usbd_core.c ****   /* Unlink previous class*/
 106:Middlewares/ST/STM32_USB_Device_Library/Core/Src/usbd_core.c ****   if(pdev->pClass != NULL)
  40              		.loc 1 106 0
  41 0006 D0F81402 		ldr	r0, [r0, #532]
  42              	.LVL1:
  43 000a 10B1     		cbz	r0, .L3
 107:Middlewares/ST/STM32_USB_Device_Library/Core/Src/usbd_core.c ****   {
 108:Middlewares/ST/STM32_USB_Device_Library/Core/Src/usbd_core.c ****     pdev->pClass = NULL;
  44              		.loc 1 108 0
  45 000c 0020     		movs	r0, #0
  46 000e C3F81402 		str	r0, [r3, #532]
  47              	.L3:
 109:Middlewares/ST/STM32_USB_Device_Library/Core/Src/usbd_core.c ****   }
 110:Middlewares/ST/STM32_USB_Device_Library/Core/Src/usbd_core.c ****   
 111:Middlewares/ST/STM32_USB_Device_Library/Core/Src/usbd_core.c ****   /* Assign USBD Descriptors */
 112:Middlewares/ST/STM32_USB_Device_Library/Core/Src/usbd_core.c ****   if(pdesc != NULL)
  48              		.loc 1 112 0
  49 0012 09B1     		cbz	r1, .L4
 113:Middlewares/ST/STM32_USB_Device_Library/Core/Src/usbd_core.c ****   {
 114:Middlewares/ST/STM32_USB_Device_Library/Core/Src/usbd_core.c ****     pdev->pDesc = pdesc;
  50              		.loc 1 114 0
  51 0014 C3F81012 		str	r1, [r3, #528]
  52              	.L4:
  53 0018 1846     		mov	r0, r3
 115:Middlewares/ST/STM32_USB_Device_Library/Core/Src/usbd_core.c ****   }
 116:Middlewares/ST/STM32_USB_Device_Library/Core/Src/usbd_core.c ****   
 117:Middlewares/ST/STM32_USB_Device_Library/Core/Src/usbd_core.c ****   /* Set Device initial State */
 118:Middlewares/ST/STM32_USB_Device_Library/Core/Src/usbd_core.c ****   pdev->dev_state  = USBD_STATE_DEFAULT;
ARM GAS  C:\Users\Patrick\AppData\Local\Temp\ccXUwsHy.s 			page 4


  54              		.loc 1 118 0
  55 001a 0123     		movs	r3, #1
  56              	.LVL2:
  57 001c 80F8FC31 		strb	r3, [r0, #508]
 119:Middlewares/ST/STM32_USB_Device_Library/Core/Src/usbd_core.c ****   pdev->id = id;
  58              		.loc 1 119 0
  59 0020 0270     		strb	r2, [r0]
 120:Middlewares/ST/STM32_USB_Device_Library/Core/Src/usbd_core.c ****   /* Initialize low level driver */
 121:Middlewares/ST/STM32_USB_Device_Library/Core/Src/usbd_core.c ****   USBD_LL_Init(pdev);
  60              		.loc 1 121 0
  61 0022 FFF7FEFF 		bl	USBD_LL_Init
  62              	.LVL3:
 122:Middlewares/ST/STM32_USB_Device_Library/Core/Src/usbd_core.c ****   
 123:Middlewares/ST/STM32_USB_Device_Library/Core/Src/usbd_core.c ****   return USBD_OK; 
  63              		.loc 1 123 0
  64 0026 0020     		movs	r0, #0
 124:Middlewares/ST/STM32_USB_Device_Library/Core/Src/usbd_core.c **** }
  65              		.loc 1 124 0
  66 0028 08BD     		pop	{r3, pc}
  67              	.LVL4:
  68              	.L5:
  69              	.LCFI1:
  70              		.cfi_def_cfa_offset 0
  71              		.cfi_restore 3
  72              		.cfi_restore 14
 102:Middlewares/ST/STM32_USB_Device_Library/Core/Src/usbd_core.c ****   }
  73              		.loc 1 102 0
  74 002a 0220     		movs	r0, #2
  75              	.LVL5:
  76              		.loc 1 124 0
  77 002c 7047     		bx	lr
  78              		.cfi_endproc
  79              	.LFE66:
  81              		.section	.text.USBD_DeInit,"ax",%progbits
  82              		.align	1
  83              		.global	USBD_DeInit
  84              		.syntax unified
  85              		.thumb
  86              		.thumb_func
  87              		.fpu softvfp
  89              	USBD_DeInit:
  90              	.LFB67:
 125:Middlewares/ST/STM32_USB_Device_Library/Core/Src/usbd_core.c **** 
 126:Middlewares/ST/STM32_USB_Device_Library/Core/Src/usbd_core.c **** /**
 127:Middlewares/ST/STM32_USB_Device_Library/Core/Src/usbd_core.c **** * @brief  USBD_DeInit 
 128:Middlewares/ST/STM32_USB_Device_Library/Core/Src/usbd_core.c **** *         Re-Initialize th device library
 129:Middlewares/ST/STM32_USB_Device_Library/Core/Src/usbd_core.c **** * @param  pdev: device instance
 130:Middlewares/ST/STM32_USB_Device_Library/Core/Src/usbd_core.c **** * @retval status: status
 131:Middlewares/ST/STM32_USB_Device_Library/Core/Src/usbd_core.c **** */
 132:Middlewares/ST/STM32_USB_Device_Library/Core/Src/usbd_core.c **** USBD_StatusTypeDef USBD_DeInit(USBD_HandleTypeDef *pdev)
 133:Middlewares/ST/STM32_USB_Device_Library/Core/Src/usbd_core.c **** {
  91              		.loc 1 133 0
  92              		.cfi_startproc
  93              		@ args = 0, pretend = 0, frame = 0
  94              		@ frame_needed = 0, uses_anonymous_args = 0
  95              	.LVL6:
  96 0000 10B5     		push	{r4, lr}
ARM GAS  C:\Users\Patrick\AppData\Local\Temp\ccXUwsHy.s 			page 5


  97              	.LCFI2:
  98              		.cfi_def_cfa_offset 8
  99              		.cfi_offset 4, -8
 100              		.cfi_offset 14, -4
 101 0002 0446     		mov	r4, r0
 134:Middlewares/ST/STM32_USB_Device_Library/Core/Src/usbd_core.c ****   /* Set Default State */
 135:Middlewares/ST/STM32_USB_Device_Library/Core/Src/usbd_core.c ****   pdev->dev_state  = USBD_STATE_DEFAULT;
 102              		.loc 1 135 0
 103 0004 0123     		movs	r3, #1
 104 0006 80F8FC31 		strb	r3, [r0, #508]
 136:Middlewares/ST/STM32_USB_Device_Library/Core/Src/usbd_core.c ****   
 137:Middlewares/ST/STM32_USB_Device_Library/Core/Src/usbd_core.c ****   /* Free Class Resources */
 138:Middlewares/ST/STM32_USB_Device_Library/Core/Src/usbd_core.c ****   pdev->pClass->DeInit(pdev, pdev->dev_config);  
 105              		.loc 1 138 0
 106 000a D0F81432 		ldr	r3, [r0, #532]
 107 000e 5B68     		ldr	r3, [r3, #4]
 108 0010 0179     		ldrb	r1, [r0, #4]	@ zero_extendqisi2
 109 0012 9847     		blx	r3
 110              	.LVL7:
 139:Middlewares/ST/STM32_USB_Device_Library/Core/Src/usbd_core.c ****   
 140:Middlewares/ST/STM32_USB_Device_Library/Core/Src/usbd_core.c ****     /* Stop the low level driver  */
 141:Middlewares/ST/STM32_USB_Device_Library/Core/Src/usbd_core.c ****   USBD_LL_Stop(pdev); 
 111              		.loc 1 141 0
 112 0014 2046     		mov	r0, r4
 113 0016 FFF7FEFF 		bl	USBD_LL_Stop
 114              	.LVL8:
 142:Middlewares/ST/STM32_USB_Device_Library/Core/Src/usbd_core.c ****   
 143:Middlewares/ST/STM32_USB_Device_Library/Core/Src/usbd_core.c ****   /* Initialize low level driver */
 144:Middlewares/ST/STM32_USB_Device_Library/Core/Src/usbd_core.c ****   USBD_LL_DeInit(pdev);
 115              		.loc 1 144 0
 116 001a 2046     		mov	r0, r4
 117 001c FFF7FEFF 		bl	USBD_LL_DeInit
 118              	.LVL9:
 145:Middlewares/ST/STM32_USB_Device_Library/Core/Src/usbd_core.c ****   
 146:Middlewares/ST/STM32_USB_Device_Library/Core/Src/usbd_core.c ****   return USBD_OK;
 147:Middlewares/ST/STM32_USB_Device_Library/Core/Src/usbd_core.c **** }
 119              		.loc 1 147 0
 120 0020 0020     		movs	r0, #0
 121 0022 10BD     		pop	{r4, pc}
 122              		.cfi_endproc
 123              	.LFE67:
 125              		.section	.text.USBD_RegisterClass,"ax",%progbits
 126              		.align	1
 127              		.global	USBD_RegisterClass
 128              		.syntax unified
 129              		.thumb
 130              		.thumb_func
 131              		.fpu softvfp
 133              	USBD_RegisterClass:
 134              	.LFB68:
 148:Middlewares/ST/STM32_USB_Device_Library/Core/Src/usbd_core.c **** 
 149:Middlewares/ST/STM32_USB_Device_Library/Core/Src/usbd_core.c **** 
 150:Middlewares/ST/STM32_USB_Device_Library/Core/Src/usbd_core.c **** /**
 151:Middlewares/ST/STM32_USB_Device_Library/Core/Src/usbd_core.c ****   * @brief  USBD_RegisterClass 
 152:Middlewares/ST/STM32_USB_Device_Library/Core/Src/usbd_core.c ****   *         Link class driver to Device Core.
 153:Middlewares/ST/STM32_USB_Device_Library/Core/Src/usbd_core.c ****   * @param  pDevice : Device Handle
 154:Middlewares/ST/STM32_USB_Device_Library/Core/Src/usbd_core.c ****   * @param  pclass: Class handle
ARM GAS  C:\Users\Patrick\AppData\Local\Temp\ccXUwsHy.s 			page 6


 155:Middlewares/ST/STM32_USB_Device_Library/Core/Src/usbd_core.c ****   * @retval USBD Status
 156:Middlewares/ST/STM32_USB_Device_Library/Core/Src/usbd_core.c ****   */
 157:Middlewares/ST/STM32_USB_Device_Library/Core/Src/usbd_core.c **** USBD_StatusTypeDef  USBD_RegisterClass(USBD_HandleTypeDef *pdev, USBD_ClassTypeDef *pclass)
 158:Middlewares/ST/STM32_USB_Device_Library/Core/Src/usbd_core.c **** {
 135              		.loc 1 158 0
 136              		.cfi_startproc
 137              		@ args = 0, pretend = 0, frame = 0
 138              		@ frame_needed = 0, uses_anonymous_args = 0
 139              		@ link register save eliminated.
 140              	.LVL10:
 159:Middlewares/ST/STM32_USB_Device_Library/Core/Src/usbd_core.c ****   USBD_StatusTypeDef   status = USBD_OK;
 160:Middlewares/ST/STM32_USB_Device_Library/Core/Src/usbd_core.c ****   if(pclass != 0)
 141              		.loc 1 160 0
 142 0000 19B1     		cbz	r1, .L14
 161:Middlewares/ST/STM32_USB_Device_Library/Core/Src/usbd_core.c ****   {
 162:Middlewares/ST/STM32_USB_Device_Library/Core/Src/usbd_core.c ****     /* link the class to the USB Device handle */
 163:Middlewares/ST/STM32_USB_Device_Library/Core/Src/usbd_core.c ****     pdev->pClass = pclass;
 143              		.loc 1 163 0
 144 0002 C0F81412 		str	r1, [r0, #532]
 164:Middlewares/ST/STM32_USB_Device_Library/Core/Src/usbd_core.c ****     status = USBD_OK;
 145              		.loc 1 164 0
 146 0006 0020     		movs	r0, #0
 147              	.LVL11:
 148 0008 7047     		bx	lr
 149              	.LVL12:
 150              	.L14:
 165:Middlewares/ST/STM32_USB_Device_Library/Core/Src/usbd_core.c ****   }
 166:Middlewares/ST/STM32_USB_Device_Library/Core/Src/usbd_core.c ****   else
 167:Middlewares/ST/STM32_USB_Device_Library/Core/Src/usbd_core.c ****   {
 168:Middlewares/ST/STM32_USB_Device_Library/Core/Src/usbd_core.c ****     USBD_ErrLog("Invalid Class handle");
 169:Middlewares/ST/STM32_USB_Device_Library/Core/Src/usbd_core.c ****     status = USBD_FAIL; 
 151              		.loc 1 169 0
 152 000a 0220     		movs	r0, #2
 153              	.LVL13:
 170:Middlewares/ST/STM32_USB_Device_Library/Core/Src/usbd_core.c ****   }
 171:Middlewares/ST/STM32_USB_Device_Library/Core/Src/usbd_core.c ****   
 172:Middlewares/ST/STM32_USB_Device_Library/Core/Src/usbd_core.c ****   return status;
 173:Middlewares/ST/STM32_USB_Device_Library/Core/Src/usbd_core.c **** }
 154              		.loc 1 173 0
 155 000c 7047     		bx	lr
 156              		.cfi_endproc
 157              	.LFE68:
 159              		.section	.text.USBD_Start,"ax",%progbits
 160              		.align	1
 161              		.global	USBD_Start
 162              		.syntax unified
 163              		.thumb
 164              		.thumb_func
 165              		.fpu softvfp
 167              	USBD_Start:
 168              	.LFB69:
 174:Middlewares/ST/STM32_USB_Device_Library/Core/Src/usbd_core.c **** 
 175:Middlewares/ST/STM32_USB_Device_Library/Core/Src/usbd_core.c **** /**
 176:Middlewares/ST/STM32_USB_Device_Library/Core/Src/usbd_core.c ****   * @brief  USBD_Start 
 177:Middlewares/ST/STM32_USB_Device_Library/Core/Src/usbd_core.c ****   *         Start the USB Device Core.
 178:Middlewares/ST/STM32_USB_Device_Library/Core/Src/usbd_core.c ****   * @param  pdev: Device Handle
 179:Middlewares/ST/STM32_USB_Device_Library/Core/Src/usbd_core.c ****   * @retval USBD Status
ARM GAS  C:\Users\Patrick\AppData\Local\Temp\ccXUwsHy.s 			page 7


 180:Middlewares/ST/STM32_USB_Device_Library/Core/Src/usbd_core.c ****   */
 181:Middlewares/ST/STM32_USB_Device_Library/Core/Src/usbd_core.c **** USBD_StatusTypeDef  USBD_Start  (USBD_HandleTypeDef *pdev)
 182:Middlewares/ST/STM32_USB_Device_Library/Core/Src/usbd_core.c **** {
 169              		.loc 1 182 0
 170              		.cfi_startproc
 171              		@ args = 0, pretend = 0, frame = 0
 172              		@ frame_needed = 0, uses_anonymous_args = 0
 173              	.LVL14:
 174 0000 08B5     		push	{r3, lr}
 175              	.LCFI3:
 176              		.cfi_def_cfa_offset 8
 177              		.cfi_offset 3, -8
 178              		.cfi_offset 14, -4
 183:Middlewares/ST/STM32_USB_Device_Library/Core/Src/usbd_core.c ****   
 184:Middlewares/ST/STM32_USB_Device_Library/Core/Src/usbd_core.c ****   /* Start the low level driver  */
 185:Middlewares/ST/STM32_USB_Device_Library/Core/Src/usbd_core.c ****   USBD_LL_Start(pdev); 
 179              		.loc 1 185 0
 180 0002 FFF7FEFF 		bl	USBD_LL_Start
 181              	.LVL15:
 186:Middlewares/ST/STM32_USB_Device_Library/Core/Src/usbd_core.c ****   
 187:Middlewares/ST/STM32_USB_Device_Library/Core/Src/usbd_core.c ****   return USBD_OK;  
 188:Middlewares/ST/STM32_USB_Device_Library/Core/Src/usbd_core.c **** }
 182              		.loc 1 188 0
 183 0006 0020     		movs	r0, #0
 184 0008 08BD     		pop	{r3, pc}
 185              		.cfi_endproc
 186              	.LFE69:
 188              		.section	.text.USBD_Stop,"ax",%progbits
 189              		.align	1
 190              		.global	USBD_Stop
 191              		.syntax unified
 192              		.thumb
 193              		.thumb_func
 194              		.fpu softvfp
 196              	USBD_Stop:
 197              	.LFB70:
 189:Middlewares/ST/STM32_USB_Device_Library/Core/Src/usbd_core.c **** 
 190:Middlewares/ST/STM32_USB_Device_Library/Core/Src/usbd_core.c **** /**
 191:Middlewares/ST/STM32_USB_Device_Library/Core/Src/usbd_core.c ****   * @brief  USBD_Stop 
 192:Middlewares/ST/STM32_USB_Device_Library/Core/Src/usbd_core.c ****   *         Stop the USB Device Core.
 193:Middlewares/ST/STM32_USB_Device_Library/Core/Src/usbd_core.c ****   * @param  pdev: Device Handle
 194:Middlewares/ST/STM32_USB_Device_Library/Core/Src/usbd_core.c ****   * @retval USBD Status
 195:Middlewares/ST/STM32_USB_Device_Library/Core/Src/usbd_core.c ****   */
 196:Middlewares/ST/STM32_USB_Device_Library/Core/Src/usbd_core.c **** USBD_StatusTypeDef  USBD_Stop   (USBD_HandleTypeDef *pdev)
 197:Middlewares/ST/STM32_USB_Device_Library/Core/Src/usbd_core.c **** {
 198              		.loc 1 197 0
 199              		.cfi_startproc
 200              		@ args = 0, pretend = 0, frame = 0
 201              		@ frame_needed = 0, uses_anonymous_args = 0
 202              	.LVL16:
 203 0000 10B5     		push	{r4, lr}
 204              	.LCFI4:
 205              		.cfi_def_cfa_offset 8
 206              		.cfi_offset 4, -8
 207              		.cfi_offset 14, -4
 208 0002 0446     		mov	r4, r0
 198:Middlewares/ST/STM32_USB_Device_Library/Core/Src/usbd_core.c ****   /* Free Class Resources */
ARM GAS  C:\Users\Patrick\AppData\Local\Temp\ccXUwsHy.s 			page 8


 199:Middlewares/ST/STM32_USB_Device_Library/Core/Src/usbd_core.c ****   pdev->pClass->DeInit(pdev, pdev->dev_config);  
 209              		.loc 1 199 0
 210 0004 D0F81432 		ldr	r3, [r0, #532]
 211 0008 5B68     		ldr	r3, [r3, #4]
 212 000a 0179     		ldrb	r1, [r0, #4]	@ zero_extendqisi2
 213 000c 9847     		blx	r3
 214              	.LVL17:
 200:Middlewares/ST/STM32_USB_Device_Library/Core/Src/usbd_core.c **** 
 201:Middlewares/ST/STM32_USB_Device_Library/Core/Src/usbd_core.c ****   /* Stop the low level driver  */
 202:Middlewares/ST/STM32_USB_Device_Library/Core/Src/usbd_core.c ****   USBD_LL_Stop(pdev); 
 215              		.loc 1 202 0
 216 000e 2046     		mov	r0, r4
 217 0010 FFF7FEFF 		bl	USBD_LL_Stop
 218              	.LVL18:
 203:Middlewares/ST/STM32_USB_Device_Library/Core/Src/usbd_core.c ****   
 204:Middlewares/ST/STM32_USB_Device_Library/Core/Src/usbd_core.c ****   return USBD_OK;  
 205:Middlewares/ST/STM32_USB_Device_Library/Core/Src/usbd_core.c **** }
 219              		.loc 1 205 0
 220 0014 0020     		movs	r0, #0
 221 0016 10BD     		pop	{r4, pc}
 222              		.cfi_endproc
 223              	.LFE70:
 225              		.section	.text.USBD_RunTestMode,"ax",%progbits
 226              		.align	1
 227              		.global	USBD_RunTestMode
 228              		.syntax unified
 229              		.thumb
 230              		.thumb_func
 231              		.fpu softvfp
 233              	USBD_RunTestMode:
 234              	.LFB71:
 206:Middlewares/ST/STM32_USB_Device_Library/Core/Src/usbd_core.c **** 
 207:Middlewares/ST/STM32_USB_Device_Library/Core/Src/usbd_core.c **** /**
 208:Middlewares/ST/STM32_USB_Device_Library/Core/Src/usbd_core.c **** * @brief  USBD_RunTestMode 
 209:Middlewares/ST/STM32_USB_Device_Library/Core/Src/usbd_core.c **** *         Launch test mode process
 210:Middlewares/ST/STM32_USB_Device_Library/Core/Src/usbd_core.c **** * @param  pdev: device instance
 211:Middlewares/ST/STM32_USB_Device_Library/Core/Src/usbd_core.c **** * @retval status
 212:Middlewares/ST/STM32_USB_Device_Library/Core/Src/usbd_core.c **** */
 213:Middlewares/ST/STM32_USB_Device_Library/Core/Src/usbd_core.c **** USBD_StatusTypeDef  USBD_RunTestMode (USBD_HandleTypeDef  *pdev) 
 214:Middlewares/ST/STM32_USB_Device_Library/Core/Src/usbd_core.c **** {
 235              		.loc 1 214 0
 236              		.cfi_startproc
 237              		@ args = 0, pretend = 0, frame = 0
 238              		@ frame_needed = 0, uses_anonymous_args = 0
 239              		@ link register save eliminated.
 240              	.LVL19:
 215:Middlewares/ST/STM32_USB_Device_Library/Core/Src/usbd_core.c ****   return USBD_OK;
 216:Middlewares/ST/STM32_USB_Device_Library/Core/Src/usbd_core.c **** }
 241              		.loc 1 216 0
 242 0000 0020     		movs	r0, #0
 243              	.LVL20:
 244 0002 7047     		bx	lr
 245              		.cfi_endproc
 246              	.LFE71:
 248              		.section	.text.USBD_SetClassConfig,"ax",%progbits
 249              		.align	1
 250              		.global	USBD_SetClassConfig
ARM GAS  C:\Users\Patrick\AppData\Local\Temp\ccXUwsHy.s 			page 9


 251              		.syntax unified
 252              		.thumb
 253              		.thumb_func
 254              		.fpu softvfp
 256              	USBD_SetClassConfig:
 257              	.LFB72:
 217:Middlewares/ST/STM32_USB_Device_Library/Core/Src/usbd_core.c **** 
 218:Middlewares/ST/STM32_USB_Device_Library/Core/Src/usbd_core.c **** 
 219:Middlewares/ST/STM32_USB_Device_Library/Core/Src/usbd_core.c **** /**
 220:Middlewares/ST/STM32_USB_Device_Library/Core/Src/usbd_core.c **** * @brief  USBD_SetClassConfig 
 221:Middlewares/ST/STM32_USB_Device_Library/Core/Src/usbd_core.c **** *        Configure device and start the interface
 222:Middlewares/ST/STM32_USB_Device_Library/Core/Src/usbd_core.c **** * @param  pdev: device instance
 223:Middlewares/ST/STM32_USB_Device_Library/Core/Src/usbd_core.c **** * @param  cfgidx: configuration index
 224:Middlewares/ST/STM32_USB_Device_Library/Core/Src/usbd_core.c **** * @retval status
 225:Middlewares/ST/STM32_USB_Device_Library/Core/Src/usbd_core.c **** */
 226:Middlewares/ST/STM32_USB_Device_Library/Core/Src/usbd_core.c **** 
 227:Middlewares/ST/STM32_USB_Device_Library/Core/Src/usbd_core.c **** USBD_StatusTypeDef USBD_SetClassConfig(USBD_HandleTypeDef  *pdev, uint8_t cfgidx)
 228:Middlewares/ST/STM32_USB_Device_Library/Core/Src/usbd_core.c **** {
 258              		.loc 1 228 0
 259              		.cfi_startproc
 260              		@ args = 0, pretend = 0, frame = 0
 261              		@ frame_needed = 0, uses_anonymous_args = 0
 262              	.LVL21:
 263 0000 08B5     		push	{r3, lr}
 264              	.LCFI5:
 265              		.cfi_def_cfa_offset 8
 266              		.cfi_offset 3, -8
 267              		.cfi_offset 14, -4
 268              	.LVL22:
 229:Middlewares/ST/STM32_USB_Device_Library/Core/Src/usbd_core.c ****   USBD_StatusTypeDef   ret = USBD_FAIL;
 230:Middlewares/ST/STM32_USB_Device_Library/Core/Src/usbd_core.c ****   
 231:Middlewares/ST/STM32_USB_Device_Library/Core/Src/usbd_core.c ****   if(pdev->pClass != NULL)
 269              		.loc 1 231 0
 270 0002 D0F81432 		ldr	r3, [r0, #532]
 271 0006 33B1     		cbz	r3, .L22
 232:Middlewares/ST/STM32_USB_Device_Library/Core/Src/usbd_core.c ****   {
 233:Middlewares/ST/STM32_USB_Device_Library/Core/Src/usbd_core.c ****     /* Set configuration  and Start the Class*/
 234:Middlewares/ST/STM32_USB_Device_Library/Core/Src/usbd_core.c ****     if(pdev->pClass->Init(pdev, cfgidx) == 0)
 272              		.loc 1 234 0
 273 0008 1B68     		ldr	r3, [r3]
 274 000a 9847     		blx	r3
 275              	.LVL23:
 276 000c 08B9     		cbnz	r0, .L25
 235:Middlewares/ST/STM32_USB_Device_Library/Core/Src/usbd_core.c ****     {
 236:Middlewares/ST/STM32_USB_Device_Library/Core/Src/usbd_core.c ****       ret = USBD_OK;
 277              		.loc 1 236 0
 278 000e 0020     		movs	r0, #0
 279              	.L21:
 280              	.LVL24:
 237:Middlewares/ST/STM32_USB_Device_Library/Core/Src/usbd_core.c ****     }
 238:Middlewares/ST/STM32_USB_Device_Library/Core/Src/usbd_core.c ****   }
 239:Middlewares/ST/STM32_USB_Device_Library/Core/Src/usbd_core.c ****   return ret; 
 240:Middlewares/ST/STM32_USB_Device_Library/Core/Src/usbd_core.c **** }
 281              		.loc 1 240 0
 282 0010 08BD     		pop	{r3, pc}
 283              	.LVL25:
 284              	.L25:
ARM GAS  C:\Users\Patrick\AppData\Local\Temp\ccXUwsHy.s 			page 10


 229:Middlewares/ST/STM32_USB_Device_Library/Core/Src/usbd_core.c ****   
 285              		.loc 1 229 0
 286 0012 0220     		movs	r0, #2
 287 0014 FCE7     		b	.L21
 288              	.LVL26:
 289              	.L22:
 290 0016 0220     		movs	r0, #2
 291              	.LVL27:
 292 0018 FAE7     		b	.L21
 293              		.cfi_endproc
 294              	.LFE72:
 296              		.section	.text.USBD_ClrClassConfig,"ax",%progbits
 297              		.align	1
 298              		.global	USBD_ClrClassConfig
 299              		.syntax unified
 300              		.thumb
 301              		.thumb_func
 302              		.fpu softvfp
 304              	USBD_ClrClassConfig:
 305              	.LFB73:
 241:Middlewares/ST/STM32_USB_Device_Library/Core/Src/usbd_core.c **** 
 242:Middlewares/ST/STM32_USB_Device_Library/Core/Src/usbd_core.c **** /**
 243:Middlewares/ST/STM32_USB_Device_Library/Core/Src/usbd_core.c **** * @brief  USBD_ClrClassConfig 
 244:Middlewares/ST/STM32_USB_Device_Library/Core/Src/usbd_core.c **** *         Clear current configuration
 245:Middlewares/ST/STM32_USB_Device_Library/Core/Src/usbd_core.c **** * @param  pdev: device instance
 246:Middlewares/ST/STM32_USB_Device_Library/Core/Src/usbd_core.c **** * @param  cfgidx: configuration index
 247:Middlewares/ST/STM32_USB_Device_Library/Core/Src/usbd_core.c **** * @retval status: USBD_StatusTypeDef
 248:Middlewares/ST/STM32_USB_Device_Library/Core/Src/usbd_core.c **** */
 249:Middlewares/ST/STM32_USB_Device_Library/Core/Src/usbd_core.c **** USBD_StatusTypeDef USBD_ClrClassConfig(USBD_HandleTypeDef  *pdev, uint8_t cfgidx)
 250:Middlewares/ST/STM32_USB_Device_Library/Core/Src/usbd_core.c **** {
 306              		.loc 1 250 0
 307              		.cfi_startproc
 308              		@ args = 0, pretend = 0, frame = 0
 309              		@ frame_needed = 0, uses_anonymous_args = 0
 310              	.LVL28:
 311 0000 08B5     		push	{r3, lr}
 312              	.LCFI6:
 313              		.cfi_def_cfa_offset 8
 314              		.cfi_offset 3, -8
 315              		.cfi_offset 14, -4
 251:Middlewares/ST/STM32_USB_Device_Library/Core/Src/usbd_core.c ****   /* Clear configuration  and De-initialize the Class process*/
 252:Middlewares/ST/STM32_USB_Device_Library/Core/Src/usbd_core.c ****   pdev->pClass->DeInit(pdev, cfgidx);  
 316              		.loc 1 252 0
 317 0002 D0F81432 		ldr	r3, [r0, #532]
 318 0006 5B68     		ldr	r3, [r3, #4]
 319 0008 9847     		blx	r3
 320              	.LVL29:
 253:Middlewares/ST/STM32_USB_Device_Library/Core/Src/usbd_core.c ****   return USBD_OK;
 254:Middlewares/ST/STM32_USB_Device_Library/Core/Src/usbd_core.c **** }
 321              		.loc 1 254 0
 322 000a 0020     		movs	r0, #0
 323 000c 08BD     		pop	{r3, pc}
 324              		.cfi_endproc
 325              	.LFE73:
 327              		.section	.text.USBD_LL_SetupStage,"ax",%progbits
 328              		.align	1
 329              		.global	USBD_LL_SetupStage
ARM GAS  C:\Users\Patrick\AppData\Local\Temp\ccXUwsHy.s 			page 11


 330              		.syntax unified
 331              		.thumb
 332              		.thumb_func
 333              		.fpu softvfp
 335              	USBD_LL_SetupStage:
 336              	.LFB74:
 255:Middlewares/ST/STM32_USB_Device_Library/Core/Src/usbd_core.c **** 
 256:Middlewares/ST/STM32_USB_Device_Library/Core/Src/usbd_core.c **** 
 257:Middlewares/ST/STM32_USB_Device_Library/Core/Src/usbd_core.c **** /**
 258:Middlewares/ST/STM32_USB_Device_Library/Core/Src/usbd_core.c **** * @brief  USBD_SetupStage 
 259:Middlewares/ST/STM32_USB_Device_Library/Core/Src/usbd_core.c **** *         Handle the setup stage
 260:Middlewares/ST/STM32_USB_Device_Library/Core/Src/usbd_core.c **** * @param  pdev: device instance
 261:Middlewares/ST/STM32_USB_Device_Library/Core/Src/usbd_core.c **** * @retval status
 262:Middlewares/ST/STM32_USB_Device_Library/Core/Src/usbd_core.c **** */
 263:Middlewares/ST/STM32_USB_Device_Library/Core/Src/usbd_core.c **** USBD_StatusTypeDef USBD_LL_SetupStage(USBD_HandleTypeDef *pdev, uint8_t *psetup)
 264:Middlewares/ST/STM32_USB_Device_Library/Core/Src/usbd_core.c **** {
 337              		.loc 1 264 0
 338              		.cfi_startproc
 339              		@ args = 0, pretend = 0, frame = 0
 340              		@ frame_needed = 0, uses_anonymous_args = 0
 341              	.LVL30:
 342 0000 38B5     		push	{r3, r4, r5, lr}
 343              	.LCFI7:
 344              		.cfi_def_cfa_offset 16
 345              		.cfi_offset 3, -16
 346              		.cfi_offset 4, -12
 347              		.cfi_offset 5, -8
 348              		.cfi_offset 14, -4
 349 0002 0446     		mov	r4, r0
 265:Middlewares/ST/STM32_USB_Device_Library/Core/Src/usbd_core.c **** 
 266:Middlewares/ST/STM32_USB_Device_Library/Core/Src/usbd_core.c ****   USBD_ParseSetupRequest(&pdev->request, psetup);
 350              		.loc 1 266 0
 351 0004 00F50275 		add	r5, r0, #520
 352 0008 2846     		mov	r0, r5
 353              	.LVL31:
 354 000a FFF7FEFF 		bl	USBD_ParseSetupRequest
 355              	.LVL32:
 267:Middlewares/ST/STM32_USB_Device_Library/Core/Src/usbd_core.c ****   
 268:Middlewares/ST/STM32_USB_Device_Library/Core/Src/usbd_core.c ****   pdev->ep0_state = USBD_EP0_SETUP;
 356              		.loc 1 268 0
 357 000e 0123     		movs	r3, #1
 358 0010 C4F8F431 		str	r3, [r4, #500]
 269:Middlewares/ST/STM32_USB_Device_Library/Core/Src/usbd_core.c ****   pdev->ep0_data_len = pdev->request.wLength;
 359              		.loc 1 269 0
 360 0014 B4F80E32 		ldrh	r3, [r4, #526]
 361 0018 C4F8F831 		str	r3, [r4, #504]
 270:Middlewares/ST/STM32_USB_Device_Library/Core/Src/usbd_core.c ****   
 271:Middlewares/ST/STM32_USB_Device_Library/Core/Src/usbd_core.c ****   switch (pdev->request.bmRequest & 0x1F) 
 362              		.loc 1 271 0
 363 001c 94F80812 		ldrb	r1, [r4, #520]	@ zero_extendqisi2
 364 0020 01F01F03 		and	r3, r1, #31
 365 0024 012B     		cmp	r3, #1
 366 0026 0ED0     		beq	.L30
 367 0028 3BB1     		cbz	r3, .L31
 368 002a 022B     		cmp	r3, #2
 369 002c 10D0     		beq	.L32
 272:Middlewares/ST/STM32_USB_Device_Library/Core/Src/usbd_core.c ****   {
ARM GAS  C:\Users\Patrick\AppData\Local\Temp\ccXUwsHy.s 			page 12


 273:Middlewares/ST/STM32_USB_Device_Library/Core/Src/usbd_core.c ****   case USB_REQ_RECIPIENT_DEVICE:   
 274:Middlewares/ST/STM32_USB_Device_Library/Core/Src/usbd_core.c ****     USBD_StdDevReq (pdev, &pdev->request);
 275:Middlewares/ST/STM32_USB_Device_Library/Core/Src/usbd_core.c ****     break;
 276:Middlewares/ST/STM32_USB_Device_Library/Core/Src/usbd_core.c ****     
 277:Middlewares/ST/STM32_USB_Device_Library/Core/Src/usbd_core.c ****   case USB_REQ_RECIPIENT_INTERFACE:     
 278:Middlewares/ST/STM32_USB_Device_Library/Core/Src/usbd_core.c ****     USBD_StdItfReq(pdev, &pdev->request);
 279:Middlewares/ST/STM32_USB_Device_Library/Core/Src/usbd_core.c ****     break;
 280:Middlewares/ST/STM32_USB_Device_Library/Core/Src/usbd_core.c ****     
 281:Middlewares/ST/STM32_USB_Device_Library/Core/Src/usbd_core.c ****   case USB_REQ_RECIPIENT_ENDPOINT:        
 282:Middlewares/ST/STM32_USB_Device_Library/Core/Src/usbd_core.c ****     USBD_StdEPReq(pdev, &pdev->request);   
 283:Middlewares/ST/STM32_USB_Device_Library/Core/Src/usbd_core.c ****     break;
 284:Middlewares/ST/STM32_USB_Device_Library/Core/Src/usbd_core.c ****     
 285:Middlewares/ST/STM32_USB_Device_Library/Core/Src/usbd_core.c ****   default:           
 286:Middlewares/ST/STM32_USB_Device_Library/Core/Src/usbd_core.c ****     USBD_LL_StallEP(pdev , pdev->request.bmRequest & 0x80);
 370              		.loc 1 286 0
 371 002e 01F08001 		and	r1, r1, #128
 372 0032 2046     		mov	r0, r4
 373 0034 FFF7FEFF 		bl	USBD_LL_StallEP
 374              	.LVL33:
 287:Middlewares/ST/STM32_USB_Device_Library/Core/Src/usbd_core.c ****     break;
 375              		.loc 1 287 0
 376 0038 03E0     		b	.L33
 377              	.L31:
 274:Middlewares/ST/STM32_USB_Device_Library/Core/Src/usbd_core.c ****     break;
 378              		.loc 1 274 0
 379 003a 2946     		mov	r1, r5
 380 003c 2046     		mov	r0, r4
 381 003e FFF7FEFF 		bl	USBD_StdDevReq
 382              	.LVL34:
 383              	.L33:
 288:Middlewares/ST/STM32_USB_Device_Library/Core/Src/usbd_core.c ****   }  
 289:Middlewares/ST/STM32_USB_Device_Library/Core/Src/usbd_core.c ****   return USBD_OK;  
 290:Middlewares/ST/STM32_USB_Device_Library/Core/Src/usbd_core.c **** }
 384              		.loc 1 290 0
 385 0042 0020     		movs	r0, #0
 386 0044 38BD     		pop	{r3, r4, r5, pc}
 387              	.LVL35:
 388              	.L30:
 278:Middlewares/ST/STM32_USB_Device_Library/Core/Src/usbd_core.c ****     break;
 389              		.loc 1 278 0
 390 0046 2946     		mov	r1, r5
 391 0048 2046     		mov	r0, r4
 392 004a FFF7FEFF 		bl	USBD_StdItfReq
 393              	.LVL36:
 279:Middlewares/ST/STM32_USB_Device_Library/Core/Src/usbd_core.c ****     
 394              		.loc 1 279 0
 395 004e F8E7     		b	.L33
 396              	.L32:
 282:Middlewares/ST/STM32_USB_Device_Library/Core/Src/usbd_core.c ****     break;
 397              		.loc 1 282 0
 398 0050 2946     		mov	r1, r5
 399 0052 2046     		mov	r0, r4
 400 0054 FFF7FEFF 		bl	USBD_StdEPReq
 401              	.LVL37:
 283:Middlewares/ST/STM32_USB_Device_Library/Core/Src/usbd_core.c ****     
 402              		.loc 1 283 0
 403 0058 F3E7     		b	.L33
ARM GAS  C:\Users\Patrick\AppData\Local\Temp\ccXUwsHy.s 			page 13


 404              		.cfi_endproc
 405              	.LFE74:
 407              		.section	.text.USBD_LL_DataOutStage,"ax",%progbits
 408              		.align	1
 409              		.global	USBD_LL_DataOutStage
 410              		.syntax unified
 411              		.thumb
 412              		.thumb_func
 413              		.fpu softvfp
 415              	USBD_LL_DataOutStage:
 416              	.LFB75:
 291:Middlewares/ST/STM32_USB_Device_Library/Core/Src/usbd_core.c **** 
 292:Middlewares/ST/STM32_USB_Device_Library/Core/Src/usbd_core.c **** /**
 293:Middlewares/ST/STM32_USB_Device_Library/Core/Src/usbd_core.c **** * @brief  USBD_DataOutStage 
 294:Middlewares/ST/STM32_USB_Device_Library/Core/Src/usbd_core.c **** *         Handle data OUT stage
 295:Middlewares/ST/STM32_USB_Device_Library/Core/Src/usbd_core.c **** * @param  pdev: device instance
 296:Middlewares/ST/STM32_USB_Device_Library/Core/Src/usbd_core.c **** * @param  epnum: endpoint index
 297:Middlewares/ST/STM32_USB_Device_Library/Core/Src/usbd_core.c **** * @retval status
 298:Middlewares/ST/STM32_USB_Device_Library/Core/Src/usbd_core.c **** */
 299:Middlewares/ST/STM32_USB_Device_Library/Core/Src/usbd_core.c **** USBD_StatusTypeDef USBD_LL_DataOutStage(USBD_HandleTypeDef *pdev , uint8_t epnum, uint8_t *pdata)
 300:Middlewares/ST/STM32_USB_Device_Library/Core/Src/usbd_core.c **** {
 417              		.loc 1 300 0
 418              		.cfi_startproc
 419              		@ args = 0, pretend = 0, frame = 0
 420              		@ frame_needed = 0, uses_anonymous_args = 0
 421              	.LVL38:
 422 0000 10B5     		push	{r4, lr}
 423              	.LCFI8:
 424              		.cfi_def_cfa_offset 8
 425              		.cfi_offset 4, -8
 426              		.cfi_offset 14, -4
 427 0002 0446     		mov	r4, r0
 301:Middlewares/ST/STM32_USB_Device_Library/Core/Src/usbd_core.c ****   USBD_EndpointTypeDef    *pep;
 302:Middlewares/ST/STM32_USB_Device_Library/Core/Src/usbd_core.c ****   
 303:Middlewares/ST/STM32_USB_Device_Library/Core/Src/usbd_core.c ****   if(epnum == 0) 
 428              		.loc 1 303 0
 429 0004 21BB     		cbnz	r1, .L37
 430 0006 1346     		mov	r3, r2
 431              	.LVL39:
 304:Middlewares/ST/STM32_USB_Device_Library/Core/Src/usbd_core.c ****   {
 305:Middlewares/ST/STM32_USB_Device_Library/Core/Src/usbd_core.c ****     pep = &pdev->ep_out[0];
 306:Middlewares/ST/STM32_USB_Device_Library/Core/Src/usbd_core.c ****     
 307:Middlewares/ST/STM32_USB_Device_Library/Core/Src/usbd_core.c ****     if ( pdev->ep0_state == USBD_EP0_DATA_OUT)
 432              		.loc 1 307 0
 433 0008 D0F8F421 		ldr	r2, [r0, #500]
 434              	.LVL40:
 435 000c 032A     		cmp	r2, #3
 436 000e 01D0     		beq	.L42
 437              	.LVL41:
 438              	.L38:
 308:Middlewares/ST/STM32_USB_Device_Library/Core/Src/usbd_core.c ****     {
 309:Middlewares/ST/STM32_USB_Device_Library/Core/Src/usbd_core.c ****       if(pep->rem_length > pep->maxpacket)
 310:Middlewares/ST/STM32_USB_Device_Library/Core/Src/usbd_core.c ****       {
 311:Middlewares/ST/STM32_USB_Device_Library/Core/Src/usbd_core.c ****         pep->rem_length -=  pep->maxpacket;
 312:Middlewares/ST/STM32_USB_Device_Library/Core/Src/usbd_core.c ****        
 313:Middlewares/ST/STM32_USB_Device_Library/Core/Src/usbd_core.c ****         USBD_CtlContinueRx (pdev, 
 314:Middlewares/ST/STM32_USB_Device_Library/Core/Src/usbd_core.c ****                             pdata,
ARM GAS  C:\Users\Patrick\AppData\Local\Temp\ccXUwsHy.s 			page 14


 315:Middlewares/ST/STM32_USB_Device_Library/Core/Src/usbd_core.c ****                             MIN(pep->rem_length ,pep->maxpacket));
 316:Middlewares/ST/STM32_USB_Device_Library/Core/Src/usbd_core.c ****       }
 317:Middlewares/ST/STM32_USB_Device_Library/Core/Src/usbd_core.c ****       else
 318:Middlewares/ST/STM32_USB_Device_Library/Core/Src/usbd_core.c ****       {
 319:Middlewares/ST/STM32_USB_Device_Library/Core/Src/usbd_core.c ****         if((pdev->pClass->EP0_RxReady != NULL)&&
 320:Middlewares/ST/STM32_USB_Device_Library/Core/Src/usbd_core.c ****            (pdev->dev_state == USBD_STATE_CONFIGURED))
 321:Middlewares/ST/STM32_USB_Device_Library/Core/Src/usbd_core.c ****         {
 322:Middlewares/ST/STM32_USB_Device_Library/Core/Src/usbd_core.c ****           pdev->pClass->EP0_RxReady(pdev); 
 323:Middlewares/ST/STM32_USB_Device_Library/Core/Src/usbd_core.c ****         }
 324:Middlewares/ST/STM32_USB_Device_Library/Core/Src/usbd_core.c ****         USBD_CtlSendStatus(pdev);
 325:Middlewares/ST/STM32_USB_Device_Library/Core/Src/usbd_core.c ****       }
 326:Middlewares/ST/STM32_USB_Device_Library/Core/Src/usbd_core.c ****     }
 327:Middlewares/ST/STM32_USB_Device_Library/Core/Src/usbd_core.c ****   }
 328:Middlewares/ST/STM32_USB_Device_Library/Core/Src/usbd_core.c ****   else if((pdev->pClass->DataOut != NULL)&&
 329:Middlewares/ST/STM32_USB_Device_Library/Core/Src/usbd_core.c ****           (pdev->dev_state == USBD_STATE_CONFIGURED))
 330:Middlewares/ST/STM32_USB_Device_Library/Core/Src/usbd_core.c ****   {
 331:Middlewares/ST/STM32_USB_Device_Library/Core/Src/usbd_core.c ****     pdev->pClass->DataOut(pdev, epnum); 
 332:Middlewares/ST/STM32_USB_Device_Library/Core/Src/usbd_core.c ****   }  
 333:Middlewares/ST/STM32_USB_Device_Library/Core/Src/usbd_core.c ****   return USBD_OK;
 334:Middlewares/ST/STM32_USB_Device_Library/Core/Src/usbd_core.c **** }
 439              		.loc 1 334 0
 440 0010 0020     		movs	r0, #0
 441 0012 10BD     		pop	{r4, pc}
 442              	.LVL42:
 443              	.L42:
 309:Middlewares/ST/STM32_USB_Device_Library/Core/Src/usbd_core.c ****       {
 444              		.loc 1 309 0
 445 0014 D0F80C11 		ldr	r1, [r0, #268]
 446              	.LVL43:
 447 0018 D0F81021 		ldr	r2, [r0, #272]
 448 001c 9142     		cmp	r1, r2
 449 001e 0CD8     		bhi	.L43
 319:Middlewares/ST/STM32_USB_Device_Library/Core/Src/usbd_core.c ****            (pdev->dev_state == USBD_STATE_CONFIGURED))
 450              		.loc 1 319 0
 451 0020 D0F81432 		ldr	r3, [r0, #532]
 452              	.LVL44:
 453 0024 1B69     		ldr	r3, [r3, #16]
 454 0026 23B1     		cbz	r3, .L40
 320:Middlewares/ST/STM32_USB_Device_Library/Core/Src/usbd_core.c ****         {
 455              		.loc 1 320 0 discriminator 1
 456 0028 90F8FC21 		ldrb	r2, [r0, #508]	@ zero_extendqisi2
 319:Middlewares/ST/STM32_USB_Device_Library/Core/Src/usbd_core.c ****            (pdev->dev_state == USBD_STATE_CONFIGURED))
 457              		.loc 1 319 0 discriminator 1
 458 002c 032A     		cmp	r2, #3
 459 002e 00D1     		bne	.L40
 322:Middlewares/ST/STM32_USB_Device_Library/Core/Src/usbd_core.c ****         }
 460              		.loc 1 322 0
 461 0030 9847     		blx	r3
 462              	.LVL45:
 463              	.L40:
 324:Middlewares/ST/STM32_USB_Device_Library/Core/Src/usbd_core.c ****       }
 464              		.loc 1 324 0
 465 0032 2046     		mov	r0, r4
 466 0034 FFF7FEFF 		bl	USBD_CtlSendStatus
 467              	.LVL46:
 468 0038 EAE7     		b	.L38
 469              	.LVL47:
ARM GAS  C:\Users\Patrick\AppData\Local\Temp\ccXUwsHy.s 			page 15


 470              	.L43:
 311:Middlewares/ST/STM32_USB_Device_Library/Core/Src/usbd_core.c ****        
 471              		.loc 1 311 0
 472 003a 891A     		subs	r1, r1, r2
 473 003c C0F80C11 		str	r1, [r0, #268]
 315:Middlewares/ST/STM32_USB_Device_Library/Core/Src/usbd_core.c ****       }
 474              		.loc 1 315 0
 475 0040 8A42     		cmp	r2, r1
 476 0042 28BF     		it	cs
 477 0044 0A46     		movcs	r2, r1
 313:Middlewares/ST/STM32_USB_Device_Library/Core/Src/usbd_core.c ****                             pdata,
 478              		.loc 1 313 0
 479 0046 92B2     		uxth	r2, r2
 480 0048 1946     		mov	r1, r3
 481 004a FFF7FEFF 		bl	USBD_CtlContinueRx
 482              	.LVL48:
 483 004e DFE7     		b	.L38
 484              	.LVL49:
 485              	.L37:
 486 0050 0A46     		mov	r2, r1
 487              	.LVL50:
 328:Middlewares/ST/STM32_USB_Device_Library/Core/Src/usbd_core.c ****           (pdev->dev_state == USBD_STATE_CONFIGURED))
 488              		.loc 1 328 0
 489 0052 D0F81432 		ldr	r3, [r0, #532]
 490 0056 9B69     		ldr	r3, [r3, #24]
 491 0058 002B     		cmp	r3, #0
 492 005a D9D0     		beq	.L38
 329:Middlewares/ST/STM32_USB_Device_Library/Core/Src/usbd_core.c ****   {
 493              		.loc 1 329 0 discriminator 1
 494 005c 90F8FC11 		ldrb	r1, [r0, #508]	@ zero_extendqisi2
 495              	.LVL51:
 328:Middlewares/ST/STM32_USB_Device_Library/Core/Src/usbd_core.c ****           (pdev->dev_state == USBD_STATE_CONFIGURED))
 496              		.loc 1 328 0 discriminator 1
 497 0060 0329     		cmp	r1, #3
 498 0062 D5D1     		bne	.L38
 331:Middlewares/ST/STM32_USB_Device_Library/Core/Src/usbd_core.c ****   }  
 499              		.loc 1 331 0
 500 0064 1146     		mov	r1, r2
 501 0066 9847     		blx	r3
 502              	.LVL52:
 503 0068 D2E7     		b	.L38
 504              		.cfi_endproc
 505              	.LFE75:
 507              		.section	.text.USBD_LL_DataInStage,"ax",%progbits
 508              		.align	1
 509              		.global	USBD_LL_DataInStage
 510              		.syntax unified
 511              		.thumb
 512              		.thumb_func
 513              		.fpu softvfp
 515              	USBD_LL_DataInStage:
 516              	.LFB76:
 335:Middlewares/ST/STM32_USB_Device_Library/Core/Src/usbd_core.c **** 
 336:Middlewares/ST/STM32_USB_Device_Library/Core/Src/usbd_core.c **** /**
 337:Middlewares/ST/STM32_USB_Device_Library/Core/Src/usbd_core.c **** * @brief  USBD_DataInStage 
 338:Middlewares/ST/STM32_USB_Device_Library/Core/Src/usbd_core.c **** *         Handle data in stage
 339:Middlewares/ST/STM32_USB_Device_Library/Core/Src/usbd_core.c **** * @param  pdev: device instance
ARM GAS  C:\Users\Patrick\AppData\Local\Temp\ccXUwsHy.s 			page 16


 340:Middlewares/ST/STM32_USB_Device_Library/Core/Src/usbd_core.c **** * @param  epnum: endpoint index
 341:Middlewares/ST/STM32_USB_Device_Library/Core/Src/usbd_core.c **** * @retval status
 342:Middlewares/ST/STM32_USB_Device_Library/Core/Src/usbd_core.c **** */
 343:Middlewares/ST/STM32_USB_Device_Library/Core/Src/usbd_core.c **** USBD_StatusTypeDef USBD_LL_DataInStage(USBD_HandleTypeDef *pdev ,uint8_t epnum, uint8_t *pdata)
 344:Middlewares/ST/STM32_USB_Device_Library/Core/Src/usbd_core.c **** {
 517              		.loc 1 344 0
 518              		.cfi_startproc
 519              		@ args = 0, pretend = 0, frame = 0
 520              		@ frame_needed = 0, uses_anonymous_args = 0
 521              	.LVL53:
 522 0000 10B5     		push	{r4, lr}
 523              	.LCFI9:
 524              		.cfi_def_cfa_offset 8
 525              		.cfi_offset 4, -8
 526              		.cfi_offset 14, -4
 527 0002 0446     		mov	r4, r0
 345:Middlewares/ST/STM32_USB_Device_Library/Core/Src/usbd_core.c ****   USBD_EndpointTypeDef    *pep;
 346:Middlewares/ST/STM32_USB_Device_Library/Core/Src/usbd_core.c ****     
 347:Middlewares/ST/STM32_USB_Device_Library/Core/Src/usbd_core.c ****   if(epnum == 0) 
 528              		.loc 1 347 0
 529 0004 0029     		cmp	r1, #0
 530 0006 46D1     		bne	.L45
 531 0008 1346     		mov	r3, r2
 532              	.LVL54:
 348:Middlewares/ST/STM32_USB_Device_Library/Core/Src/usbd_core.c ****   {
 349:Middlewares/ST/STM32_USB_Device_Library/Core/Src/usbd_core.c ****     pep = &pdev->ep_in[0];
 350:Middlewares/ST/STM32_USB_Device_Library/Core/Src/usbd_core.c ****     
 351:Middlewares/ST/STM32_USB_Device_Library/Core/Src/usbd_core.c ****     if ( pdev->ep0_state == USBD_EP0_DATA_IN)
 533              		.loc 1 351 0
 534 000a D0F8F421 		ldr	r2, [r0, #500]
 535              	.LVL55:
 536 000e 022A     		cmp	r2, #2
 537 0010 05D0     		beq	.L52
 538              	.LVL56:
 539              	.L46:
 352:Middlewares/ST/STM32_USB_Device_Library/Core/Src/usbd_core.c ****     {
 353:Middlewares/ST/STM32_USB_Device_Library/Core/Src/usbd_core.c ****       if(pep->rem_length > pep->maxpacket)
 354:Middlewares/ST/STM32_USB_Device_Library/Core/Src/usbd_core.c ****       {
 355:Middlewares/ST/STM32_USB_Device_Library/Core/Src/usbd_core.c ****         pep->rem_length -=  pep->maxpacket;
 356:Middlewares/ST/STM32_USB_Device_Library/Core/Src/usbd_core.c ****         
 357:Middlewares/ST/STM32_USB_Device_Library/Core/Src/usbd_core.c ****         USBD_CtlContinueSendData (pdev, 
 358:Middlewares/ST/STM32_USB_Device_Library/Core/Src/usbd_core.c ****                                   pdata, 
 359:Middlewares/ST/STM32_USB_Device_Library/Core/Src/usbd_core.c ****                                   pep->rem_length);
 360:Middlewares/ST/STM32_USB_Device_Library/Core/Src/usbd_core.c ****         
 361:Middlewares/ST/STM32_USB_Device_Library/Core/Src/usbd_core.c ****         /* Prepare endpoint for premature end of transfer */
 362:Middlewares/ST/STM32_USB_Device_Library/Core/Src/usbd_core.c ****         USBD_LL_PrepareReceive (pdev,
 363:Middlewares/ST/STM32_USB_Device_Library/Core/Src/usbd_core.c ****                                 0,
 364:Middlewares/ST/STM32_USB_Device_Library/Core/Src/usbd_core.c ****                                 NULL,
 365:Middlewares/ST/STM32_USB_Device_Library/Core/Src/usbd_core.c ****                                 0);  
 366:Middlewares/ST/STM32_USB_Device_Library/Core/Src/usbd_core.c ****       }
 367:Middlewares/ST/STM32_USB_Device_Library/Core/Src/usbd_core.c ****       else
 368:Middlewares/ST/STM32_USB_Device_Library/Core/Src/usbd_core.c ****       { /* last packet is MPS multiple, so send ZLP packet */
 369:Middlewares/ST/STM32_USB_Device_Library/Core/Src/usbd_core.c ****         if((pep->total_length % pep->maxpacket == 0) &&
 370:Middlewares/ST/STM32_USB_Device_Library/Core/Src/usbd_core.c ****            (pep->total_length >= pep->maxpacket) &&
 371:Middlewares/ST/STM32_USB_Device_Library/Core/Src/usbd_core.c ****              (pep->total_length < pdev->ep0_data_len ))
 372:Middlewares/ST/STM32_USB_Device_Library/Core/Src/usbd_core.c ****         {
 373:Middlewares/ST/STM32_USB_Device_Library/Core/Src/usbd_core.c ****           
ARM GAS  C:\Users\Patrick\AppData\Local\Temp\ccXUwsHy.s 			page 17


 374:Middlewares/ST/STM32_USB_Device_Library/Core/Src/usbd_core.c ****           USBD_CtlContinueSendData(pdev , NULL, 0);
 375:Middlewares/ST/STM32_USB_Device_Library/Core/Src/usbd_core.c ****           pdev->ep0_data_len = 0;
 376:Middlewares/ST/STM32_USB_Device_Library/Core/Src/usbd_core.c ****           
 377:Middlewares/ST/STM32_USB_Device_Library/Core/Src/usbd_core.c ****         /* Prepare endpoint for premature end of transfer */
 378:Middlewares/ST/STM32_USB_Device_Library/Core/Src/usbd_core.c ****         USBD_LL_PrepareReceive (pdev,
 379:Middlewares/ST/STM32_USB_Device_Library/Core/Src/usbd_core.c ****                                 0,
 380:Middlewares/ST/STM32_USB_Device_Library/Core/Src/usbd_core.c ****                                 NULL,
 381:Middlewares/ST/STM32_USB_Device_Library/Core/Src/usbd_core.c ****                                 0);
 382:Middlewares/ST/STM32_USB_Device_Library/Core/Src/usbd_core.c ****         }
 383:Middlewares/ST/STM32_USB_Device_Library/Core/Src/usbd_core.c ****         else
 384:Middlewares/ST/STM32_USB_Device_Library/Core/Src/usbd_core.c ****         {
 385:Middlewares/ST/STM32_USB_Device_Library/Core/Src/usbd_core.c ****           if((pdev->pClass->EP0_TxSent != NULL)&&
 386:Middlewares/ST/STM32_USB_Device_Library/Core/Src/usbd_core.c ****              (pdev->dev_state == USBD_STATE_CONFIGURED))
 387:Middlewares/ST/STM32_USB_Device_Library/Core/Src/usbd_core.c ****           {
 388:Middlewares/ST/STM32_USB_Device_Library/Core/Src/usbd_core.c ****             pdev->pClass->EP0_TxSent(pdev); 
 389:Middlewares/ST/STM32_USB_Device_Library/Core/Src/usbd_core.c ****           }          
 390:Middlewares/ST/STM32_USB_Device_Library/Core/Src/usbd_core.c ****           USBD_CtlReceiveStatus(pdev);
 391:Middlewares/ST/STM32_USB_Device_Library/Core/Src/usbd_core.c ****         }
 392:Middlewares/ST/STM32_USB_Device_Library/Core/Src/usbd_core.c ****       }
 393:Middlewares/ST/STM32_USB_Device_Library/Core/Src/usbd_core.c ****     }
 394:Middlewares/ST/STM32_USB_Device_Library/Core/Src/usbd_core.c ****     if (pdev->dev_test_mode == 1)
 540              		.loc 1 394 0
 541 0012 94F80032 		ldrb	r3, [r4, #512]	@ zero_extendqisi2
 542 0016 012B     		cmp	r3, #1
 543 0018 39D0     		beq	.L53
 544              	.LVL57:
 545              	.L50:
 395:Middlewares/ST/STM32_USB_Device_Library/Core/Src/usbd_core.c ****     {
 396:Middlewares/ST/STM32_USB_Device_Library/Core/Src/usbd_core.c ****       USBD_RunTestMode(pdev); 
 397:Middlewares/ST/STM32_USB_Device_Library/Core/Src/usbd_core.c ****       pdev->dev_test_mode = 0;
 398:Middlewares/ST/STM32_USB_Device_Library/Core/Src/usbd_core.c ****     }
 399:Middlewares/ST/STM32_USB_Device_Library/Core/Src/usbd_core.c ****   }
 400:Middlewares/ST/STM32_USB_Device_Library/Core/Src/usbd_core.c ****   else if((pdev->pClass->DataIn != NULL)&& 
 401:Middlewares/ST/STM32_USB_Device_Library/Core/Src/usbd_core.c ****           (pdev->dev_state == USBD_STATE_CONFIGURED))
 402:Middlewares/ST/STM32_USB_Device_Library/Core/Src/usbd_core.c ****   {
 403:Middlewares/ST/STM32_USB_Device_Library/Core/Src/usbd_core.c ****     pdev->pClass->DataIn(pdev, epnum); 
 404:Middlewares/ST/STM32_USB_Device_Library/Core/Src/usbd_core.c ****   }  
 405:Middlewares/ST/STM32_USB_Device_Library/Core/Src/usbd_core.c ****   return USBD_OK;
 406:Middlewares/ST/STM32_USB_Device_Library/Core/Src/usbd_core.c **** }
 546              		.loc 1 406 0
 547 001a 0020     		movs	r0, #0
 548 001c 10BD     		pop	{r4, pc}
 549              	.LVL58:
 550              	.L52:
 353:Middlewares/ST/STM32_USB_Device_Library/Core/Src/usbd_core.c ****       {
 551              		.loc 1 353 0
 552 001e C169     		ldr	r1, [r0, #28]
 553              	.LVL59:
 554 0020 026A     		ldr	r2, [r0, #32]
 555 0022 9142     		cmp	r1, r2
 556 0024 19D8     		bhi	.L54
 369:Middlewares/ST/STM32_USB_Device_Library/Core/Src/usbd_core.c ****            (pep->total_length >= pep->maxpacket) &&
 557              		.loc 1 369 0
 558 0026 8169     		ldr	r1, [r0, #24]
 559 0028 B1FBF2F3 		udiv	r3, r1, r2
 560              	.LVL60:
 561 002c 02FB1313 		mls	r3, r2, r3, r1
ARM GAS  C:\Users\Patrick\AppData\Local\Temp\ccXUwsHy.s 			page 18


 562 0030 2BB9     		cbnz	r3, .L48
 369:Middlewares/ST/STM32_USB_Device_Library/Core/Src/usbd_core.c ****            (pep->total_length >= pep->maxpacket) &&
 563              		.loc 1 369 0 is_stmt 0 discriminator 1
 564 0032 8A42     		cmp	r2, r1
 565 0034 03D8     		bhi	.L48
 371:Middlewares/ST/STM32_USB_Device_Library/Core/Src/usbd_core.c ****         {
 566              		.loc 1 371 0 is_stmt 1
 567 0036 D0F8F831 		ldr	r3, [r0, #504]
 370:Middlewares/ST/STM32_USB_Device_Library/Core/Src/usbd_core.c ****              (pep->total_length < pdev->ep0_data_len ))
 568              		.loc 1 370 0
 569 003a 9942     		cmp	r1, r3
 570 003c 1AD3     		bcc	.L55
 571              	.L48:
 385:Middlewares/ST/STM32_USB_Device_Library/Core/Src/usbd_core.c ****              (pdev->dev_state == USBD_STATE_CONFIGURED))
 572              		.loc 1 385 0
 573 003e D4F81432 		ldr	r3, [r4, #532]
 574 0042 DB68     		ldr	r3, [r3, #12]
 575 0044 2BB1     		cbz	r3, .L49
 386:Middlewares/ST/STM32_USB_Device_Library/Core/Src/usbd_core.c ****           {
 576              		.loc 1 386 0 discriminator 1
 577 0046 94F8FC21 		ldrb	r2, [r4, #508]	@ zero_extendqisi2
 385:Middlewares/ST/STM32_USB_Device_Library/Core/Src/usbd_core.c ****              (pdev->dev_state == USBD_STATE_CONFIGURED))
 578              		.loc 1 385 0 discriminator 1
 579 004a 032A     		cmp	r2, #3
 580 004c 01D1     		bne	.L49
 388:Middlewares/ST/STM32_USB_Device_Library/Core/Src/usbd_core.c ****           }          
 581              		.loc 1 388 0
 582 004e 2046     		mov	r0, r4
 583              	.LVL61:
 584 0050 9847     		blx	r3
 585              	.LVL62:
 586              	.L49:
 390:Middlewares/ST/STM32_USB_Device_Library/Core/Src/usbd_core.c ****         }
 587              		.loc 1 390 0
 588 0052 2046     		mov	r0, r4
 589 0054 FFF7FEFF 		bl	USBD_CtlReceiveStatus
 590              	.LVL63:
 591 0058 DBE7     		b	.L46
 592              	.LVL64:
 593              	.L54:
 355:Middlewares/ST/STM32_USB_Device_Library/Core/Src/usbd_core.c ****         
 594              		.loc 1 355 0
 595 005a 8A1A     		subs	r2, r1, r2
 596 005c C261     		str	r2, [r0, #28]
 357:Middlewares/ST/STM32_USB_Device_Library/Core/Src/usbd_core.c ****                                   pdata, 
 597              		.loc 1 357 0
 598 005e 92B2     		uxth	r2, r2
 599 0060 1946     		mov	r1, r3
 600 0062 FFF7FEFF 		bl	USBD_CtlContinueSendData
 601              	.LVL65:
 362:Middlewares/ST/STM32_USB_Device_Library/Core/Src/usbd_core.c ****                                 0,
 602              		.loc 1 362 0
 603 0066 0023     		movs	r3, #0
 604 0068 1A46     		mov	r2, r3
 605 006a 1946     		mov	r1, r3
 606 006c 2046     		mov	r0, r4
 607 006e FFF7FEFF 		bl	USBD_LL_PrepareReceive
ARM GAS  C:\Users\Patrick\AppData\Local\Temp\ccXUwsHy.s 			page 19


 608              	.LVL66:
 609 0072 CEE7     		b	.L46
 610              	.LVL67:
 611              	.L55:
 374:Middlewares/ST/STM32_USB_Device_Library/Core/Src/usbd_core.c ****           pdev->ep0_data_len = 0;
 612              		.loc 1 374 0
 613 0074 0022     		movs	r2, #0
 614 0076 1146     		mov	r1, r2
 615 0078 FFF7FEFF 		bl	USBD_CtlContinueSendData
 616              	.LVL68:
 375:Middlewares/ST/STM32_USB_Device_Library/Core/Src/usbd_core.c ****           
 617              		.loc 1 375 0
 618 007c 0021     		movs	r1, #0
 619 007e C4F8F811 		str	r1, [r4, #504]
 378:Middlewares/ST/STM32_USB_Device_Library/Core/Src/usbd_core.c ****                                 0,
 620              		.loc 1 378 0
 621 0082 0B46     		mov	r3, r1
 622 0084 0A46     		mov	r2, r1
 623 0086 2046     		mov	r0, r4
 624 0088 FFF7FEFF 		bl	USBD_LL_PrepareReceive
 625              	.LVL69:
 626 008c C1E7     		b	.L46
 627              	.L53:
 397:Middlewares/ST/STM32_USB_Device_Library/Core/Src/usbd_core.c ****     }
 628              		.loc 1 397 0
 629 008e 0023     		movs	r3, #0
 630 0090 84F80032 		strb	r3, [r4, #512]
 631 0094 C1E7     		b	.L50
 632              	.LVL70:
 633              	.L45:
 634 0096 0A46     		mov	r2, r1
 635              	.LVL71:
 400:Middlewares/ST/STM32_USB_Device_Library/Core/Src/usbd_core.c ****           (pdev->dev_state == USBD_STATE_CONFIGURED))
 636              		.loc 1 400 0
 637 0098 D0F81432 		ldr	r3, [r0, #532]
 638 009c 5B69     		ldr	r3, [r3, #20]
 639 009e 002B     		cmp	r3, #0
 640 00a0 BBD0     		beq	.L50
 401:Middlewares/ST/STM32_USB_Device_Library/Core/Src/usbd_core.c ****   {
 641              		.loc 1 401 0 discriminator 1
 642 00a2 90F8FC11 		ldrb	r1, [r0, #508]	@ zero_extendqisi2
 643              	.LVL72:
 400:Middlewares/ST/STM32_USB_Device_Library/Core/Src/usbd_core.c ****           (pdev->dev_state == USBD_STATE_CONFIGURED))
 644              		.loc 1 400 0 discriminator 1
 645 00a6 0329     		cmp	r1, #3
 646 00a8 B7D1     		bne	.L50
 403:Middlewares/ST/STM32_USB_Device_Library/Core/Src/usbd_core.c ****   }  
 647              		.loc 1 403 0
 648 00aa 1146     		mov	r1, r2
 649 00ac 9847     		blx	r3
 650              	.LVL73:
 651 00ae B4E7     		b	.L50
 652              		.cfi_endproc
 653              	.LFE76:
 655              		.section	.text.USBD_LL_Reset,"ax",%progbits
 656              		.align	1
 657              		.global	USBD_LL_Reset
ARM GAS  C:\Users\Patrick\AppData\Local\Temp\ccXUwsHy.s 			page 20


 658              		.syntax unified
 659              		.thumb
 660              		.thumb_func
 661              		.fpu softvfp
 663              	USBD_LL_Reset:
 664              	.LFB77:
 407:Middlewares/ST/STM32_USB_Device_Library/Core/Src/usbd_core.c **** 
 408:Middlewares/ST/STM32_USB_Device_Library/Core/Src/usbd_core.c **** /**
 409:Middlewares/ST/STM32_USB_Device_Library/Core/Src/usbd_core.c **** * @brief  USBD_LL_Reset 
 410:Middlewares/ST/STM32_USB_Device_Library/Core/Src/usbd_core.c **** *         Handle Reset event
 411:Middlewares/ST/STM32_USB_Device_Library/Core/Src/usbd_core.c **** * @param  pdev: device instance
 412:Middlewares/ST/STM32_USB_Device_Library/Core/Src/usbd_core.c **** * @retval status
 413:Middlewares/ST/STM32_USB_Device_Library/Core/Src/usbd_core.c **** */
 414:Middlewares/ST/STM32_USB_Device_Library/Core/Src/usbd_core.c **** 
 415:Middlewares/ST/STM32_USB_Device_Library/Core/Src/usbd_core.c **** USBD_StatusTypeDef USBD_LL_Reset(USBD_HandleTypeDef  *pdev)
 416:Middlewares/ST/STM32_USB_Device_Library/Core/Src/usbd_core.c **** {
 665              		.loc 1 416 0
 666              		.cfi_startproc
 667              		@ args = 0, pretend = 0, frame = 0
 668              		@ frame_needed = 0, uses_anonymous_args = 0
 669              	.LVL74:
 670 0000 38B5     		push	{r3, r4, r5, lr}
 671              	.LCFI10:
 672              		.cfi_def_cfa_offset 16
 673              		.cfi_offset 3, -16
 674              		.cfi_offset 4, -12
 675              		.cfi_offset 5, -8
 676              		.cfi_offset 14, -4
 677 0002 0446     		mov	r4, r0
 417:Middlewares/ST/STM32_USB_Device_Library/Core/Src/usbd_core.c ****   /* Open EP0 OUT */
 418:Middlewares/ST/STM32_USB_Device_Library/Core/Src/usbd_core.c ****   USBD_LL_OpenEP(pdev,
 678              		.loc 1 418 0
 679 0004 4023     		movs	r3, #64
 680 0006 0022     		movs	r2, #0
 681 0008 1146     		mov	r1, r2
 682 000a FFF7FEFF 		bl	USBD_LL_OpenEP
 683              	.LVL75:
 419:Middlewares/ST/STM32_USB_Device_Library/Core/Src/usbd_core.c ****               0x00,
 420:Middlewares/ST/STM32_USB_Device_Library/Core/Src/usbd_core.c ****               USBD_EP_TYPE_CTRL,
 421:Middlewares/ST/STM32_USB_Device_Library/Core/Src/usbd_core.c ****               USB_MAX_EP0_SIZE);
 422:Middlewares/ST/STM32_USB_Device_Library/Core/Src/usbd_core.c ****   
 423:Middlewares/ST/STM32_USB_Device_Library/Core/Src/usbd_core.c ****   pdev->ep_out[0].maxpacket = USB_MAX_EP0_SIZE;
 684              		.loc 1 423 0
 685 000e 4025     		movs	r5, #64
 686 0010 C4F81051 		str	r5, [r4, #272]
 424:Middlewares/ST/STM32_USB_Device_Library/Core/Src/usbd_core.c ****   
 425:Middlewares/ST/STM32_USB_Device_Library/Core/Src/usbd_core.c ****   /* Open EP0 IN */
 426:Middlewares/ST/STM32_USB_Device_Library/Core/Src/usbd_core.c ****   USBD_LL_OpenEP(pdev,
 687              		.loc 1 426 0
 688 0014 2B46     		mov	r3, r5
 689 0016 0022     		movs	r2, #0
 690 0018 8021     		movs	r1, #128
 691 001a 2046     		mov	r0, r4
 692 001c FFF7FEFF 		bl	USBD_LL_OpenEP
 693              	.LVL76:
 427:Middlewares/ST/STM32_USB_Device_Library/Core/Src/usbd_core.c ****               0x80,
 428:Middlewares/ST/STM32_USB_Device_Library/Core/Src/usbd_core.c ****               USBD_EP_TYPE_CTRL,
ARM GAS  C:\Users\Patrick\AppData\Local\Temp\ccXUwsHy.s 			page 21


 429:Middlewares/ST/STM32_USB_Device_Library/Core/Src/usbd_core.c ****               USB_MAX_EP0_SIZE);
 430:Middlewares/ST/STM32_USB_Device_Library/Core/Src/usbd_core.c ****   
 431:Middlewares/ST/STM32_USB_Device_Library/Core/Src/usbd_core.c ****   pdev->ep_in[0].maxpacket = USB_MAX_EP0_SIZE;
 694              		.loc 1 431 0
 695 0020 2562     		str	r5, [r4, #32]
 432:Middlewares/ST/STM32_USB_Device_Library/Core/Src/usbd_core.c ****   /* Upon Reset call user call back */
 433:Middlewares/ST/STM32_USB_Device_Library/Core/Src/usbd_core.c ****   pdev->dev_state = USBD_STATE_DEFAULT;
 696              		.loc 1 433 0
 697 0022 0123     		movs	r3, #1
 698 0024 84F8FC31 		strb	r3, [r4, #508]
 434:Middlewares/ST/STM32_USB_Device_Library/Core/Src/usbd_core.c ****   
 435:Middlewares/ST/STM32_USB_Device_Library/Core/Src/usbd_core.c ****   if (pdev->pClassData) 
 699              		.loc 1 435 0
 700 0028 D4F81832 		ldr	r3, [r4, #536]
 701 002c 2BB1     		cbz	r3, .L57
 436:Middlewares/ST/STM32_USB_Device_Library/Core/Src/usbd_core.c ****     pdev->pClass->DeInit(pdev, pdev->dev_config);  
 702              		.loc 1 436 0
 703 002e D4F81432 		ldr	r3, [r4, #532]
 704 0032 5B68     		ldr	r3, [r3, #4]
 705 0034 2179     		ldrb	r1, [r4, #4]	@ zero_extendqisi2
 706 0036 2046     		mov	r0, r4
 707 0038 9847     		blx	r3
 708              	.LVL77:
 709              	.L57:
 437:Middlewares/ST/STM32_USB_Device_Library/Core/Src/usbd_core.c ****  
 438:Middlewares/ST/STM32_USB_Device_Library/Core/Src/usbd_core.c ****   
 439:Middlewares/ST/STM32_USB_Device_Library/Core/Src/usbd_core.c ****   return USBD_OK;
 440:Middlewares/ST/STM32_USB_Device_Library/Core/Src/usbd_core.c **** }
 710              		.loc 1 440 0
 711 003a 0020     		movs	r0, #0
 712 003c 38BD     		pop	{r3, r4, r5, pc}
 713              		.cfi_endproc
 714              	.LFE77:
 716              		.section	.text.USBD_LL_SetSpeed,"ax",%progbits
 717              		.align	1
 718              		.global	USBD_LL_SetSpeed
 719              		.syntax unified
 720              		.thumb
 721              		.thumb_func
 722              		.fpu softvfp
 724              	USBD_LL_SetSpeed:
 725              	.LFB78:
 441:Middlewares/ST/STM32_USB_Device_Library/Core/Src/usbd_core.c **** 
 442:Middlewares/ST/STM32_USB_Device_Library/Core/Src/usbd_core.c **** 
 443:Middlewares/ST/STM32_USB_Device_Library/Core/Src/usbd_core.c **** 
 444:Middlewares/ST/STM32_USB_Device_Library/Core/Src/usbd_core.c **** 
 445:Middlewares/ST/STM32_USB_Device_Library/Core/Src/usbd_core.c **** /**
 446:Middlewares/ST/STM32_USB_Device_Library/Core/Src/usbd_core.c **** * @brief  USBD_LL_Reset 
 447:Middlewares/ST/STM32_USB_Device_Library/Core/Src/usbd_core.c **** *         Handle Reset event
 448:Middlewares/ST/STM32_USB_Device_Library/Core/Src/usbd_core.c **** * @param  pdev: device instance
 449:Middlewares/ST/STM32_USB_Device_Library/Core/Src/usbd_core.c **** * @retval status
 450:Middlewares/ST/STM32_USB_Device_Library/Core/Src/usbd_core.c **** */
 451:Middlewares/ST/STM32_USB_Device_Library/Core/Src/usbd_core.c **** USBD_StatusTypeDef USBD_LL_SetSpeed(USBD_HandleTypeDef  *pdev, USBD_SpeedTypeDef speed)
 452:Middlewares/ST/STM32_USB_Device_Library/Core/Src/usbd_core.c **** {
 726              		.loc 1 452 0
 727              		.cfi_startproc
 728              		@ args = 0, pretend = 0, frame = 0
ARM GAS  C:\Users\Patrick\AppData\Local\Temp\ccXUwsHy.s 			page 22


 729              		@ frame_needed = 0, uses_anonymous_args = 0
 730              		@ link register save eliminated.
 731              	.LVL78:
 453:Middlewares/ST/STM32_USB_Device_Library/Core/Src/usbd_core.c ****   pdev->dev_speed = speed;
 732              		.loc 1 453 0
 733 0000 0174     		strb	r1, [r0, #16]
 454:Middlewares/ST/STM32_USB_Device_Library/Core/Src/usbd_core.c ****   return USBD_OK;
 455:Middlewares/ST/STM32_USB_Device_Library/Core/Src/usbd_core.c **** }
 734              		.loc 1 455 0
 735 0002 0020     		movs	r0, #0
 736              	.LVL79:
 737 0004 7047     		bx	lr
 738              		.cfi_endproc
 739              	.LFE78:
 741              		.section	.text.USBD_LL_Suspend,"ax",%progbits
 742              		.align	1
 743              		.global	USBD_LL_Suspend
 744              		.syntax unified
 745              		.thumb
 746              		.thumb_func
 747              		.fpu softvfp
 749              	USBD_LL_Suspend:
 750              	.LFB79:
 456:Middlewares/ST/STM32_USB_Device_Library/Core/Src/usbd_core.c **** 
 457:Middlewares/ST/STM32_USB_Device_Library/Core/Src/usbd_core.c **** /**
 458:Middlewares/ST/STM32_USB_Device_Library/Core/Src/usbd_core.c **** * @brief  USBD_Suspend 
 459:Middlewares/ST/STM32_USB_Device_Library/Core/Src/usbd_core.c **** *         Handle Suspend event
 460:Middlewares/ST/STM32_USB_Device_Library/Core/Src/usbd_core.c **** * @param  pdev: device instance
 461:Middlewares/ST/STM32_USB_Device_Library/Core/Src/usbd_core.c **** * @retval status
 462:Middlewares/ST/STM32_USB_Device_Library/Core/Src/usbd_core.c **** */
 463:Middlewares/ST/STM32_USB_Device_Library/Core/Src/usbd_core.c **** 
 464:Middlewares/ST/STM32_USB_Device_Library/Core/Src/usbd_core.c **** USBD_StatusTypeDef USBD_LL_Suspend(USBD_HandleTypeDef  *pdev)
 465:Middlewares/ST/STM32_USB_Device_Library/Core/Src/usbd_core.c **** {
 751              		.loc 1 465 0
 752              		.cfi_startproc
 753              		@ args = 0, pretend = 0, frame = 0
 754              		@ frame_needed = 0, uses_anonymous_args = 0
 755              		@ link register save eliminated.
 756              	.LVL80:
 466:Middlewares/ST/STM32_USB_Device_Library/Core/Src/usbd_core.c ****   pdev->dev_old_state =  pdev->dev_state;
 757              		.loc 1 466 0
 758 0000 90F8FC31 		ldrb	r3, [r0, #508]	@ zero_extendqisi2
 759 0004 80F8FD31 		strb	r3, [r0, #509]
 467:Middlewares/ST/STM32_USB_Device_Library/Core/Src/usbd_core.c ****   pdev->dev_state  = USBD_STATE_SUSPENDED;
 760              		.loc 1 467 0
 761 0008 0423     		movs	r3, #4
 762 000a 80F8FC31 		strb	r3, [r0, #508]
 468:Middlewares/ST/STM32_USB_Device_Library/Core/Src/usbd_core.c ****   return USBD_OK;
 469:Middlewares/ST/STM32_USB_Device_Library/Core/Src/usbd_core.c **** }
 763              		.loc 1 469 0
 764 000e 0020     		movs	r0, #0
 765              	.LVL81:
 766 0010 7047     		bx	lr
 767              		.cfi_endproc
 768              	.LFE79:
 770              		.section	.text.USBD_LL_Resume,"ax",%progbits
 771              		.align	1
ARM GAS  C:\Users\Patrick\AppData\Local\Temp\ccXUwsHy.s 			page 23


 772              		.global	USBD_LL_Resume
 773              		.syntax unified
 774              		.thumb
 775              		.thumb_func
 776              		.fpu softvfp
 778              	USBD_LL_Resume:
 779              	.LFB80:
 470:Middlewares/ST/STM32_USB_Device_Library/Core/Src/usbd_core.c **** 
 471:Middlewares/ST/STM32_USB_Device_Library/Core/Src/usbd_core.c **** /**
 472:Middlewares/ST/STM32_USB_Device_Library/Core/Src/usbd_core.c **** * @brief  USBD_Resume 
 473:Middlewares/ST/STM32_USB_Device_Library/Core/Src/usbd_core.c **** *         Handle Resume event
 474:Middlewares/ST/STM32_USB_Device_Library/Core/Src/usbd_core.c **** * @param  pdev: device instance
 475:Middlewares/ST/STM32_USB_Device_Library/Core/Src/usbd_core.c **** * @retval status
 476:Middlewares/ST/STM32_USB_Device_Library/Core/Src/usbd_core.c **** */
 477:Middlewares/ST/STM32_USB_Device_Library/Core/Src/usbd_core.c **** 
 478:Middlewares/ST/STM32_USB_Device_Library/Core/Src/usbd_core.c **** USBD_StatusTypeDef USBD_LL_Resume(USBD_HandleTypeDef  *pdev)
 479:Middlewares/ST/STM32_USB_Device_Library/Core/Src/usbd_core.c **** {
 780              		.loc 1 479 0
 781              		.cfi_startproc
 782              		@ args = 0, pretend = 0, frame = 0
 783              		@ frame_needed = 0, uses_anonymous_args = 0
 784              		@ link register save eliminated.
 785              	.LVL82:
 480:Middlewares/ST/STM32_USB_Device_Library/Core/Src/usbd_core.c ****   pdev->dev_state = pdev->dev_old_state;  
 786              		.loc 1 480 0
 787 0000 90F8FD31 		ldrb	r3, [r0, #509]	@ zero_extendqisi2
 788 0004 80F8FC31 		strb	r3, [r0, #508]
 481:Middlewares/ST/STM32_USB_Device_Library/Core/Src/usbd_core.c ****   return USBD_OK;
 482:Middlewares/ST/STM32_USB_Device_Library/Core/Src/usbd_core.c **** }
 789              		.loc 1 482 0
 790 0008 0020     		movs	r0, #0
 791              	.LVL83:
 792 000a 7047     		bx	lr
 793              		.cfi_endproc
 794              	.LFE80:
 796              		.section	.text.USBD_LL_SOF,"ax",%progbits
 797              		.align	1
 798              		.global	USBD_LL_SOF
 799              		.syntax unified
 800              		.thumb
 801              		.thumb_func
 802              		.fpu softvfp
 804              	USBD_LL_SOF:
 805              	.LFB81:
 483:Middlewares/ST/STM32_USB_Device_Library/Core/Src/usbd_core.c **** 
 484:Middlewares/ST/STM32_USB_Device_Library/Core/Src/usbd_core.c **** /**
 485:Middlewares/ST/STM32_USB_Device_Library/Core/Src/usbd_core.c **** * @brief  USBD_SOF 
 486:Middlewares/ST/STM32_USB_Device_Library/Core/Src/usbd_core.c **** *         Handle SOF event
 487:Middlewares/ST/STM32_USB_Device_Library/Core/Src/usbd_core.c **** * @param  pdev: device instance
 488:Middlewares/ST/STM32_USB_Device_Library/Core/Src/usbd_core.c **** * @retval status
 489:Middlewares/ST/STM32_USB_Device_Library/Core/Src/usbd_core.c **** */
 490:Middlewares/ST/STM32_USB_Device_Library/Core/Src/usbd_core.c **** 
 491:Middlewares/ST/STM32_USB_Device_Library/Core/Src/usbd_core.c **** USBD_StatusTypeDef USBD_LL_SOF(USBD_HandleTypeDef  *pdev)
 492:Middlewares/ST/STM32_USB_Device_Library/Core/Src/usbd_core.c **** {
 806              		.loc 1 492 0
 807              		.cfi_startproc
 808              		@ args = 0, pretend = 0, frame = 0
ARM GAS  C:\Users\Patrick\AppData\Local\Temp\ccXUwsHy.s 			page 24


 809              		@ frame_needed = 0, uses_anonymous_args = 0
 810              	.LVL84:
 811 0000 08B5     		push	{r3, lr}
 812              	.LCFI11:
 813              		.cfi_def_cfa_offset 8
 814              		.cfi_offset 3, -8
 815              		.cfi_offset 14, -4
 493:Middlewares/ST/STM32_USB_Device_Library/Core/Src/usbd_core.c ****   if(pdev->dev_state == USBD_STATE_CONFIGURED)
 816              		.loc 1 493 0
 817 0002 90F8FC31 		ldrb	r3, [r0, #508]	@ zero_extendqisi2
 818 0006 032B     		cmp	r3, #3
 819 0008 01D0     		beq	.L65
 820              	.LVL85:
 821              	.L63:
 494:Middlewares/ST/STM32_USB_Device_Library/Core/Src/usbd_core.c ****   {
 495:Middlewares/ST/STM32_USB_Device_Library/Core/Src/usbd_core.c ****     if(pdev->pClass->SOF != NULL)
 496:Middlewares/ST/STM32_USB_Device_Library/Core/Src/usbd_core.c ****     {
 497:Middlewares/ST/STM32_USB_Device_Library/Core/Src/usbd_core.c ****       pdev->pClass->SOF(pdev);
 498:Middlewares/ST/STM32_USB_Device_Library/Core/Src/usbd_core.c ****     }
 499:Middlewares/ST/STM32_USB_Device_Library/Core/Src/usbd_core.c ****   }
 500:Middlewares/ST/STM32_USB_Device_Library/Core/Src/usbd_core.c ****   return USBD_OK;
 501:Middlewares/ST/STM32_USB_Device_Library/Core/Src/usbd_core.c **** }
 822              		.loc 1 501 0
 823 000a 0020     		movs	r0, #0
 824 000c 08BD     		pop	{r3, pc}
 825              	.LVL86:
 826              	.L65:
 495:Middlewares/ST/STM32_USB_Device_Library/Core/Src/usbd_core.c ****     {
 827              		.loc 1 495 0
 828 000e D0F81432 		ldr	r3, [r0, #532]
 829 0012 DB69     		ldr	r3, [r3, #28]
 830 0014 002B     		cmp	r3, #0
 831 0016 F8D0     		beq	.L63
 497:Middlewares/ST/STM32_USB_Device_Library/Core/Src/usbd_core.c ****     }
 832              		.loc 1 497 0
 833 0018 9847     		blx	r3
 834              	.LVL87:
 835 001a F6E7     		b	.L63
 836              		.cfi_endproc
 837              	.LFE81:
 839              		.section	.text.USBD_LL_IsoINIncomplete,"ax",%progbits
 840              		.align	1
 841              		.global	USBD_LL_IsoINIncomplete
 842              		.syntax unified
 843              		.thumb
 844              		.thumb_func
 845              		.fpu softvfp
 847              	USBD_LL_IsoINIncomplete:
 848              	.LFB82:
 502:Middlewares/ST/STM32_USB_Device_Library/Core/Src/usbd_core.c **** 
 503:Middlewares/ST/STM32_USB_Device_Library/Core/Src/usbd_core.c **** /**
 504:Middlewares/ST/STM32_USB_Device_Library/Core/Src/usbd_core.c **** * @brief  USBD_IsoINIncomplete 
 505:Middlewares/ST/STM32_USB_Device_Library/Core/Src/usbd_core.c **** *         Handle iso in incomplete event
 506:Middlewares/ST/STM32_USB_Device_Library/Core/Src/usbd_core.c **** * @param  pdev: device instance
 507:Middlewares/ST/STM32_USB_Device_Library/Core/Src/usbd_core.c **** * @retval status
 508:Middlewares/ST/STM32_USB_Device_Library/Core/Src/usbd_core.c **** */
 509:Middlewares/ST/STM32_USB_Device_Library/Core/Src/usbd_core.c **** USBD_StatusTypeDef USBD_LL_IsoINIncomplete(USBD_HandleTypeDef  *pdev, uint8_t epnum)
ARM GAS  C:\Users\Patrick\AppData\Local\Temp\ccXUwsHy.s 			page 25


 510:Middlewares/ST/STM32_USB_Device_Library/Core/Src/usbd_core.c **** {
 849              		.loc 1 510 0
 850              		.cfi_startproc
 851              		@ args = 0, pretend = 0, frame = 0
 852              		@ frame_needed = 0, uses_anonymous_args = 0
 853              		@ link register save eliminated.
 854              	.LVL88:
 511:Middlewares/ST/STM32_USB_Device_Library/Core/Src/usbd_core.c ****   return USBD_OK;
 512:Middlewares/ST/STM32_USB_Device_Library/Core/Src/usbd_core.c **** }
 855              		.loc 1 512 0
 856 0000 0020     		movs	r0, #0
 857              	.LVL89:
 858 0002 7047     		bx	lr
 859              		.cfi_endproc
 860              	.LFE82:
 862              		.section	.text.USBD_LL_IsoOUTIncomplete,"ax",%progbits
 863              		.align	1
 864              		.global	USBD_LL_IsoOUTIncomplete
 865              		.syntax unified
 866              		.thumb
 867              		.thumb_func
 868              		.fpu softvfp
 870              	USBD_LL_IsoOUTIncomplete:
 871              	.LFB83:
 513:Middlewares/ST/STM32_USB_Device_Library/Core/Src/usbd_core.c **** 
 514:Middlewares/ST/STM32_USB_Device_Library/Core/Src/usbd_core.c **** /**
 515:Middlewares/ST/STM32_USB_Device_Library/Core/Src/usbd_core.c **** * @brief  USBD_IsoOUTIncomplete 
 516:Middlewares/ST/STM32_USB_Device_Library/Core/Src/usbd_core.c **** *         Handle iso out incomplete event
 517:Middlewares/ST/STM32_USB_Device_Library/Core/Src/usbd_core.c **** * @param  pdev: device instance
 518:Middlewares/ST/STM32_USB_Device_Library/Core/Src/usbd_core.c **** * @retval status
 519:Middlewares/ST/STM32_USB_Device_Library/Core/Src/usbd_core.c **** */
 520:Middlewares/ST/STM32_USB_Device_Library/Core/Src/usbd_core.c **** USBD_StatusTypeDef USBD_LL_IsoOUTIncomplete(USBD_HandleTypeDef  *pdev, uint8_t epnum)
 521:Middlewares/ST/STM32_USB_Device_Library/Core/Src/usbd_core.c **** {
 872              		.loc 1 521 0
 873              		.cfi_startproc
 874              		@ args = 0, pretend = 0, frame = 0
 875              		@ frame_needed = 0, uses_anonymous_args = 0
 876              		@ link register save eliminated.
 877              	.LVL90:
 522:Middlewares/ST/STM32_USB_Device_Library/Core/Src/usbd_core.c ****   return USBD_OK;
 523:Middlewares/ST/STM32_USB_Device_Library/Core/Src/usbd_core.c **** }
 878              		.loc 1 523 0
 879 0000 0020     		movs	r0, #0
 880              	.LVL91:
 881 0002 7047     		bx	lr
 882              		.cfi_endproc
 883              	.LFE83:
 885              		.section	.text.USBD_LL_DevConnected,"ax",%progbits
 886              		.align	1
 887              		.global	USBD_LL_DevConnected
 888              		.syntax unified
 889              		.thumb
 890              		.thumb_func
 891              		.fpu softvfp
 893              	USBD_LL_DevConnected:
 894              	.LFB84:
 524:Middlewares/ST/STM32_USB_Device_Library/Core/Src/usbd_core.c **** 
ARM GAS  C:\Users\Patrick\AppData\Local\Temp\ccXUwsHy.s 			page 26


 525:Middlewares/ST/STM32_USB_Device_Library/Core/Src/usbd_core.c **** /**
 526:Middlewares/ST/STM32_USB_Device_Library/Core/Src/usbd_core.c **** * @brief  USBD_DevConnected 
 527:Middlewares/ST/STM32_USB_Device_Library/Core/Src/usbd_core.c **** *         Handle device connection event
 528:Middlewares/ST/STM32_USB_Device_Library/Core/Src/usbd_core.c **** * @param  pdev: device instance
 529:Middlewares/ST/STM32_USB_Device_Library/Core/Src/usbd_core.c **** * @retval status
 530:Middlewares/ST/STM32_USB_Device_Library/Core/Src/usbd_core.c **** */
 531:Middlewares/ST/STM32_USB_Device_Library/Core/Src/usbd_core.c **** USBD_StatusTypeDef USBD_LL_DevConnected(USBD_HandleTypeDef  *pdev)
 532:Middlewares/ST/STM32_USB_Device_Library/Core/Src/usbd_core.c **** {
 895              		.loc 1 532 0
 896              		.cfi_startproc
 897              		@ args = 0, pretend = 0, frame = 0
 898              		@ frame_needed = 0, uses_anonymous_args = 0
 899              		@ link register save eliminated.
 900              	.LVL92:
 533:Middlewares/ST/STM32_USB_Device_Library/Core/Src/usbd_core.c ****   return USBD_OK;
 534:Middlewares/ST/STM32_USB_Device_Library/Core/Src/usbd_core.c **** }
 901              		.loc 1 534 0
 902 0000 0020     		movs	r0, #0
 903              	.LVL93:
 904 0002 7047     		bx	lr
 905              		.cfi_endproc
 906              	.LFE84:
 908              		.section	.text.USBD_LL_DevDisconnected,"ax",%progbits
 909              		.align	1
 910              		.global	USBD_LL_DevDisconnected
 911              		.syntax unified
 912              		.thumb
 913              		.thumb_func
 914              		.fpu softvfp
 916              	USBD_LL_DevDisconnected:
 917              	.LFB85:
 535:Middlewares/ST/STM32_USB_Device_Library/Core/Src/usbd_core.c **** 
 536:Middlewares/ST/STM32_USB_Device_Library/Core/Src/usbd_core.c **** /**
 537:Middlewares/ST/STM32_USB_Device_Library/Core/Src/usbd_core.c **** * @brief  USBD_DevDisconnected 
 538:Middlewares/ST/STM32_USB_Device_Library/Core/Src/usbd_core.c **** *         Handle device disconnection event
 539:Middlewares/ST/STM32_USB_Device_Library/Core/Src/usbd_core.c **** * @param  pdev: device instance
 540:Middlewares/ST/STM32_USB_Device_Library/Core/Src/usbd_core.c **** * @retval status
 541:Middlewares/ST/STM32_USB_Device_Library/Core/Src/usbd_core.c **** */
 542:Middlewares/ST/STM32_USB_Device_Library/Core/Src/usbd_core.c **** USBD_StatusTypeDef USBD_LL_DevDisconnected(USBD_HandleTypeDef  *pdev)
 543:Middlewares/ST/STM32_USB_Device_Library/Core/Src/usbd_core.c **** {
 918              		.loc 1 543 0
 919              		.cfi_startproc
 920              		@ args = 0, pretend = 0, frame = 0
 921              		@ frame_needed = 0, uses_anonymous_args = 0
 922              	.LVL94:
 923 0000 08B5     		push	{r3, lr}
 924              	.LCFI12:
 925              		.cfi_def_cfa_offset 8
 926              		.cfi_offset 3, -8
 927              		.cfi_offset 14, -4
 544:Middlewares/ST/STM32_USB_Device_Library/Core/Src/usbd_core.c ****   /* Free Class Resources */
 545:Middlewares/ST/STM32_USB_Device_Library/Core/Src/usbd_core.c ****   pdev->dev_state = USBD_STATE_DEFAULT;
 928              		.loc 1 545 0
 929 0002 0122     		movs	r2, #1
 930 0004 80F8FC21 		strb	r2, [r0, #508]
 546:Middlewares/ST/STM32_USB_Device_Library/Core/Src/usbd_core.c ****   pdev->pClass->DeInit(pdev, pdev->dev_config);  
 931              		.loc 1 546 0
ARM GAS  C:\Users\Patrick\AppData\Local\Temp\ccXUwsHy.s 			page 27


 932 0008 D0F81422 		ldr	r2, [r0, #532]
 933 000c 5268     		ldr	r2, [r2, #4]
 934 000e 0179     		ldrb	r1, [r0, #4]	@ zero_extendqisi2
 935 0010 9047     		blx	r2
 936              	.LVL95:
 547:Middlewares/ST/STM32_USB_Device_Library/Core/Src/usbd_core.c ****    
 548:Middlewares/ST/STM32_USB_Device_Library/Core/Src/usbd_core.c ****   return USBD_OK;
 549:Middlewares/ST/STM32_USB_Device_Library/Core/Src/usbd_core.c **** }
 937              		.loc 1 549 0
 938 0012 0020     		movs	r0, #0
 939 0014 08BD     		pop	{r3, pc}
 940              		.cfi_endproc
 941              	.LFE85:
 943              		.text
 944              	.Letext0:
 945              		.file 2 "c:\\program files (x86)\\embedded toolchain\\gnu tools arm embedded\\7 2017-q4-major\\arm
 946              		.file 3 "c:\\program files (x86)\\embedded toolchain\\gnu tools arm embedded\\7 2017-q4-major\\arm
 947              		.file 4 "c:\\program files (x86)\\embedded toolchain\\gnu tools arm embedded\\7 2017-q4-major\\arm
 948              		.file 5 "c:\\program files (x86)\\embedded toolchain\\gnu tools arm embedded\\7 2017-q4-major\\lib
 949              		.file 6 "c:\\program files (x86)\\embedded toolchain\\gnu tools arm embedded\\7 2017-q4-major\\arm
 950              		.file 7 "c:\\program files (x86)\\embedded toolchain\\gnu tools arm embedded\\7 2017-q4-major\\arm
 951              		.file 8 "c:\\program files (x86)\\embedded toolchain\\gnu tools arm embedded\\7 2017-q4-major\\arm
 952              		.file 9 "Drivers/CMSIS/Include/core_cm3.h"
 953              		.file 10 "Drivers/CMSIS/Device/ST/STM32F1xx/Include/system_stm32f1xx.h"
 954              		.file 11 "Drivers/STM32F1xx_HAL_Driver/Inc/stm32f1xx_hal.h"
 955              		.file 12 "Middlewares/ST/STM32_USB_Device_Library/Core/Inc/usbd_def.h"
 956              		.file 13 "Middlewares/ST/STM32_USB_Device_Library/Core/Inc/usbd_core.h"
 957              		.file 14 "Middlewares/ST/STM32_USB_Device_Library/Core/Inc/usbd_ioreq.h"
 958              		.file 15 "Middlewares/ST/STM32_USB_Device_Library/Core/Inc/usbd_ctlreq.h"
ARM GAS  C:\Users\Patrick\AppData\Local\Temp\ccXUwsHy.s 			page 28


DEFINED SYMBOLS
                            *ABS*:00000000 usbd_core.c
C:\Users\Patrick\AppData\Local\Temp\ccXUwsHy.s:16     .text.USBD_Init:00000000 $t
C:\Users\Patrick\AppData\Local\Temp\ccXUwsHy.s:23     .text.USBD_Init:00000000 USBD_Init
C:\Users\Patrick\AppData\Local\Temp\ccXUwsHy.s:82     .text.USBD_DeInit:00000000 $t
C:\Users\Patrick\AppData\Local\Temp\ccXUwsHy.s:89     .text.USBD_DeInit:00000000 USBD_DeInit
C:\Users\Patrick\AppData\Local\Temp\ccXUwsHy.s:126    .text.USBD_RegisterClass:00000000 $t
C:\Users\Patrick\AppData\Local\Temp\ccXUwsHy.s:133    .text.USBD_RegisterClass:00000000 USBD_RegisterClass
C:\Users\Patrick\AppData\Local\Temp\ccXUwsHy.s:160    .text.USBD_Start:00000000 $t
C:\Users\Patrick\AppData\Local\Temp\ccXUwsHy.s:167    .text.USBD_Start:00000000 USBD_Start
C:\Users\Patrick\AppData\Local\Temp\ccXUwsHy.s:189    .text.USBD_Stop:00000000 $t
C:\Users\Patrick\AppData\Local\Temp\ccXUwsHy.s:196    .text.USBD_Stop:00000000 USBD_Stop
C:\Users\Patrick\AppData\Local\Temp\ccXUwsHy.s:226    .text.USBD_RunTestMode:00000000 $t
C:\Users\Patrick\AppData\Local\Temp\ccXUwsHy.s:233    .text.USBD_RunTestMode:00000000 USBD_RunTestMode
C:\Users\Patrick\AppData\Local\Temp\ccXUwsHy.s:249    .text.USBD_SetClassConfig:00000000 $t
C:\Users\Patrick\AppData\Local\Temp\ccXUwsHy.s:256    .text.USBD_SetClassConfig:00000000 USBD_SetClassConfig
C:\Users\Patrick\AppData\Local\Temp\ccXUwsHy.s:297    .text.USBD_ClrClassConfig:00000000 $t
C:\Users\Patrick\AppData\Local\Temp\ccXUwsHy.s:304    .text.USBD_ClrClassConfig:00000000 USBD_ClrClassConfig
C:\Users\Patrick\AppData\Local\Temp\ccXUwsHy.s:328    .text.USBD_LL_SetupStage:00000000 $t
C:\Users\Patrick\AppData\Local\Temp\ccXUwsHy.s:335    .text.USBD_LL_SetupStage:00000000 USBD_LL_SetupStage
C:\Users\Patrick\AppData\Local\Temp\ccXUwsHy.s:408    .text.USBD_LL_DataOutStage:00000000 $t
C:\Users\Patrick\AppData\Local\Temp\ccXUwsHy.s:415    .text.USBD_LL_DataOutStage:00000000 USBD_LL_DataOutStage
C:\Users\Patrick\AppData\Local\Temp\ccXUwsHy.s:508    .text.USBD_LL_DataInStage:00000000 $t
C:\Users\Patrick\AppData\Local\Temp\ccXUwsHy.s:515    .text.USBD_LL_DataInStage:00000000 USBD_LL_DataInStage
C:\Users\Patrick\AppData\Local\Temp\ccXUwsHy.s:656    .text.USBD_LL_Reset:00000000 $t
C:\Users\Patrick\AppData\Local\Temp\ccXUwsHy.s:663    .text.USBD_LL_Reset:00000000 USBD_LL_Reset
C:\Users\Patrick\AppData\Local\Temp\ccXUwsHy.s:717    .text.USBD_LL_SetSpeed:00000000 $t
C:\Users\Patrick\AppData\Local\Temp\ccXUwsHy.s:724    .text.USBD_LL_SetSpeed:00000000 USBD_LL_SetSpeed
C:\Users\Patrick\AppData\Local\Temp\ccXUwsHy.s:742    .text.USBD_LL_Suspend:00000000 $t
C:\Users\Patrick\AppData\Local\Temp\ccXUwsHy.s:749    .text.USBD_LL_Suspend:00000000 USBD_LL_Suspend
C:\Users\Patrick\AppData\Local\Temp\ccXUwsHy.s:771    .text.USBD_LL_Resume:00000000 $t
C:\Users\Patrick\AppData\Local\Temp\ccXUwsHy.s:778    .text.USBD_LL_Resume:00000000 USBD_LL_Resume
C:\Users\Patrick\AppData\Local\Temp\ccXUwsHy.s:797    .text.USBD_LL_SOF:00000000 $t
C:\Users\Patrick\AppData\Local\Temp\ccXUwsHy.s:804    .text.USBD_LL_SOF:00000000 USBD_LL_SOF
C:\Users\Patrick\AppData\Local\Temp\ccXUwsHy.s:840    .text.USBD_LL_IsoINIncomplete:00000000 $t
C:\Users\Patrick\AppData\Local\Temp\ccXUwsHy.s:847    .text.USBD_LL_IsoINIncomplete:00000000 USBD_LL_IsoINIncomplete
C:\Users\Patrick\AppData\Local\Temp\ccXUwsHy.s:863    .text.USBD_LL_IsoOUTIncomplete:00000000 $t
C:\Users\Patrick\AppData\Local\Temp\ccXUwsHy.s:870    .text.USBD_LL_IsoOUTIncomplete:00000000 USBD_LL_IsoOUTIncomplete
C:\Users\Patrick\AppData\Local\Temp\ccXUwsHy.s:886    .text.USBD_LL_DevConnected:00000000 $t
C:\Users\Patrick\AppData\Local\Temp\ccXUwsHy.s:893    .text.USBD_LL_DevConnected:00000000 USBD_LL_DevConnected
C:\Users\Patrick\AppData\Local\Temp\ccXUwsHy.s:909    .text.USBD_LL_DevDisconnected:00000000 $t
C:\Users\Patrick\AppData\Local\Temp\ccXUwsHy.s:916    .text.USBD_LL_DevDisconnected:00000000 USBD_LL_DevDisconnected

UNDEFINED SYMBOLS
USBD_LL_Init
USBD_LL_Stop
USBD_LL_DeInit
USBD_LL_Start
USBD_ParseSetupRequest
USBD_LL_StallEP
USBD_StdDevReq
USBD_StdItfReq
USBD_StdEPReq
USBD_CtlSendStatus
USBD_CtlContinueRx
USBD_CtlReceiveStatus
USBD_CtlContinueSendData
ARM GAS  C:\Users\Patrick\AppData\Local\Temp\ccXUwsHy.s 			page 29


USBD_LL_PrepareReceive
USBD_LL_OpenEP
